RUN	scala.simulations.Browser.GetDataSimulation	getdatasimulation	1686924468851	 	3.3.1
USER	Get Data Scenario	1	START	1686924470281	1686924470281
USER	Get Data Scenario	2	START	1686924470398	1686924470398
USER	Get Data Scenario	3	START	1686924470491	1686924470491
USER	Get Data Scenario	4	START	1686924470598	1686924470598
USER	Get Data Scenario	5	START	1686924470691	1686924470691
USER	Get Data Scenario	6	START	1686924470799	1686924470799
USER	Get Data Scenario	7	START	1686924470892	1686924470892
REQUEST	3		Get Data	1686924470491	1686924470944	OK	 
USER	Get Data Scenario	8	START	1686924471001	1686924471001
REQUEST	4		Get Data	1686924470599	1686924471033	OK	 
REQUEST	5		Get Data	1686924470693	1686924471049	OK	 
USER	Get Data Scenario	9	START	1686924471093	1686924471093
USER	Get Data Scenario	10	START	1686924471191	1686924471191
REQUEST	3		Get Data	1686924471980	1686924472170	OK	 
REQUEST	5		Get Data	1686924472058	1686924472172	OK	 
REQUEST	4		Get Data	1686924472058	1686924472189	OK	 
REQUEST	8		Get Data	1686924471002	1686924472454	OK	 
REQUEST	2		Get Data	1686924470400	1686924472469	OK	 
REQUEST	6		Get Data	1686924470800	1686924472478	OK	 
REQUEST	9		Get Data	1686924471095	1686924472479	OK	 
REQUEST	7		Get Data	1686924470893	1686924472498	OK	 
REQUEST	10		Get Data	1686924471192	1686924472499	OK	 
REQUEST	1		Get Data	1686924470309	1686924472529	OK	 
REQUEST	3		Get Data	1686924473161	1686924473276	OK	 
REQUEST	5		Get Data	1686924473191	1686924473301	OK	 
REQUEST	4		Get Data	1686924473190	1686924473301	OK	 
REQUEST	9		Get Data	1686924473483	1686924473607	OK	 
REQUEST	2		Get Data	1686924473483	1686924473629	OK	 
REQUEST	1		Get Data	1686924473544	1686924473669	OK	 
REQUEST	6		Get Data	1686924473483	1686924473685	OK	 
REQUEST	7		Get Data	1686924473514	1686924473694	OK	 
REQUEST	10		Get Data	1686924473514	1686924473756	OK	 
REQUEST	8		Get Data	1686924473472	1686924473850	OK	 
REQUEST	3		Get Data	1686924474277	1686924474436	OK	 
REQUEST	5		Get Data	1686924474309	1686924474486	OK	 
REQUEST	4		Get Data	1686924474308	1686924474487	OK	 
REQUEST	2		Get Data	1686924474631	1686924474742	OK	 
REQUEST	9		Get Data	1686924474615	1686924474743	OK	 
REQUEST	1		Get Data	1686924474662	1686924474768	OK	 
REQUEST	6		Get Data	1686924474708	1686924474871	OK	 
REQUEST	10		Get Data	1686924474770	1686924474885	OK	 
REQUEST	8		Get Data	1686924474852	1686924474960	OK	 
REQUEST	3		Get Data	1686924475433	1686924475560	OK	 
REQUEST	5		Get Data	1686924475480	1686924475579	OK	 
REQUEST	4		Get Data	1686924475480	1686924475587	OK	 
REQUEST	2		Get Data	1686924475755	1686924475866	OK	 
REQUEST	1		Get Data	1686924475772	1686924475879	OK	 
REQUEST	6		Get Data	1686924475862	1686924475978	OK	 
REQUEST	10		Get Data	1686924475881	1686924475983	OK	 
REQUEST	9		Get Data	1686924475756	1686924476092	OK	 
REQUEST	8		Get Data	1686924475971	1686924476098	OK	 
REQUEST	3		Get Data	1686924476562	1686924476719	OK	 
REQUEST	5		Get Data	1686924476577	1686924476719	OK	 
REQUEST	4		Get Data	1686924476577	1686924476719	OK	 
REQUEST	1		Get Data	1686924476871	1686924476997	OK	 
REQUEST	2		Get Data	1686924476855	1686924477049	OK	 
REQUEST	6		Get Data	1686924476981	1686924477096	OK	 
REQUEST	10		Get Data	1686924476980	1686924477097	OK	 
REQUEST	9		Get Data	1686924477089	1686924477202	OK	 
REQUEST	8		Get Data	1686924477091	1686924477229	OK	 
REQUEST	5		Get Data	1686924477711	1686924477819	OK	 
REQUEST	3		Get Data	1686924477712	1686924477834	OK	 
REQUEST	4		Get Data	1686924477724	1686924478104	OK	 
REQUEST	1		Get Data	1686924478021	1686924478149	OK	 
REQUEST	2		Get Data	1686924478051	1686924478178	OK	 
REQUEST	10		Get Data	1686924478097	1686924478225	OK	 
REQUEST	6		Get Data	1686924478101	1686924478262	OK	 
REQUEST	7		Get Data	1686924474693	1686924478296	OK	 
REQUEST	9		Get Data	1686924478220	1686924478334	OK	 
REQUEST	8		Get Data	1686924478220	1686924478336	OK	 
REQUEST	5		Get Data	1686924478820	1686924478926	OK	 
REQUEST	3		Get Data	1686924478851	1686924478958	OK	 
REQUEST	4		Get Data	1686924479113	1686924479210	OK	 
REQUEST	1		Get Data	1686924479146	1686924479251	OK	 
REQUEST	2		Get Data	1686924479192	1686924479304	OK	 
REQUEST	6		Get Data	1686924479252	1686924479392	OK	 
REQUEST	7		Get Data	1686924479301	1686924479409	OK	 
REQUEST	10		Get Data	1686924479238	1686924479435	OK	 
REQUEST	9		Get Data	1686924479330	1686924479444	OK	 
REQUEST	8		Get Data	1686924479346	1686924479489	OK	 
REQUEST	5		Get Data	1686924479921	1686924480036	OK	 
REQUEST	3		Get Data	1686924479936	1686924480048	OK	 
REQUEST	4		Get Data	1686924480217	1686924480326	OK	 
REQUEST	1		Get Data	1686924480248	1686924480367	OK	 
REQUEST	2		Get Data	1686924480295	1686924480396	OK	 
REQUEST	6		Get Data	1686924480405	1686924480533	OK	 
REQUEST	7		Get Data	1686924480406	1686924480550	OK	 
REQUEST	9		Get Data	1686924480441	1686924480575	OK	 
REQUEST	8		Get Data	1686924480498	1686924480619	OK	 
REQUEST	10		Get Data	1686924480421	1686924480784	OK	 
REQUEST	5		Get Data	1686924481043	1686924481148	OK	 
REQUEST	3		Get Data	1686924481061	1686924481169	OK	 
REQUEST	4		Get Data	1686924481311	1686924481433	OK	 
REQUEST	1		Get Data	1686924481372	1686924481481	OK	 
REQUEST	2		Get Data	1686924481403	1686924481506	OK	 
REQUEST	6		Get Data	1686924481532	1686924481650	OK	 
REQUEST	7		Get Data	1686924481556	1686924481678	OK	 
REQUEST	9		Get Data	1686924481571	1686924481708	OK	 
REQUEST	8		Get Data	1686924481619	1686924481734	KO	status.find.is(200), but actually found 400
REQUEST	10		Get Data	1686924481799	1686924482120	OK	 
REQUEST	5		Get Data	1686924482155	1686924482259	OK	 
REQUEST	3		Get Data	1686924482155	1686924482277	OK	 
REQUEST	4		Get Data	1686924482447	1686924482557	OK	 
REQUEST	1		Get Data	1686924482481	1686924482587	OK	 
REQUEST	2		Get Data	1686924482494	1686924482596	OK	 
REQUEST	6		Get Data	1686924482663	1686924482762	OK	 
REQUEST	7		Get Data	1686924482710	1686924482810	OK	 
REQUEST	8		Get Data	1686924482742	1686924482838	OK	 
REQUEST	9		Get Data	1686924482725	1686924482855	OK	 
REQUEST	10		Get Data	1686924483115	1686924483240	OK	 
REQUEST	5		Get Data	1686924483241	1686924483349	OK	 
REQUEST	3		Get Data	1686924483287	1686924483394	OK	 
REQUEST	4		Get Data	1686924483564	1686924483668	OK	 
REQUEST	1		Get Data	1686924483579	1686924483687	OK	 
REQUEST	2		Get Data	1686924483608	1686924483709	OK	 
REQUEST	6		Get Data	1686924483751	1686924483868	OK	 
REQUEST	7		Get Data	1686924483779	1686924483883	OK	 
REQUEST	8		Get Data	1686924483826	1686924483921	OK	 
REQUEST	9		Get Data	1686924483831	1686924483957	OK	 
REQUEST	3		Get Data	1686924484431	1686924484535	OK	 
REQUEST	10		Get Data	1686924484242	1686924484578	OK	 
REQUEST	5		Get Data	1686924484352	1686924484723	OK	 
REQUEST	4		Get Data	1686924484644	1686924484796	OK	 
REQUEST	1		Get Data	1686924484690	1686924484822	OK	 
REQUEST	2		Get Data	1686924484706	1686924484852	OK	 
REQUEST	7		Get Data	1686924484881	1686924484982	OK	 
REQUEST	6		Get Data	1686924484861	1686924484998	OK	 
REQUEST	8		Get Data	1686924484924	1686924485027	OK	 
REQUEST	9		Get Data	1686924484970	1686924485109	OK	 
REQUEST	3		Get Data	1686924485509	1686924485619	OK	 
REQUEST	10		Get Data	1686924485572	1686924485691	OK	 
REQUEST	5		Get Data	1686924485744	1686924485857	OK	 
REQUEST	4		Get Data	1686924485806	1686924485907	OK	 
REQUEST	1		Get Data	1686924485821	1686924485921	OK	 
REQUEST	2		Get Data	1686924485852	1686924485948	OK	 
REQUEST	6		Get Data	1686924485991	1686924486098	OK	 
REQUEST	7		Get Data	1686924485989	1686924486119	OK	 
REQUEST	8		Get Data	1686924486022	1686924486123	OK	 
REQUEST	9		Get Data	1686924486099	1686924486235	OK	 
REQUEST	3		Get Data	1686924486612	1686924486714	OK	 
REQUEST	10		Get Data	1686924486692	1686924486804	OK	 
REQUEST	5		Get Data	1686924486860	1686924486960	OK	 
REQUEST	4		Get Data	1686924486911	1686924487008	OK	 
REQUEST	1		Get Data	1686924486922	1686924487028	OK	 
REQUEST	2		Get Data	1686924486953	1686924487055	OK	 
REQUEST	6		Get Data	1686924487091	1686924487189	OK	 
REQUEST	7		Get Data	1686924487111	1686924487219	OK	 
REQUEST	9		Get Data	1686924487231	1686924487337	OK	 
REQUEST	8		Get Data	1686924487121	1686924487342	OK	 
REQUEST	3		Get Data	1686924487721	1686924487829	OK	 
REQUEST	10		Get Data	1686924487813	1686924487922	OK	 
REQUEST	5		Get Data	1686924487953	1686924488061	OK	 
REQUEST	1		Get Data	1686924488030	1686924488135	OK	 
REQUEST	4		Get Data	1686924488015	1686924488139	OK	 
REQUEST	2		Get Data	1686924488045	1686924488193	OK	 
REQUEST	6		Get Data	1686924488201	1686924488323	OK	 
REQUEST	7		Get Data	1686924488231	1686924488362	OK	 
REQUEST	9		Get Data	1686924488353	1686924488448	OK	 
REQUEST	8		Get Data	1686924488354	1686924488465	OK	 
REQUEST	3		Get Data	1686924488811	1686924488917	OK	 
REQUEST	10		Get Data	1686924488921	1686924489021	OK	 
REQUEST	5		Get Data	1686924489071	1686924489179	OK	 
REQUEST	4		Get Data	1686924489121	1686924489228	OK	 
REQUEST	1		Get Data	1686924489133	1686924489256	OK	 
REQUEST	2		Get Data	1686924489195	1686924489307	OK	 
REQUEST	6		Get Data	1686924489332	1686924489455	OK	 
REQUEST	7		Get Data	1686924489351	1686924489457	OK	 
REQUEST	9		Get Data	1686924489439	1686924489559	OK	 
REQUEST	8		Get Data	1686924489469	1686924489579	OK	 
REQUEST	3		Get Data	1686924489921	1686924490022	OK	 
REQUEST	10		Get Data	1686924490013	1686924490115	OK	 
REQUEST	5		Get Data	1686924490151	1686924490252	OK	 
REQUEST	4		Get Data	1686924490244	1686924490351	OK	 
REQUEST	1		Get Data	1686924490261	1686924490364	OK	 
REQUEST	2		Get Data	1686924490311	1686924490422	OK	 
REQUEST	6		Get Data	1686924490461	1686924490590	OK	 
REQUEST	7		Get Data	1686924490462	1686924490592	OK	 
REQUEST	8		Get Data	1686924490555	1686924490663	OK	 
REQUEST	9		Get Data	1686924490570	1686924490683	OK	 
REQUEST	3		Get Data	1686924491033	1686924491140	OK	 
REQUEST	10		Get Data	1686924491112	1686924491220	OK	 
REQUEST	5		Get Data	1686924491263	1686924491368	OK	 
REQUEST	4		Get Data	1686924491353	1686924491460	OK	 
REQUEST	1		Get Data	1686924491369	1686924491475	OK	 
REQUEST	2		Get Data	1686924491422	1686924491523	OK	 
REQUEST	6		Get Data	1686924491571	1686924491680	OK	 
REQUEST	7		Get Data	1686924491600	1686924491700	OK	 
REQUEST	8		Get Data	1686924491690	1686924491784	KO	status.find.is(200), but actually found 400
REQUEST	9		Get Data	1686924491690	1686924491807	OK	 
REQUEST	3		Get Data	1686924492141	1686924492247	OK	 
REQUEST	10		Get Data	1686924492222	1686924492320	OK	 
REQUEST	5		Get Data	1686924492370	1686924492483	OK	 
REQUEST	4		Get Data	1686924492451	1686924492556	OK	 
REQUEST	1		Get Data	1686924492464	1686924492565	OK	 
REQUEST	2		Get Data	1686924492538	1686924492633	OK	 
REQUEST	6		Get Data	1686924492688	1686924492796	OK	 
REQUEST	7		Get Data	1686924492780	1686924492882	OK	 
REQUEST	8		Get Data	1686924492778	1686924492891	OK	 
REQUEST	9		Get Data	1686924492805	1686924492910	OK	 
REQUEST	3		Get Data	1686924493242	1686924493350	OK	 
REQUEST	10		Get Data	1686924493322	1686924493425	OK	 
REQUEST	5		Get Data	1686924493492	1686924493596	OK	 
REQUEST	4		Get Data	1686924493552	1686924493657	OK	 
REQUEST	1		Get Data	1686924493596	1686924493704	OK	 
REQUEST	2		Get Data	1686924493688	1686924493797	OK	 
REQUEST	7		Get Data	1686924493795	1686924493894	OK	 
REQUEST	6		Get Data	1686924493816	1686924493913	OK	 
REQUEST	9		Get Data	1686924493904	1686924494042	OK	 
REQUEST	8		Get Data	1686924493903	1686924494128	OK	 
REQUEST	3		Get Data	1686924494362	1686924494482	OK	 
REQUEST	10		Get Data	1686924494471	1686924494570	OK	 
REQUEST	5		Get Data	1686924494589	1686924494726	OK	 
REQUEST	4		Get Data	1686924494682	1686924494830	OK	 
REQUEST	1		Get Data	1686924494681	1686924494829	OK	 
REQUEST	2		Get Data	1686924494742	1686924494846	OK	 
REQUEST	6		Get Data	1686924494897	1686924495003	OK	 
REQUEST	7		Get Data	1686924494901	1686924495008	OK	 
REQUEST	9		Get Data	1686924495051	1686924495172	OK	 
REQUEST	8		Get Data	1686924495113	1686924495205	OK	 
REQUEST	3		Get Data	1686924495482	1686924495606	OK	 
REQUEST	10		Get Data	1686924495542	1686924495645	OK	 
REQUEST	5		Get Data	1686924495741	1686924495846	OK	 
REQUEST	4		Get Data	1686924495816	1686924495919	OK	 
REQUEST	2		Get Data	1686924495847	1686924495949	OK	 
REQUEST	1		Get Data	1686924495846	1686924495952	OK	 
REQUEST	6		Get Data	1686924496001	1686924496110	OK	 
REQUEST	7		Get Data	1686924496013	1686924496111	OK	 
REQUEST	9		Get Data	1686924496153	1686924496266	OK	 
REQUEST	8		Get Data	1686924496215	1686924496311	OK	 
REQUEST	3		Get Data	1686924496602	1686924496704	OK	 
REQUEST	10		Get Data	1686924496632	1686924496734	OK	 
REQUEST	5		Get Data	1686924496859	1686924496955	OK	 
REQUEST	4		Get Data	1686924496923	1686924497026	OK	 
REQUEST	2		Get Data	1686924496952	1686924497049	OK	 
REQUEST	1		Get Data	1686924496953	1686924497050	OK	 
REQUEST	6		Get Data	1686924497134	1686924497254	OK	 
REQUEST	7		Get Data	1686924497115	1686924497341	OK	 
REQUEST	9		Get Data	1686924497277	1686924497390	OK	 
REQUEST	8		Get Data	1686924497356	1686924497465	OK	 
REQUEST	3		Get Data	1686924497716	1686924497825	OK	 
REQUEST	10		Get Data	1686924497741	1686924497847	OK	 
REQUEST	5		Get Data	1686924497934	1686924498037	OK	 
REQUEST	4		Get Data	1686924498031	1686924498126	OK	 
REQUEST	2		Get Data	1686924498063	1686924498184	OK	 
REQUEST	1		Get Data	1686924498036	1686924498206	OK	 
REQUEST	6		Get Data	1686924498262	1686924498383	OK	 
REQUEST	7		Get Data	1686924498341	1686924498442	OK	 
REQUEST	9		Get Data	1686924498384	1686924498500	OK	 
REQUEST	8		Get Data	1686924498424	1686924498516	OK	 
REQUEST	10		Get Data	1686924498845	1686924498949	OK	 
REQUEST	3		Get Data	1686924498844	1686924498958	OK	 
REQUEST	4		Get Data	1686924499123	1686924499264	OK	 
REQUEST	2		Get Data	1686924499196	1686924499311	OK	 
REQUEST	1		Get Data	1686924499284	1686924499384	OK	 
REQUEST	5		Get Data	1686924499063	1686924499400	OK	 
REQUEST	7		Get Data	1686924499493	1686924499626	OK	 
REQUEST	6		Get Data	1686924499429	1686924499642	OK	 
REQUEST	8		Get Data	1686924499584	1686924499689	OK	 
REQUEST	9		Get Data	1686924499584	1686924499689	OK	 
REQUEST	3		Get Data	1686924499941	1686924500052	OK	 
REQUEST	10		Get Data	1686924499964	1686924500067	OK	 
REQUEST	4		Get Data	1686924500284	1686924500384	OK	 
REQUEST	2		Get Data	1686924500334	1686924500430	OK	 
REQUEST	1		Get Data	1686924500355	1686924500472	OK	 
REQUEST	5		Get Data	1686924500392	1686924500517	OK	 
REQUEST	9		Get Data	1686924500642	1686924500751	OK	 
REQUEST	7		Get Data	1686924500642	1686924500751	OK	 
REQUEST	6		Get Data	1686924500644	1686924500764	OK	 
REQUEST	8		Get Data	1686924500643	1686924500778	OK	 
REQUEST	10		Get Data	1686924501055	1686924501156	OK	 
REQUEST	3		Get Data	1686924501051	1686924501159	OK	 
REQUEST	2		Get Data	1686924501384	1686924501489	OK	 
REQUEST	1		Get Data	1686924501433	1686924501536	OK	 
REQUEST	4		Get Data	1686924501369	1686924501597	OK	 
REQUEST	5		Get Data	1686924501495	1686924501623	OK	 
REQUEST	7		Get Data	1686924501687	1686924501791	OK	 
REQUEST	9		Get Data	1686924501734	1686924501833	OK	 
REQUEST	6		Get Data	1686924501720	1686924501850	KO	status.find.is(200), but actually found 400
REQUEST	8		Get Data	1686924501760	1686924501856	OK	 
REQUEST	10		Get Data	1686924502161	1686924502265	OK	 
REQUEST	3		Get Data	1686924502157	1686924502268	OK	 
REQUEST	2		Get Data	1686924502481	1686924502585	OK	 
REQUEST	1		Get Data	1686924502555	1686924502654	OK	 
REQUEST	4		Get Data	1686924502586	1686924502694	OK	 
REQUEST	5		Get Data	1686924502621	1686924502719	OK	 
REQUEST	7		Get Data	1686924502785	1686924502885	OK	 
REQUEST	9		Get Data	1686924502822	1686924502923	OK	 
REQUEST	6		Get Data	1686924502823	1686924502933	OK	 
REQUEST	8		Get Data	1686924502853	1686924502949	OK	 
REQUEST	3		Get Data	1686924503265	1686924503360	OK	 
REQUEST	10		Get Data	1686924503267	1686924503370	OK	 
REQUEST	2		Get Data	1686924503609	1686924503719	OK	 
REQUEST	1		Get Data	1686924503641	1686924503736	OK	 
REQUEST	4		Get Data	1686924503717	1686924503816	OK	 
REQUEST	5		Get Data	1686924503733	1686924503839	OK	 
REQUEST	9		Get Data	1686924503932	1686924504033	OK	 
REQUEST	7		Get Data	1686924503927	1686924504034	OK	 
REQUEST	6		Get Data	1686924503931	1686924504057	OK	 
REQUEST	8		Get Data	1686924503957	1686924504086	OK	 
REQUEST	3		Get Data	1686924504372	1686924504474	OK	 
REQUEST	10		Get Data	1686924504383	1686924504483	OK	 
REQUEST	2		Get Data	1686924504692	1686924504793	OK	 
REQUEST	1		Get Data	1686924504724	1686924504825	OK	 
REQUEST	4		Get Data	1686924504808	1686924504942	OK	 
REQUEST	5		Get Data	1686924504846	1686924504951	OK	 
REQUEST	7		Get Data	1686924505026	1686924505121	OK	 
REQUEST	9		Get Data	1686924505026	1686924505133	OK	 
REQUEST	8		Get Data	1686924505082	1686924505187	OK	 
REQUEST	6		Get Data	1686924505082	1686924505421	OK	 
REQUEST	3		Get Data	1686924505469	1686924505575	OK	 
REQUEST	10		Get Data	1686924505493	1686924505596	OK	 
REQUEST	2		Get Data	1686924505801	1686924505898	OK	 
REQUEST	1		Get Data	1686924505831	1686924505957	OK	 
REQUEST	4		Get Data	1686924505940	1686924506040	OK	 
REQUEST	5		Get Data	1686924505962	1686924506062	OK	 
REQUEST	7		Get Data	1686924506091	1686924506193	OK	 
REQUEST	9		Get Data	1686924506155	1686924506252	OK	 
REQUEST	8		Get Data	1686924506187	1686924506289	OK	 
REQUEST	6		Get Data	1686924506445	1686924506543	OK	 
REQUEST	10		Get Data	1686924506564	1686924506671	OK	 
REQUEST	3		Get Data	1686924506591	1686924506693	OK	 
REQUEST	2		Get Data	1686924506934	1686924507029	OK	 
REQUEST	1		Get Data	1686924506952	1686924507054	OK	 
REQUEST	7		Get Data	1686924507194	1686924507293	OK	 
REQUEST	9		Get Data	1686924507241	1686924507340	OK	 
REQUEST	5		Get Data	1686924507057	1686924507760	OK	 
REQUEST	4		Get Data	1686924507056	1686924507771	OK	 
REQUEST	8		Get Data	1686924507285	1686924507786	OK	 
REQUEST	10		Get Data	1686924507691	1686924507793	OK	 
REQUEST	3		Get Data	1686924507690	1686924507805	OK	 
REQUEST	6		Get Data	1686924507511	1686924507808	OK	 
REQUEST	1		Get Data	1686924508062	1686924508168	OK	 
REQUEST	2		Get Data	1686924507994	1686924508308	OK	 
REQUEST	7		Get Data	1686924508288	1686924508392	OK	 
REQUEST	9		Get Data	1686924508335	1686924508472	OK	 
REQUEST	5		Get Data	1686924508759	1686924508867	OK	 
REQUEST	4		Get Data	1686924508774	1686924508886	OK	 
REQUEST	3		Get Data	1686924508812	1686924508911	OK	 
REQUEST	8		Get Data	1686924508812	1686924508913	OK	 
REQUEST	10		Get Data	1686924508813	1686924508921	OK	 
REQUEST	6		Get Data	1686924508819	1686924508936	OK	 
REQUEST	2		Get Data	1686924509352	1686924509459	OK	 
REQUEST	7		Get Data	1686924509411	1686924509536	OK	 
REQUEST	9		Get Data	1686924509477	1686924509579	OK	 
REQUEST	1		Get Data	1686924509174	1686924509778	OK	 
REQUEST	4		Get Data	1686924509871	1686924509967	OK	 
REQUEST	5		Get Data	1686924509884	1686924509986	OK	 
REQUEST	3		Get Data	1686924509900	1686924510000	OK	 
REQUEST	10		Get Data	1686924509901	1686924510003	OK	 
REQUEST	8		Get Data	1686924509901	1686924510003	OK	 
REQUEST	6		Get Data	1686924509944	1686924510051	OK	 
REQUEST	2		Get Data	1686924510425	1686924510536	OK	 
REQUEST	7		Get Data	1686924510527	1686924510638	OK	 
REQUEST	9		Get Data	1686924510603	1686924510721	OK	 
REQUEST	1		Get Data	1686924510792	1686924510893	OK	 
REQUEST	4		Get Data	1686924510988	1686924511090	OK	 
REQUEST	5		Get Data	1686924510986	1686924511092	OK	 
REQUEST	3		Get Data	1686924510994	1686924511094	OK	 
REQUEST	8		Get Data	1686924511019	1686924511134	OK	 
REQUEST	6		Get Data	1686924511062	1686924511176	OK	 
REQUEST	10		Get Data	1686924511020	1686924511278	OK	 
REQUEST	2		Get Data	1686924511526	1686924511622	OK	 
REQUEST	7		Get Data	1686924511621	1686924511722	OK	 
REQUEST	9		Get Data	1686924511704	1686924511803	OK	 
REQUEST	1		Get Data	1686924511923	1686924512027	OK	 
REQUEST	4		Get Data	1686924512076	1686924512180	KO	status.find.is(200), but actually found 400
REQUEST	5		Get Data	1686924512119	1686924512218	OK	 
REQUEST	3		Get Data	1686924512136	1686924512238	OK	 
REQUEST	8		Get Data	1686924512120	1686924512255	OK	 
REQUEST	6		Get Data	1686924512164	1686924512262	OK	 
REQUEST	10		Get Data	1686924512261	1686924512362	OK	 
REQUEST	2		Get Data	1686924512636	1686924512743	OK	 
REQUEST	7		Get Data	1686924512734	1686924512843	OK	 
REQUEST	9		Get Data	1686924512807	1686924512901	OK	 
REQUEST	1		Get Data	1686924512962	1686924513062	OK	 
REQUEST	5		Get Data	1686924513174	1686924513290	OK	 
REQUEST	4		Get Data	1686924513173	1686924513290	OK	 
REQUEST	3		Get Data	1686924513201	1686924513305	OK	 
REQUEST	8		Get Data	1686924513246	1686924513366	OK	 
REQUEST	6		Get Data	1686924513307	1686924513426	OK	 
REQUEST	10		Get Data	1686924513446	1686924513560	OK	 
REQUEST	2		Get Data	1686924513744	1686924513846	OK	 
REQUEST	7		Get Data	1686924513862	1686924513965	OK	 
REQUEST	9		Get Data	1686924513909	1686924514008	OK	 
REQUEST	1		Get Data	1686924514076	1686924514181	OK	 
REQUEST	3		Get Data	1686924514292	1686924514411	OK	 
REQUEST	5		Get Data	1686924514291	1686924514430	OK	 
REQUEST	4		Get Data	1686924514305	1686924514462	OK	 
REQUEST	6		Get Data	1686924514386	1686924514483	OK	 
REQUEST	8		Get Data	1686924514441	1686924514537	OK	 
REQUEST	10		Get Data	1686924514545	1686924514653	OK	 
REQUEST	2		Get Data	1686924514841	1686924514973	OK	 
REQUEST	7		Get Data	1686924514961	1686924515058	OK	 
REQUEST	9		Get Data	1686924515003	1686924515096	OK	 
REQUEST	1		Get Data	1686924515188	1686924515286	OK	 
REQUEST	8		Get Data	1686924515461	1686924515562	OK	 
REQUEST	5		Get Data	1686924515425	1686924515569	OK	 
REQUEST	6		Get Data	1686924515476	1686924515580	OK	 
REQUEST	4		Get Data	1686924515477	1686924515582	OK	 
REQUEST	3		Get Data	1686924515425	1686924515604	OK	 
REQUEST	10		Get Data	1686924515596	1686924515693	OK	 
REQUEST	2		Get Data	1686924515981	1686924516078	OK	 
REQUEST	7		Get Data	1686924516057	1686924516157	OK	 
REQUEST	9		Get Data	1686924516089	1686924516186	OK	 
REQUEST	1		Get Data	1686924516289	1686924516387	OK	 
REQUEST	4		Get Data	1686924516561	1686924516662	OK	 
REQUEST	5		Get Data	1686924516605	1686924516702	OK	 
REQUEST	3		Get Data	1686924516604	1686924516707	OK	 
REQUEST	6		Get Data	1686924516604	1686924516707	OK	 
REQUEST	8		Get Data	1686924516604	1686924516714	OK	 
REQUEST	10		Get Data	1686924516691	1686924516792	OK	 
REQUEST	2		Get Data	1686924517071	1686924517170	OK	 
REQUEST	7		Get Data	1686924517160	1686924517271	OK	 
REQUEST	9		Get Data	1686924517193	1686924517290	OK	 
REQUEST	1		Get Data	1686924517386	1686924517486	OK	 
REQUEST	4		Get Data	1686924517664	1686924517779	OK	 
REQUEST	5		Get Data	1686924517679	1686924517784	OK	 
REQUEST	8		Get Data	1686924517679	1686924517785	OK	 
REQUEST	6		Get Data	1686924517681	1686924517785	OK	 
REQUEST	10		Get Data	1686924517791	1686924517927	OK	 
REQUEST	3		Get Data	1686924517710	1686924518036	OK	 
REQUEST	2		Get Data	1686924518170	1686924518289	OK	 
REQUEST	9		Get Data	1686924518302	1686924518412	OK	 
REQUEST	7		Get Data	1686924518303	1686924518456	OK	 
REQUEST	1		Get Data	1686924518491	1686924518595	OK	 
REQUEST	4		Get Data	1686924518779	1686924518880	OK	 
REQUEST	8		Get Data	1686924518782	1686924518888	OK	 
REQUEST	6		Get Data	1686924518780	1686924518888	OK	 
REQUEST	5		Get Data	1686924518780	1686924518890	OK	 
REQUEST	10		Get Data	1686924518921	1686924519021	OK	 
REQUEST	3		Get Data	1686924519032	1686924519127	OK	 
REQUEST	2		Get Data	1686924519303	1686924519471	OK	 
REQUEST	9		Get Data	1686924519397	1686924519499	OK	 
REQUEST	7		Get Data	1686924519421	1686924519520	OK	 
REQUEST	1		Get Data	1686924519574	1686924519675	OK	 
REQUEST	6		Get Data	1686924519881	1686924519978	OK	 
REQUEST	8		Get Data	1686924519881	1686924519979	OK	 
REQUEST	5		Get Data	1686924519880	1686924519982	OK	 
REQUEST	4		Get Data	1686924519879	1686924520018	OK	 
REQUEST	10		Get Data	1686924520021	1686924520138	OK	 
REQUEST	3		Get Data	1686924520111	1686924520208	OK	 
REQUEST	2		Get Data	1686924520452	1686924520554	OK	 
REQUEST	9		Get Data	1686924520509	1686924520635	OK	 
REQUEST	1		Get Data	1686924520681	1686924520805	OK	 
REQUEST	7		Get Data	1686924520511	1686924520832	OK	 
REQUEST	5		Get Data	1686924520988	1686924521093	OK	 
REQUEST	6		Get Data	1686924520991	1686924521096	OK	 
REQUEST	8		Get Data	1686924520991	1686924521098	OK	 
REQUEST	4		Get Data	1686924521019	1686924521112	OK	 
REQUEST	10		Get Data	1686924521131	1686924521225	OK	 
REQUEST	3		Get Data	1686924521222	1686924521318	OK	 
REQUEST	2		Get Data	1686924521561	1686924521662	OK	 
REQUEST	9		Get Data	1686924521623	1686924521721	OK	 
REQUEST	1		Get Data	1686924521811	1686924521908	OK	 
REQUEST	7		Get Data	1686924521838	1686924521933	KO	status.find.is(200), but actually found 400
REQUEST	6		Get Data	1686924522105	1686924522201	OK	 
REQUEST	8		Get Data	1686924522105	1686924522211	OK	 
REQUEST	4		Get Data	1686924522123	1686924522222	OK	 
REQUEST	10		Get Data	1686924522231	1686924522336	OK	 
REQUEST	5		Get Data	1686924522091	1686924522411	OK	 
REQUEST	3		Get Data	1686924522322	1686924522427	OK	 
REQUEST	2		Get Data	1686924522658	1686924522762	OK	 
REQUEST	9		Get Data	1686924522719	1686924522812	OK	 
REQUEST	7		Get Data	1686924522941	1686924523038	OK	 
REQUEST	1		Get Data	1686924522921	1686924523054	OK	 
REQUEST	6		Get Data	1686924523201	1686924523316	OK	 
REQUEST	8		Get Data	1686924523215	1686924523323	OK	 
REQUEST	4		Get Data	1686924523214	1686924523323	OK	 
REQUEST	10		Get Data	1686924523354	1686924523451	OK	 
REQUEST	5		Get Data	1686924523421	1686924523518	OK	 
REQUEST	3		Get Data	1686924523416	1686924523525	OK	 
REQUEST	2		Get Data	1686924523761	1686924523878	OK	 
REQUEST	9		Get Data	1686924523820	1686924523915	OK	 
REQUEST	1		Get Data	1686924524037	1686924524132	OK	 
REQUEST	7		Get Data	1686924524038	1686924524156	OK	 
REQUEST	8		Get Data	1686924524331	1686924524474	OK	 
REQUEST	4		Get Data	1686924524331	1686924524496	OK	 
REQUEST	10		Get Data	1686924524441	1686924524538	OK	 
REQUEST	5		Get Data	1686924524517	1686924524662	OK	 
REQUEST	3		Get Data	1686924524533	1686924524662	OK	 
REQUEST	6		Get Data	1686924524330	1686924524682	OK	 
REQUEST	2		Get Data	1686924524881	1686924524979	OK	 
REQUEST	9		Get Data	1686924524911	1686924525003	OK	 
REQUEST	1		Get Data	1686924525142	1686924525250	OK	 
REQUEST	7		Get Data	1686924525157	1686924525265	OK	 
REQUEST	8		Get Data	1686924525465	1686924525572	OK	 
REQUEST	4		Get Data	1686924525495	1686924525594	OK	 
REQUEST	10		Get Data	1686924525531	1686924525629	OK	 
REQUEST	6		Get Data	1686924525651	1686924525747	OK	 
REQUEST	5		Get Data	1686924525666	1686924525761	OK	 
REQUEST	3		Get Data	1686924525681	1686924525776	OK	 
REQUEST	9		Get Data	1686924526007	1686924526102	OK	 
REQUEST	2		Get Data	1686924525991	1686924526120	OK	 
REQUEST	1		Get Data	1686924526239	1686924526358	OK	 
REQUEST	7		Get Data	1686924526270	1686924526364	OK	 
REQUEST	8		Get Data	1686924526582	1686924526684	OK	 
REQUEST	4		Get Data	1686924526597	1686924526701	OK	 
REQUEST	10		Get Data	1686924526631	1686924526727	OK	 
REQUEST	6		Get Data	1686924526751	1686924526845	OK	 
REQUEST	5		Get Data	1686924526767	1686924526865	OK	 
REQUEST	3		Get Data	1686924526766	1686924526866	OK	 
REQUEST	9		Get Data	1686924527108	1686924527203	OK	 
REQUEST	2		Get Data	1686924527111	1686924527205	OK	 
REQUEST	1		Get Data	1686924527369	1686924527465	OK	 
REQUEST	7		Get Data	1686924527369	1686924527591	OK	 
REQUEST	8		Get Data	1686924527666	1686924527767	OK	 
REQUEST	10		Get Data	1686924527731	1686924527833	OK	 
REQUEST	4		Get Data	1686924527697	1686924527860	OK	 
REQUEST	5		Get Data	1686924527852	1686924527951	OK	 
REQUEST	6		Get Data	1686924527851	1686924527962	OK	 
REQUEST	3		Get Data	1686924527866	1686924527966	OK	 
REQUEST	9		Get Data	1686924528191	1686924528304	OK	 
REQUEST	2		Get Data	1686924528204	1686924528332	OK	 
REQUEST	1		Get Data	1686924528466	1686924528564	OK	 
REQUEST	7		Get Data	1686924528589	1686924528684	OK	 
REQUEST	8		Get Data	1686924528774	1686924528873	OK	 
REQUEST	10		Get Data	1686924528821	1686924528916	OK	 
REQUEST	4		Get Data	1686924528852	1686924528947	OK	 
REQUEST	5		Get Data	1686924528960	1686924529056	OK	 
REQUEST	6		Get Data	1686924528961	1686924529068	OK	 
REQUEST	3		Get Data	1686924528961	1686924529089	OK	 
REQUEST	9		Get Data	1686924529303	1686924529399	OK	 
REQUEST	2		Get Data	1686924529333	1686924529432	OK	 
REQUEST	1		Get Data	1686924529566	1686924529687	OK	 
REQUEST	7		Get Data	1686924529673	1686924529769	OK	 
REQUEST	8		Get Data	1686924529875	1686924529974	OK	 
REQUEST	10		Get Data	1686924529936	1686924530036	OK	 
REQUEST	4		Get Data	1686924529951	1686924530051	OK	 
REQUEST	6		Get Data	1686924530061	1686924530153	OK	 
REQUEST	5		Get Data	1686924530058	1686924530155	OK	 
REQUEST	3		Get Data	1686924530090	1686924530193	OK	 
REQUEST	9		Get Data	1686924530401	1686924530518	OK	 
REQUEST	2		Get Data	1686924530432	1686924530540	OK	 
REQUEST	1		Get Data	1686924530680	1686924530781	OK	 
REQUEST	7		Get Data	1686924530758	1686924530857	OK	 
REQUEST	8		Get Data	1686924530973	1686924531076	OK	 
REQUEST	10		Get Data	1686924531037	1686924531132	OK	 
REQUEST	4		Get Data	1686924531052	1686924531148	OK	 
REQUEST	5		Get Data	1686924531160	1686924531255	OK	 
REQUEST	6		Get Data	1686924531161	1686924531263	OK	 
REQUEST	3		Get Data	1686924531191	1686924531283	OK	 
REQUEST	9		Get Data	1686924531517	1686924531612	OK	 
REQUEST	2		Get Data	1686924531549	1686924531643	OK	 
REQUEST	1		Get Data	1686924531781	1686924531885	KO	status.find.is(200), but actually found 400
REQUEST	7		Get Data	1686924531871	1686924531985	OK	 
REQUEST	8		Get Data	1686924532073	1686924532170	OK	 
REQUEST	10		Get Data	1686924532135	1686924532233	OK	 
REQUEST	4		Get Data	1686924532151	1686924532253	OK	 
REQUEST	5		Get Data	1686924532244	1686924532340	OK	 
REQUEST	6		Get Data	1686924532259	1686924532352	OK	 
REQUEST	3		Get Data	1686924532291	1686924532391	OK	 
REQUEST	9		Get Data	1686924532628	1686924532725	OK	 
REQUEST	2		Get Data	1686924532643	1686924532750	OK	 
REQUEST	1		Get Data	1686924532891	1686924532990	OK	 
REQUEST	7		Get Data	1686924532985	1686924533090	OK	 
REQUEST	8		Get Data	1686924533169	1686924533270	OK	 
REQUEST	10		Get Data	1686924533231	1686924533326	OK	 
REQUEST	4		Get Data	1686924533246	1686924533343	OK	 
REQUEST	5		Get Data	1686924533341	1686924533443	OK	 
REQUEST	6		Get Data	1686924533361	1686924533460	OK	 
REQUEST	3		Get Data	1686924533387	1686924533484	OK	 
REQUEST	9		Get Data	1686924533712	1686924533805	OK	 
REQUEST	2		Get Data	1686924533742	1686924533837	OK	 
REQUEST	1		Get Data	1686924533991	1686924534198	OK	 
REQUEST	7		Get Data	1686924534081	1686924534198	OK	 
REQUEST	8		Get Data	1686924534271	1686924534393	OK	 
REQUEST	10		Get Data	1686924534332	1686924534430	OK	 
REQUEST	4		Get Data	1686924534351	1686924534481	OK	 
REQUEST	5		Get Data	1686924534441	1686924534536	OK	 
REQUEST	6		Get Data	1686924534456	1686924534549	OK	 
REQUEST	3		Get Data	1686924534488	1686924534594	OK	 
REQUEST	9		Get Data	1686924534801	1686924534895	OK	 
REQUEST	2		Get Data	1686924534831	1686924534931	OK	 
REQUEST	7		Get Data	1686924535201	1686924535307	OK	 
REQUEST	1		Get Data	1686924535199	1686924535308	OK	 
REQUEST	10		Get Data	1686924535421	1686924535517	OK	 
REQUEST	8		Get Data	1686924535400	1686924535520	OK	 
REQUEST	4		Get Data	1686924535477	1686924535571	OK	 
REQUEST	6		Get Data	1686924535540	1686924535634	OK	 
REQUEST	5		Get Data	1686924535541	1686924535643	OK	 
REQUEST	3		Get Data	1686924535586	1686924535689	OK	 
REQUEST	9		Get Data	1686924535910	1686924536004	OK	 
REQUEST	2		Get Data	1686924535941	1686924536038	OK	 
REQUEST	1		Get Data	1686924536316	1686924536428	OK	 
REQUEST	7		Get Data	1686924536330	1686924536428	OK	 
REQUEST	8		Get Data	1686924536515	1686924536607	OK	 
REQUEST	10		Get Data	1686924536515	1686924536608	OK	 
REQUEST	4		Get Data	1686924536581	1686924536679	OK	 
REQUEST	6		Get Data	1686924536641	1686924536737	OK	 
REQUEST	5		Get Data	1686924536639	1686924536737	OK	 
REQUEST	3		Get Data	1686924536701	1686924536806	OK	 
REQUEST	2		Get Data	1686924537031	1686924537177	OK	 
REQUEST	9		Get Data	1686924536998	1686924537245	OK	 
REQUEST	7		Get Data	1686924537416	1686924537512	OK	 
REQUEST	1		Get Data	1686924537431	1686924537540	OK	 
REQUEST	10		Get Data	1686924537591	1686924537695	OK	 
REQUEST	8		Get Data	1686924537603	1686924537702	OK	 
REQUEST	4		Get Data	1686924537681	1686924537776	OK	 
REQUEST	5		Get Data	1686924537742	1686924537839	OK	 
REQUEST	3		Get Data	1686924537792	1686924537902	OK	 
REQUEST	6		Get Data	1686924537742	1686924537902	OK	 
REQUEST	2		Get Data	1686924538191	1686924538327	OK	 
REQUEST	9		Get Data	1686924538241	1686924538334	OK	 
REQUEST	7		Get Data	1686924538517	1686924538614	OK	 
REQUEST	1		Get Data	1686924538517	1686924538631	OK	 
REQUEST	8		Get Data	1686924538705	1686924538820	OK	 
REQUEST	10		Get Data	1686924538722	1686924538820	OK	 
REQUEST	5		Get Data	1686924538831	1686924538939	OK	 
REQUEST	6		Get Data	1686924538907	1686924539014	OK	 
REQUEST	3		Get Data	1686924538911	1686924539014	OK	 
REQUEST	4		Get Data	1686924538771	1686924539095	OK	 
REQUEST	9		Get Data	1686924539332	1686924539451	OK	 
REQUEST	2		Get Data	1686924539312	1686924539506	OK	 
REQUEST	7		Get Data	1686924539621	1686924539722	OK	 
REQUEST	1		Get Data	1686924539653	1686924539746	OK	 
REQUEST	10		Get Data	1686924539811	1686924539918	OK	 
REQUEST	8		Get Data	1686924539824	1686924539919	OK	 
REQUEST	5		Get Data	1686924539934	1686924540037	OK	 
REQUEST	6		Get Data	1686924540001	1686924540101	OK	 
REQUEST	3		Get Data	1686924540002	1686924540122	OK	 
REQUEST	4		Get Data	1686924540105	1686924540223	OK	 
REQUEST	9		Get Data	1686924540461	1686924540559	OK	 
REQUEST	2		Get Data	1686924540511	1686924540610	OK	 
REQUEST	7		Get Data	1686924540708	1686924540816	OK	 
REQUEST	1		Get Data	1686924540741	1686924540847	OK	 
REQUEST	8		Get Data	1686924540911	1686924541007	OK	 
REQUEST	10		Get Data	1686924540907	1686924541007	OK	 
REQUEST	6		Get Data	1686924541105	1686924541200	OK	 
REQUEST	3		Get Data	1686924541151	1686924541247	OK	 
REQUEST	5		Get Data	1686924541060	1686924541277	OK	 
REQUEST	4		Get Data	1686924541201	1686924541294	OK	 
REQUEST	9		Get Data	1686924541555	1686924541656	OK	 
REQUEST	2		Get Data	1686924541618	1686924541716	KO	status.find.is(200), but actually found 400
REQUEST	7		Get Data	1686924541804	1686924541905	OK	 
REQUEST	1		Get Data	1686924541835	1686924541931	OK	 
REQUEST	10		Get Data	1686924542022	1686924542118	OK	 
REQUEST	8		Get Data	1686924542021	1686924542127	OK	 
REQUEST	6		Get Data	1686924542205	1686924542306	OK	 
REQUEST	3		Get Data	1686924542236	1686924542329	OK	 
REQUEST	5		Get Data	1686924542268	1686924542364	OK	 
REQUEST	4		Get Data	1686924542329	1686924542450	OK	 
REQUEST	9		Get Data	1686924542651	1686924542746	OK	 
REQUEST	2		Get Data	1686924542713	1686924542813	OK	 
REQUEST	7		Get Data	1686924542924	1686924543034	OK	 
REQUEST	1		Get Data	1686924542987	1686924543089	OK	 
REQUEST	10		Get Data	1686924543113	1686924543208	OK	 
REQUEST	8		Get Data	1686924543114	1686924543215	OK	 
REQUEST	3		Get Data	1686924543311	1686924543418	OK	 
REQUEST	6		Get Data	1686924543323	1686924543421	OK	 
REQUEST	5		Get Data	1686924543371	1686924543469	OK	 
REQUEST	4		Get Data	1686924543431	1686924543525	OK	 
REQUEST	9		Get Data	1686924543755	1686924543857	OK	 
REQUEST	2		Get Data	1686924543817	1686924543936	OK	 
REQUEST	7		Get Data	1686924544021	1686924544122	OK	 
REQUEST	1		Get Data	1686924544047	1686924544176	OK	 
REQUEST	10		Get Data	1686924544216	1686924544318	OK	 
REQUEST	8		Get Data	1686924544232	1686924544326	OK	 
REQUEST	6		Get Data	1686924544413	1686924544514	OK	 
REQUEST	3		Get Data	1686924544445	1686924544550	OK	 
REQUEST	5		Get Data	1686924544462	1686924544591	OK	 
REQUEST	4		Get Data	1686924544524	1686924544621	OK	 
REQUEST	9		Get Data	1686924544851	1686924544946	OK	 
REQUEST	2		Get Data	1686924544925	1686924545034	OK	 
REQUEST	1		Get Data	1686924545173	1686924545282	OK	 
REQUEST	10		Get Data	1686924545313	1686924545410	OK	 
REQUEST	8		Get Data	1686924545328	1686924545423	OK	 
REQUEST	7		Get Data	1686924545131	1686924545468	OK	 
REQUEST	6		Get Data	1686924545518	1686924545634	OK	 
REQUEST	3		Get Data	1686924545545	1686924545640	OK	 
REQUEST	5		Get Data	1686924545593	1686924545690	OK	 
REQUEST	4		Get Data	1686924545611	1686924545710	OK	 
REQUEST	9		Get Data	1686924545948	1686924546052	OK	 
REQUEST	2		Get Data	1686924546041	1686924546136	OK	 
REQUEST	1		Get Data	1686924546286	1686924546382	OK	 
REQUEST	10		Get Data	1686924546408	1686924546504	OK	 
REQUEST	8		Get Data	1686924546424	1686924546523	OK	 
REQUEST	7		Get Data	1686924546472	1686924546566	OK	 
REQUEST	6		Get Data	1686924546612	1686924546721	OK	 
REQUEST	3		Get Data	1686924546628	1686924546724	OK	 
REQUEST	5		Get Data	1686924546689	1686924546789	OK	 
REQUEST	4		Get Data	1686924546720	1686924546826	OK	 
REQUEST	9		Get Data	1686924547041	1686924547135	OK	 
REQUEST	2		Get Data	1686924547132	1686924547228	OK	 
REQUEST	1		Get Data	1686924547381	1686924547494	OK	 
REQUEST	10		Get Data	1686924547518	1686924547614	OK	 
REQUEST	8		Get Data	1686924547521	1686924547616	OK	 
REQUEST	7		Get Data	1686924547551	1686924547648	OK	 
REQUEST	6		Get Data	1686924547749	1686924547855	OK	 
REQUEST	5		Get Data	1686924547796	1686924547907	OK	 
REQUEST	4		Get Data	1686924547831	1686924547981	OK	 
REQUEST	3		Get Data	1686924547733	1686924548081	OK	 
REQUEST	9		Get Data	1686924548150	1686924548245	OK	 
REQUEST	2		Get Data	1686924548231	1686924548325	OK	 
REQUEST	1		Get Data	1686924548491	1686924548595	OK	 
REQUEST	10		Get Data	1686924548612	1686924548710	OK	 
REQUEST	8		Get Data	1686924548611	1686924548712	OK	 
REQUEST	7		Get Data	1686924548661	1686924548792	OK	 
REQUEST	6		Get Data	1686924548831	1686924548928	OK	 
REQUEST	5		Get Data	1686924548905	1686924549009	OK	 
REQUEST	4		Get Data	1686924548983	1686924549101	OK	 
REQUEST	3		Get Data	1686924549076	1686924549178	OK	 
REQUEST	9		Get Data	1686924549246	1686924549347	OK	 
REQUEST	2		Get Data	1686924549324	1686924549419	OK	 
REQUEST	1		Get Data	1686924549586	1686924549688	OK	 
REQUEST	8		Get Data	1686924549708	1686924549804	OK	 
REQUEST	10		Get Data	1686924549709	1686924549806	OK	 
REQUEST	7		Get Data	1686924549784	1686924549882	OK	 
REQUEST	6		Get Data	1686924549940	1686924550045	OK	 
REQUEST	5		Get Data	1686924550002	1686924550114	OK	 
REQUEST	4		Get Data	1686924550094	1686924550215	OK	 
REQUEST	3		Get Data	1686924550200	1686924550298	OK	 
REQUEST	9		Get Data	1686924550341	1686924550439	OK	 
REQUEST	2		Get Data	1686924550433	1686924550536	OK	 
REQUEST	1		Get Data	1686924550694	1686924550790	OK	 
REQUEST	10		Get Data	1686924550803	1686924550902	OK	 
REQUEST	7		Get Data	1686924550895	1686924550987	OK	 
REQUEST	8		Get Data	1686924550818	1686924551037	OK	 
REQUEST	6		Get Data	1686924551033	1686924551133	OK	 
REQUEST	5		Get Data	1686924551125	1686924551222	OK	 
REQUEST	4		Get Data	1686924551217	1686924551319	OK	 
REQUEST	3		Get Data	1686924551279	1686924551373	OK	 
REQUEST	9		Get Data	1686924551449	1686924551544	KO	status.find.is(200), but actually found 400
REQUEST	2		Get Data	1686924551526	1686924551620	OK	 
REQUEST	1		Get Data	1686924551803	1686924551924	OK	 
REQUEST	10		Get Data	1686924551895	1686924551991	OK	 
REQUEST	7		Get Data	1686924551973	1686924552070	OK	 
REQUEST	8		Get Data	1686924552021	1686924552120	OK	 
REQUEST	6		Get Data	1686924552131	1686924552226	OK	 
REQUEST	5		Get Data	1686924552222	1686924552320	OK	 
REQUEST	4		Get Data	1686924552316	1686924552411	OK	 
REQUEST	3		Get Data	1686924552378	1686924552473	OK	 
REQUEST	9		Get Data	1686924552549	1686924552646	OK	 
REQUEST	2		Get Data	1686924552611	1686924552713	OK	 
REQUEST	1		Get Data	1686924552921	1686924553017	OK	 
REQUEST	10		Get Data	1686924553001	1686924553098	OK	 
REQUEST	7		Get Data	1686924553091	1686924553187	OK	 
REQUEST	8		Get Data	1686924553121	1686924553222	OK	 
REQUEST	6		Get Data	1686924553245	1686924553343	OK	 
REQUEST	5		Get Data	1686924553307	1686924553407	OK	 
REQUEST	4		Get Data	1686924553421	1686924553524	OK	 
REQUEST	3		Get Data	1686924553479	1686924553572	OK	 
REQUEST	9		Get Data	1686924553636	1686924553755	OK	 
REQUEST	2		Get Data	1686924553729	1686924553824	OK	 
REQUEST	1		Get Data	1686924554011	1686924554167	OK	 
REQUEST	10		Get Data	1686924554091	1686924554198	OK	 
REQUEST	7		Get Data	1686924554171	1686924554266	OK	 
REQUEST	8		Get Data	1686924554229	1686924554334	OK	 
REQUEST	6		Get Data	1686924554341	1686924554441	OK	 
REQUEST	5		Get Data	1686924554413	1686924554537	OK	 
REQUEST	4		Get Data	1686924554528	1686924554623	OK	 
REQUEST	3		Get Data	1686924554574	1686924554668	OK	 
REQUEST	9		Get Data	1686924554741	1686924554887	OK	 
REQUEST	2		Get Data	1686924554830	1686924554936	OK	 
REQUEST	1		Get Data	1686924555155	1686924555254	OK	 
REQUEST	10		Get Data	1686924555191	1686924555292	OK	 
REQUEST	7		Get Data	1686924555280	1686924555374	OK	 
REQUEST	8		Get Data	1686924555326	1686924555419	OK	 
REQUEST	6		Get Data	1686924555434	1686924555531	OK	 
REQUEST	5		Get Data	1686924555541	1686924555643	OK	 
REQUEST	4		Get Data	1686924555602	1686924555693	OK	 
REQUEST	3		Get Data	1686924555651	1686924555748	OK	 
REQUEST	9		Get Data	1686924555901	1686924555995	OK	 
REQUEST	2		Get Data	1686924555928	1686924556026	OK	 
REQUEST	1		Get Data	1686924556271	1686924556368	OK	 
REQUEST	10		Get Data	1686924556301	1686924556394	OK	 
REQUEST	8		Get Data	1686924556411	1686924556504	OK	 
REQUEST	3		Get Data	1686924556751	1686924556846	OK	 
REQUEST	6		Get Data	1686924556531	1686924556852	OK	 
REQUEST	7		Get Data	1686924556362	1686924556852	OK	 
REQUEST	5		Get Data	1686924556639	1686924556852	OK	 
REQUEST	4		Get Data	1686924556701	1686924556977	OK	 
REQUEST	9		Get Data	1686924556992	1686924557094	OK	 
REQUEST	2		Get Data	1686924557022	1686924557126	OK	 
REQUEST	1		Get Data	1686924557362	1686924557462	OK	 
REQUEST	10		Get Data	1686924557409	1686924557508	OK	 
REQUEST	3		Get Data	1686924557862	1686924557974	OK	 
REQUEST	6		Get Data	1686924557861	1686924557985	OK	 
REQUEST	7		Get Data	1686924557862	1686924558026	OK	 
REQUEST	4		Get Data	1686924557971	1686924558349	OK	 
REQUEST	9		Get Data	1686924558094	1686924558352	OK	 
REQUEST	2		Get Data	1686924558126	1686924558359	OK	 
REQUEST	5		Get Data	1686924557862	1686924558361	OK	 
REQUEST	8		Get Data	1686924557521	1686924558554	OK	 
REQUEST	1		Get Data	1686924558471	1686924558571	OK	 
REQUEST	10		Get Data	1686924558497	1686924558597	OK	 
REQUEST	3		Get Data	1686924558961	1686924559062	OK	 
REQUEST	6		Get Data	1686924558975	1686924559073	OK	 
REQUEST	7		Get Data	1686924559021	1686924559185	OK	 
REQUEST	4		Get Data	1686924559351	1686924559449	OK	 
REQUEST	9		Get Data	1686924559351	1686924559460	OK	 
REQUEST	2		Get Data	1686924559352	1686924559461	OK	 
REQUEST	5		Get Data	1686924559362	1686924559501	OK	 
REQUEST	1		Get Data	1686924559565	1686924559669	OK	 
REQUEST	8		Get Data	1686924559551	1686924559670	OK	 
REQUEST	10		Get Data	1686924559601	1686924559715	OK	 
REQUEST	3		Get Data	1686924560051	1686924560157	OK	 
REQUEST	6		Get Data	1686924560081	1686924560177	OK	 
REQUEST	7		Get Data	1686924560186	1686924560292	OK	 
REQUEST	4		Get Data	1686924560451	1686924560581	OK	 
REQUEST	2		Get Data	1686924560481	1686924560593	OK	 
REQUEST	5		Get Data	1686924560496	1686924560619	OK	 
REQUEST	1		Get Data	1686924560682	1686924560785	OK	 
REQUEST	9		Get Data	1686924560451	1686924560796	OK	 
REQUEST	8		Get Data	1686924560681	1686924560799	OK	 
REQUEST	10		Get Data	1686924560702	1686924560806	OK	 
REQUEST	3		Get Data	1686924561162	1686924561267	OK	 
REQUEST	7		Get Data	1686924561285	1686924561384	OK	 
REQUEST	5		Get Data	1686924561611	1686924561713	KO	status.find.is(200), but actually found 400
REQUEST	4		Get Data	1686924561581	1686924561771	OK	 
REQUEST	2		Get Data	1686924561594	1686924561772	OK	 
REQUEST	6		Get Data	1686924561177	1686924561773	OK	 
REQUEST	8		Get Data	1686924561796	1686924561897	OK	 
REQUEST	10		Get Data	1686924561811	1686924561908	OK	 
REQUEST	9		Get Data	1686924561811	1686924561908	OK	 
REQUEST	1		Get Data	1686924561764	1686924562074	OK	 
REQUEST	3		Get Data	1686924562261	1686924562389	OK	 
REQUEST	7		Get Data	1686924562400	1686924562496	OK	 
REQUEST	5		Get Data	1686924562712	1686924562818	OK	 
REQUEST	6		Get Data	1686924562761	1686924562876	OK	 
REQUEST	4		Get Data	1686924562774	1686924562878	OK	 
REQUEST	2		Get Data	1686924562761	1686924562896	OK	 
REQUEST	8		Get Data	1686924562899	1686924563007	OK	 
REQUEST	9		Get Data	1686924562901	1686924563020	OK	 
REQUEST	10		Get Data	1686924562914	1686924563029	OK	 
REQUEST	1		Get Data	1686924563071	1686924563182	OK	 
REQUEST	3		Get Data	1686924563408	1686924563602	OK	 
REQUEST	7		Get Data	1686924563485	1686924563612	OK	 
REQUEST	5		Get Data	1686924563831	1686924563937	OK	 
REQUEST	4		Get Data	1686924563888	1686924563987	OK	 
REQUEST	6		Get Data	1686924563887	1686924563990	OK	 
REQUEST	2		Get Data	1686924563891	1686924564008	OK	 
REQUEST	10		Get Data	1686924564029	1686924564159	OK	 
REQUEST	9		Get Data	1686924564029	1686924564175	OK	 
REQUEST	1		Get Data	1686924564199	1686924564298	OK	 
REQUEST	8		Get Data	1686924563997	1686924564316	OK	 
REQUEST	3		Get Data	1686924564598	1686924564692	OK	 
REQUEST	7		Get Data	1686924564630	1686924564735	OK	 
REQUEST	5		Get Data	1686924564940	1686924565040	OK	 
REQUEST	4		Get Data	1686924564987	1686924565091	OK	 
REQUEST	6		Get Data	1686924564987	1686924565091	OK	 
REQUEST	2		Get Data	1686924565018	1686924565139	OK	 
REQUEST	10		Get Data	1686924565171	1686924565267	OK	 
REQUEST	9		Get Data	1686924565171	1686924565282	OK	 
REQUEST	1		Get Data	1686924565295	1686924565398	OK	 
REQUEST	8		Get Data	1686924565325	1686924565422	OK	 
REQUEST	7		Get Data	1686924565711	1686924565876	OK	 
REQUEST	3		Get Data	1686924565695	1686924565877	OK	 
REQUEST	5		Get Data	1686924566037	1686924566169	OK	 
REQUEST	6		Get Data	1686924566099	1686924566201	OK	 
REQUEST	4		Get Data	1686924566084	1686924566221	OK	 
REQUEST	2		Get Data	1686924566132	1686924566231	OK	 
REQUEST	9		Get Data	1686924566287	1686924566385	OK	 
REQUEST	10		Get Data	1686924566272	1686924566391	OK	 
REQUEST	1		Get Data	1686924566394	1686924566489	OK	 
REQUEST	8		Get Data	1686924566425	1686924566542	OK	 
REQUEST	3		Get Data	1686924566875	1686924566973	OK	 
REQUEST	7		Get Data	1686924566890	1686924566989	OK	 
REQUEST	5		Get Data	1686924567168	1686924567266	OK	 
REQUEST	6		Get Data	1686924567199	1686924567303	OK	 
REQUEST	2		Get Data	1686924567231	1686924567328	OK	 
REQUEST	4		Get Data	1686924567229	1686924567441	OK	 
REQUEST	10		Get Data	1686924567371	1686924567484	OK	 
REQUEST	9		Get Data	1686924567384	1686924567488	OK	 
REQUEST	1		Get Data	1686924567490	1686924567589	OK	 
REQUEST	8		Get Data	1686924567538	1686924567655	OK	 
REQUEST	3		Get Data	1686924567971	1686924568077	OK	 
REQUEST	7		Get Data	1686924567986	1686924568091	OK	 
REQUEST	5		Get Data	1686924568271	1686924568381	OK	 
REQUEST	2		Get Data	1686924568331	1686924568428	OK	 
REQUEST	6		Get Data	1686924568298	1686924568432	OK	 
REQUEST	4		Get Data	1686924568439	1686924568536	OK	 
REQUEST	9		Get Data	1686924568471	1686924568565	OK	 
REQUEST	10		Get Data	1686924568485	1686924568582	OK	 
REQUEST	1		Get Data	1686924568593	1686924568693	OK	 
REQUEST	8		Get Data	1686924568641	1686924568736	OK	 
REQUEST	3		Get Data	1686924569061	1686924569176	OK	 
REQUEST	7		Get Data	1686924569090	1686924569239	OK	 
REQUEST	5		Get Data	1686924569385	1686924569485	OK	 
REQUEST	2		Get Data	1686924569432	1686924569532	OK	 
REQUEST	6		Get Data	1686924569433	1686924569546	OK	 
REQUEST	4		Get Data	1686924569542	1686924569638	OK	 
REQUEST	9		Get Data	1686924569589	1686924569686	OK	 
REQUEST	10		Get Data	1686924569591	1686924569689	OK	 
REQUEST	1		Get Data	1686924569681	1686924569787	OK	 
REQUEST	8		Get Data	1686924569759	1686924569862	OK	 
REQUEST	3		Get Data	1686924570193	1686924570297	OK	 
REQUEST	7		Get Data	1686924570239	1686924570349	OK	 
REQUEST	5		Get Data	1686924570489	1686924570612	OK	 
REQUEST	6		Get Data	1686924570551	1686924570659	OK	 
REQUEST	2		Get Data	1686924570550	1686924570664	OK	 
REQUEST	4		Get Data	1686924570631	1686924570736	OK	 
REQUEST	10		Get Data	1686924570690	1686924570789	OK	 
REQUEST	9		Get Data	1686924570690	1686924570790	OK	 
REQUEST	1		Get Data	1686924570799	1686924570901	OK	 
REQUEST	8		Get Data	1686924570846	1686924570944	OK	 
REQUEST	3		Get Data	1686924571295	1686924571420	OK	 
REQUEST	7		Get Data	1686924571331	1686924571429	OK	 
REQUEST	5		Get Data	1686924571606	1686924571705	OK	 
REQUEST	2		Get Data	1686924571652	1686924571752	KO	status.find.is(200), but actually found 400
REQUEST	6		Get Data	1686924571641	1686924571782	OK	 
REQUEST	4		Get Data	1686924571731	1686924571852	OK	 
REQUEST	9		Get Data	1686924571778	1686924571878	OK	 
REQUEST	10		Get Data	1686924571781	1686924571881	OK	 
REQUEST	1		Get Data	1686924571891	1686924571998	OK	 
REQUEST	8		Get Data	1686924571951	1686924572055	OK	 
REQUEST	3		Get Data	1686924572431	1686924572539	OK	 
REQUEST	7		Get Data	1686924572444	1686924572562	OK	 
REQUEST	5		Get Data	1686924572709	1686924572814	OK	 
REQUEST	2		Get Data	1686924572755	1686924572869	OK	 
REQUEST	6		Get Data	1686924572803	1686924572902	OK	 
REQUEST	4		Get Data	1686924572851	1686924572961	OK	 
REQUEST	10		Get Data	1686924572881	1686924572977	OK	 
REQUEST	9		Get Data	1686924572882	1686924572994	OK	 
REQUEST	1		Get Data	1686924573005	1686924573115	OK	 
REQUEST	8		Get Data	1686924573051	1686924573152	OK	 
REQUEST	7		Get Data	1686924573565	1686924573670	OK	 
REQUEST	3		Get Data	1686924573521	1686924573670	OK	 
REQUEST	5		Get Data	1686924573801	1686924573902	OK	 
REQUEST	2		Get Data	1686924573878	1686924573973	OK	 
REQUEST	4		Get Data	1686924573972	1686924574097	OK	 
REQUEST	9		Get Data	1686924573991	1686924574103	OK	 
REQUEST	10		Get Data	1686924573987	1686924574133	OK	 
REQUEST	6		Get Data	1686924573909	1686924574146	OK	 
REQUEST	1		Get Data	1686924574127	1686924574231	OK	 
REQUEST	8		Get Data	1686924574156	1686924574253	OK	 
REQUEST	3		Get Data	1686924574671	1686924574773	OK	 
REQUEST	7		Get Data	1686924574668	1686924574794	OK	 
REQUEST	5		Get Data	1686924574902	1686924574997	OK	 
REQUEST	2		Get Data	1686924574963	1686924575078	OK	 
REQUEST	9		Get Data	1686924575091	1686924575206	OK	 
REQUEST	4		Get Data	1686924575091	1686924575228	OK	 
REQUEST	6		Get Data	1686924575135	1686924575237	OK	 
REQUEST	10		Get Data	1686924575134	1686924575253	OK	 
REQUEST	1		Get Data	1686924575230	1686924575339	OK	 
REQUEST	8		Get Data	1686924575261	1686924575360	OK	 
REQUEST	3		Get Data	1686924575775	1686924575888	OK	 
REQUEST	7		Get Data	1686924575805	1686924575909	OK	 
REQUEST	5		Get Data	1686924576007	1686924576107	OK	 
REQUEST	2		Get Data	1686924576071	1686924576169	OK	 
REQUEST	4		Get Data	1686924576226	1686924576323	OK	 
REQUEST	9		Get Data	1686924576226	1686924576330	OK	 
REQUEST	6		Get Data	1686924576242	1686924576337	OK	 
REQUEST	10		Get Data	1686924576242	1686924576343	OK	 
REQUEST	1		Get Data	1686924576321	1686924576416	OK	 
REQUEST	8		Get Data	1686924576352	1686924576445	OK	 
REQUEST	3		Get Data	1686924576894	1686924576998	OK	 
REQUEST	7		Get Data	1686924576909	1686924577003	OK	 
REQUEST	2		Get Data	1686924577174	1686924577268	OK	 
REQUEST	5		Get Data	1686924577111	1686924577320	OK	 
REQUEST	9		Get Data	1686924577328	1686924577423	OK	 
REQUEST	6		Get Data	1686924577329	1686924577428	OK	 
REQUEST	4		Get Data	1686924577331	1686924577433	OK	 
REQUEST	10		Get Data	1686924577359	1686924577456	OK	 
REQUEST	1		Get Data	1686924577437	1686924577535	OK	 
REQUEST	8		Get Data	1686924577453	1686924577549	OK	 
REQUEST	3		Get Data	1686924578001	1686924578107	OK	 
REQUEST	7		Get Data	1686924578001	1686924578141	OK	 
REQUEST	2		Get Data	1686924578260	1686924578383	OK	 
REQUEST	5		Get Data	1686924578311	1686924578407	OK	 
REQUEST	4		Get Data	1686924578429	1686924578527	OK	 
REQUEST	9		Get Data	1686924578429	1686924578527	OK	 
REQUEST	6		Get Data	1686924578431	1686924578528	OK	 
REQUEST	10		Get Data	1686924578445	1686924578540	OK	 
REQUEST	1		Get Data	1686924578538	1686924578649	OK	 
REQUEST	8		Get Data	1686924578538	1686924578854	OK	 
REQUEST	3		Get Data	1686924579102	1686924579198	OK	 
REQUEST	7		Get Data	1686924579152	1686924579255	OK	 
REQUEST	5		Get Data	1686924579401	1686924579513	OK	 
REQUEST	2		Get Data	1686924579401	1686924579597	OK	 
REQUEST	9		Get Data	1686924579511	1686924579610	OK	 
REQUEST	10		Get Data	1686924579525	1686924579618	OK	 
REQUEST	4		Get Data	1686924579524	1686924579619	OK	 
REQUEST	6		Get Data	1686924579540	1686924579632	OK	 
REQUEST	1		Get Data	1686924579649	1686924579747	OK	 
REQUEST	8		Get Data	1686924579866	1686924579958	OK	 
REQUEST	3		Get Data	1686924580208	1686924580310	OK	 
REQUEST	7		Get Data	1686924580241	1686924580363	OK	 
REQUEST	5		Get Data	1686924580521	1686924580620	OK	 
REQUEST	2		Get Data	1686924580581	1686924580694	OK	 
REQUEST	9		Get Data	1686924580612	1686924580708	OK	 
REQUEST	10		Get Data	1686924580626	1686924580721	OK	 
REQUEST	6		Get Data	1686924580627	1686924580723	OK	 
REQUEST	4		Get Data	1686924580612	1686924580726	OK	 
REQUEST	1		Get Data	1686924580749	1686924580995	OK	 
REQUEST	8		Get Data	1686924580949	1686924581044	OK	 
REQUEST	3		Get Data	1686924581310	1686924581408	OK	 
REQUEST	7		Get Data	1686924581361	1686924581458	OK	 
REQUEST	5		Get Data	1686924581617	1686924581713	OK	 
REQUEST	9		Get Data	1686924581712	1686924581810	OK	 
REQUEST	2		Get Data	1686924581712	1686924581811	KO	status.find.is(200), but actually found 400
REQUEST	10		Get Data	1686924581731	1686924581828	OK	 
REQUEST	4		Get Data	1686924581731	1686924581828	OK	 
REQUEST	6		Get Data	1686924581728	1686924581829	OK	 
REQUEST	1		Get Data	1686924581975	1686924582084	OK	 
REQUEST	8		Get Data	1686924582053	1686924582145	OK	 
REQUEST	3		Get Data	1686924582407	1686924582504	OK	 
REQUEST	7		Get Data	1686924582454	1686924582551	OK	 
REQUEST	5		Get Data	1686924582721	1686924582824	OK	 
REQUEST	2		Get Data	1686924582794	1686924582893	OK	 
REQUEST	9		Get Data	1686924582809	1686924582911	OK	 
REQUEST	10		Get Data	1686924582824	1686924582916	OK	 
REQUEST	6		Get Data	1686924582824	1686924582916	OK	 
REQUEST	4		Get Data	1686924582839	1686924582938	OK	 
REQUEST	1		Get Data	1686924583091	1686924583193	OK	 
REQUEST	8		Get Data	1686924583148	1686924583244	OK	 
REQUEST	3		Get Data	1686924583503	1686924583600	OK	 
REQUEST	7		Get Data	1686924583565	1686924583662	OK	 
REQUEST	5		Get Data	1686924583824	1686924583928	OK	 
REQUEST	6		Get Data	1686924583901	1686924584031	OK	 
REQUEST	2		Get Data	1686924583901	1686924584032	OK	 
REQUEST	4		Get Data	1686924583932	1686924584033	OK	 
REQUEST	10		Get Data	1686924583917	1686924584033	OK	 
REQUEST	9		Get Data	1686924583916	1686924584086	OK	 
REQUEST	1		Get Data	1686924584196	1686924584295	OK	 
REQUEST	8		Get Data	1686924584242	1686924584337	OK	 
REQUEST	3		Get Data	1686924584612	1686924584706	OK	 
REQUEST	7		Get Data	1686924584661	1686924584758	OK	 
REQUEST	5		Get Data	1686924584923	1686924585014	OK	 
REQUEST	4		Get Data	1686924585031	1686924585133	OK	 
REQUEST	2		Get Data	1686924585031	1686924585155	OK	 
REQUEST	6		Get Data	1686924585047	1686924585155	OK	 
REQUEST	9		Get Data	1686924585078	1686924585187	OK	 
REQUEST	10		Get Data	1686924585031	1686924585356	OK	 
REQUEST	1		Get Data	1686924585295	1686924585398	OK	 
REQUEST	8		Get Data	1686924585341	1686924585434	OK	 
REQUEST	3		Get Data	1686924585702	1686924585811	OK	 
REQUEST	7		Get Data	1686924585751	1686924585849	OK	 
REQUEST	5		Get Data	1686924586011	1686924586111	OK	 
REQUEST	4		Get Data	1686924586135	1686924586231	OK	 
REQUEST	6		Get Data	1686924586151	1686924586245	OK	 
REQUEST	2		Get Data	1686924586166	1686924586265	OK	 
REQUEST	9		Get Data	1686924586181	1686924586277	OK	 
REQUEST	10		Get Data	1686924586351	1686924586445	OK	 
REQUEST	1		Get Data	1686924586396	1686924586515	OK	 
REQUEST	8		Get Data	1686924586431	1686924586527	OK	 
REQUEST	3		Get Data	1686924586816	1686924586914	OK	 
REQUEST	7		Get Data	1686924586848	1686924586945	OK	 
REQUEST	5		Get Data	1686924587111	1686924587209	OK	 
REQUEST	4		Get Data	1686924587250	1686924587349	OK	 
REQUEST	6		Get Data	1686924587251	1686924587356	OK	 
REQUEST	2		Get Data	1686924587265	1686924587359	OK	 
REQUEST	9		Get Data	1686924587296	1686924587395	OK	 
REQUEST	10		Get Data	1686924587451	1686924587568	OK	 
REQUEST	8		Get Data	1686924587527	1686924587628	OK	 
REQUEST	1		Get Data	1686924587511	1686924587835	OK	 
REQUEST	3		Get Data	1686924587912	1686924588015	OK	 
REQUEST	7		Get Data	1686924587959	1686924588094	OK	 
REQUEST	5		Get Data	1686924588211	1686924588314	OK	 
REQUEST	4		Get Data	1686924588333	1686924588427	OK	 
REQUEST	2		Get Data	1686924588348	1686924588447	OK	 
REQUEST	6		Get Data	1686924588349	1686924588457	OK	 
REQUEST	9		Get Data	1686924588396	1686924588502	OK	 
REQUEST	10		Get Data	1686924588580	1686924588705	OK	 
REQUEST	8		Get Data	1686924588626	1686924588718	OK	 
REQUEST	1		Get Data	1686924588841	1686924588941	OK	 
REQUEST	3		Get Data	1686924589011	1686924589125	OK	 
REQUEST	7		Get Data	1686924589072	1686924589194	OK	 
REQUEST	5		Get Data	1686924589303	1686924589411	OK	 
REQUEST	4		Get Data	1686924589411	1686924589507	OK	 
REQUEST	2		Get Data	1686924589487	1686924589583	OK	 
REQUEST	9		Get Data	1686924589491	1686924589585	OK	 
REQUEST	6		Get Data	1686924589488	1686924589585	OK	 
REQUEST	10		Get Data	1686924589702	1686924589793	OK	 
REQUEST	8		Get Data	1686924589702	1686924589799	OK	 
REQUEST	1		Get Data	1686924589935	1686924590037	OK	 
REQUEST	3		Get Data	1686924590121	1686924590241	OK	 
REQUEST	7		Get Data	1686924590211	1686924590314	OK	 
REQUEST	5		Get Data	1686924590431	1686924590535	OK	 
REQUEST	4		Get Data	1686924590521	1686924590618	OK	 
REQUEST	2		Get Data	1686924590551	1686924590646	OK	 
REQUEST	6		Get Data	1686924590566	1686924590663	OK	 
REQUEST	9		Get Data	1686924590597	1686924590806	OK	 
REQUEST	10		Get Data	1686924590782	1686924590874	OK	 
REQUEST	8		Get Data	1686924590829	1686924590922	OK	 
REQUEST	1		Get Data	1686924591043	1686924591138	OK	 
REQUEST	3		Get Data	1686924591244	1686924591340	OK	 
REQUEST	7		Get Data	1686924591307	1686924591411	OK	 
REQUEST	5		Get Data	1686924591538	1686924591641	KO	status.find.is(200), but actually found 400
REQUEST	4		Get Data	1686924591614	1686924591717	OK	 
REQUEST	6		Get Data	1686924591661	1686924591757	OK	 
REQUEST	2		Get Data	1686924591646	1686924591773	OK	 
REQUEST	9		Get Data	1686924591803	1686924591900	OK	 
REQUEST	10		Get Data	1686924591890	1686924591995	OK	 
REQUEST	8		Get Data	1686924591921	1686924592012	OK	 
REQUEST	1		Get Data	1686924592141	1686924592239	OK	 
REQUEST	3		Get Data	1686924592340	1686924592435	OK	 
REQUEST	7		Get Data	1686924592418	1686924592515	OK	 
REQUEST	5		Get Data	1686924592621	1686924592749	OK	 
REQUEST	4		Get Data	1686924592729	1686924592835	OK	 
REQUEST	6		Get Data	1686924592760	1686924592856	OK	 
REQUEST	2		Get Data	1686924592775	1686924592875	OK	 
REQUEST	9		Get Data	1686924592900	1686924593001	OK	 
REQUEST	10		Get Data	1686924592976	1686924593076	OK	 
REQUEST	8		Get Data	1686924592991	1686924593084	OK	 
REQUEST	1		Get Data	1686924593240	1686924593341	OK	 
REQUEST	3		Get Data	1686924593431	1686924593527	OK	 
REQUEST	7		Get Data	1686924593521	1686924593616	OK	 
REQUEST	5		Get Data	1686924593768	1686924593897	OK	 
REQUEST	4		Get Data	1686924593829	1686924593936	OK	 
REQUEST	2		Get Data	1686924593883	1686924593978	OK	 
REQUEST	6		Get Data	1686924593860	1686924594009	OK	 
REQUEST	9		Get Data	1686924593998	1686924594092	OK	 
REQUEST	8		Get Data	1686924594090	1686924594182	OK	 
REQUEST	10		Get Data	1686924594090	1686924594186	OK	 
REQUEST	1		Get Data	1686924594338	1686924594435	OK	 
REQUEST	3		Get Data	1686924594535	1686924594631	OK	 
REQUEST	7		Get Data	1686924594613	1686924594708	OK	 
REQUEST	4		Get Data	1686924594921	1686924595041	OK	 
REQUEST	5		Get Data	1686924594891	1686924595050	OK	 
REQUEST	2		Get Data	1686924594968	1686924595063	OK	 
REQUEST	6		Get Data	1686924595000	1686924595101	OK	 
REQUEST	9		Get Data	1686924595108	1686924595204	OK	 
REQUEST	10		Get Data	1686924595186	1686924595294	OK	 
REQUEST	8		Get Data	1686924595186	1686924595360	OK	 
REQUEST	1		Get Data	1686924595449	1686924595546	OK	 
REQUEST	3		Get Data	1686924595633	1686924595744	OK	 
REQUEST	7		Get Data	1686924595711	1686924595819	OK	 
REQUEST	4		Get Data	1686924596058	1686924596154	OK	 
REQUEST	2		Get Data	1686924596061	1686924596157	OK	 
REQUEST	5		Get Data	1686924596058	1686924596165	OK	 
REQUEST	6		Get Data	1686924596101	1686924596208	OK	 
REQUEST	9		Get Data	1686924596201	1686924596303	OK	 
REQUEST	10		Get Data	1686924596291	1686924596382	OK	 
REQUEST	8		Get Data	1686924596341	1686924596433	OK	 
REQUEST	1		Get Data	1686924596538	1686924596643	OK	 
REQUEST	3		Get Data	1686924596741	1686924596837	OK	 
REQUEST	7		Get Data	1686924596803	1686924596902	OK	 
REQUEST	4		Get Data	1686924597145	1686924597265	OK	 
REQUEST	5		Get Data	1686924597161	1686924597283	OK	 
REQUEST	2		Get Data	1686924597160	1686924597285	OK	 
REQUEST	6		Get Data	1686924597213	1686924597329	OK	 
REQUEST	10		Get Data	1686924597378	1686924597504	OK	 
REQUEST	8		Get Data	1686924597455	1686924597605	OK	 
REQUEST	9		Get Data	1686924597301	1686924597650	OK	 
REQUEST	1		Get Data	1686924597639	1686924597750	OK	 
REQUEST	3		Get Data	1686924597839	1686924598060	OK	 
REQUEST	7		Get Data	1686924597902	1686924598075	OK	 
REQUEST	4		Get Data	1686924598261	1686924598385	OK	 
REQUEST	2		Get Data	1686924598290	1686924598413	OK	 
REQUEST	5		Get Data	1686924598289	1686924598428	OK	 
REQUEST	6		Get Data	1686924598321	1686924598428	OK	 
REQUEST	10		Get Data	1686924598511	1686924598609	OK	 
REQUEST	8		Get Data	1686924598599	1686924598723	OK	 
REQUEST	9		Get Data	1686924598645	1686924598813	OK	 
REQUEST	1		Get Data	1686924598754	1686924598906	OK	 
REQUEST	3		Get Data	1686924599047	1686924599165	OK	 
REQUEST	7		Get Data	1686924599081	1686924599181	OK	 
REQUEST	5		Get Data	1686924599403	1686924599503	OK	 
REQUEST	2		Get Data	1686924599419	1686924599523	OK	 
REQUEST	6		Get Data	1686924599421	1686924599523	OK	 
REQUEST	4		Get Data	1686924599403	1686924599549	OK	 
REQUEST	10		Get Data	1686924599605	1686924599711	OK	 
REQUEST	8		Get Data	1686924599731	1686924599829	OK	 
REQUEST	9		Get Data	1686924599806	1686924599915	OK	 
REQUEST	1		Get Data	1686924599899	1686924600023	OK	 
REQUEST	7		Get Data	1686924600181	1686924600331	OK	 
REQUEST	3		Get Data	1686924600163	1686924600472	OK	 
REQUEST	2		Get Data	1686924600504	1686924600612	OK	 
REQUEST	5		Get Data	1686924600521	1686924600626	OK	 
REQUEST	6		Get Data	1686924600534	1686924600647	OK	 
REQUEST	4		Get Data	1686924600550	1686924600658	OK	 
REQUEST	10		Get Data	1686924600704	1686924600804	OK	 
REQUEST	8		Get Data	1686924600827	1686924600920	OK	 
REQUEST	9		Get Data	1686924600921	1686924601020	OK	 
REQUEST	1		Get Data	1686924601031	1686924601139	OK	 
REQUEST	7		Get Data	1686924601341	1686924601439	OK	 
REQUEST	3		Get Data	1686924601482	1686924601581	KO	status.find.is(200), but actually found 400
REQUEST	4		Get Data	1686924601641	1686924601745	OK	 
REQUEST	6		Get Data	1686924601653	1686924601753	OK	 
REQUEST	5		Get Data	1686924601641	1686924601755	OK	 
REQUEST	10		Get Data	1686924601811	1686924601913	OK	 
REQUEST	2		Get Data	1686924601622	1686924601935	OK	 
REQUEST	8		Get Data	1686924601921	1686924602018	OK	 
REQUEST	9		Get Data	1686924602026	1686924602128	OK	 
REQUEST	7		Get Data	1686924602444	1686924602573	OK	 
REQUEST	3		Get Data	1686924602585	1686924602685	OK	 
REQUEST	1		Get Data	1686924602121	1686924602776	OK	 
REQUEST	4		Get Data	1686924602741	1686924602852	OK	 
REQUEST	6		Get Data	1686924602756	1686924602858	OK	 
REQUEST	5		Get Data	1686924602741	1686924602861	OK	 
REQUEST	10		Get Data	1686924602911	1686924603020	OK	 
REQUEST	2		Get Data	1686924602941	1686924603099	OK	 
REQUEST	8		Get Data	1686924603018	1686924603143	OK	 
REQUEST	9		Get Data	1686924603127	1686924603238	OK	 
REQUEST	7		Get Data	1686924603561	1686924603690	OK	 
REQUEST	3		Get Data	1686924603683	1686924603798	OK	 
REQUEST	1		Get Data	1686924603791	1686924603947	OK	 
REQUEST	4		Get Data	1686924603871	1686924603997	OK	 
REQUEST	5		Get Data	1686924603852	1686924604002	OK	 
REQUEST	10		Get Data	1686924604038	1686924604145	OK	 
REQUEST	6		Get Data	1686924603852	1686924604175	OK	 
REQUEST	2		Get Data	1686924604101	1686924604213	OK	 
REQUEST	8		Get Data	1686924604145	1686924604245	OK	 
REQUEST	9		Get Data	1686924604222	1686924604342	OK	 
REQUEST	7		Get Data	1686924604700	1686924604813	OK	 
REQUEST	3		Get Data	1686924604809	1686924604941	OK	 
REQUEST	1		Get Data	1686924604950	1686924605078	OK	 
REQUEST	5		Get Data	1686924605001	1686924605109	OK	 
REQUEST	4		Get Data	1686924604996	1686924605109	OK	 
REQUEST	10		Get Data	1686924605137	1686924605236	OK	 
REQUEST	6		Get Data	1686924605183	1686924605305	OK	 
REQUEST	2		Get Data	1686924605214	1686924605323	OK	 
REQUEST	8		Get Data	1686924605244	1686924605336	OK	 
REQUEST	9		Get Data	1686924605353	1686924605482	OK	 
REQUEST	7		Get Data	1686924605817	1686924605924	OK	 
REQUEST	3		Get Data	1686924605926	1686924606021	OK	 
REQUEST	1		Get Data	1686924606079	1686924606177	OK	 
REQUEST	4		Get Data	1686924606095	1686924606194	OK	 
REQUEST	5		Get Data	1686924606110	1686924606210	OK	 
REQUEST	10		Get Data	1686924606234	1686924606331	OK	 
REQUEST	6		Get Data	1686924606295	1686924606396	OK	 
REQUEST	2		Get Data	1686924606326	1686924606428	OK	 
REQUEST	8		Get Data	1686924606327	1686924606428	OK	 
REQUEST	9		Get Data	1686924606483	1686924606582	OK	 
REQUEST	7		Get Data	1686924606901	1686924607001	OK	 
REQUEST	3		Get Data	1686924607040	1686924607258	OK	 
REQUEST	1		Get Data	1686924607179	1686924607282	OK	 
REQUEST	5		Get Data	1686924607211	1686924607317	OK	 
REQUEST	4		Get Data	1686924607211	1686924607317	OK	 
REQUEST	10		Get Data	1686924607334	1686924607432	OK	 
REQUEST	2		Get Data	1686924607412	1686924607512	OK	 
REQUEST	6		Get Data	1686924607412	1686924607525	OK	 
REQUEST	8		Get Data	1686924607431	1686924607534	OK	 
REQUEST	9		Get Data	1686924607581	1686924607694	OK	 
REQUEST	7		Get Data	1686924608011	1686924608147	OK	 
REQUEST	3		Get Data	1686924608240	1686924608350	OK	 
REQUEST	1		Get Data	1686924608271	1686924608374	OK	 
REQUEST	4		Get Data	1686924608302	1686924608405	OK	 
REQUEST	5		Get Data	1686924608318	1686924608421	OK	 
REQUEST	10		Get Data	1686924608431	1686924608547	OK	 
REQUEST	2		Get Data	1686924608521	1686924608632	OK	 
REQUEST	6		Get Data	1686924608521	1686924608643	OK	 
REQUEST	8		Get Data	1686924608551	1686924608652	OK	 
REQUEST	9		Get Data	1686924608704	1686924608825	OK	 
REQUEST	7		Get Data	1686924609141	1686924609242	OK	 
REQUEST	3		Get Data	1686924609341	1686924609458	OK	 
REQUEST	1		Get Data	1686924609371	1686924609466	OK	 
REQUEST	4		Get Data	1686924609401	1686924609497	OK	 
REQUEST	5		Get Data	1686924609428	1686924609541	OK	 
REQUEST	10		Get Data	1686924609536	1686924609653	OK	 
REQUEST	8		Get Data	1686924609631	1686924609732	OK	 
REQUEST	2		Get Data	1686924609631	1686924609732	OK	 
REQUEST	6		Get Data	1686924609643	1686924609753	OK	 
REQUEST	9		Get Data	1686924609812	1686924609934	OK	 
REQUEST	7		Get Data	1686924610244	1686924610358	OK	 
REQUEST	3		Get Data	1686924610461	1686924610560	OK	 
REQUEST	1		Get Data	1686924610475	1686924610582	OK	 
REQUEST	4		Get Data	1686924610520	1686924610620	OK	 
REQUEST	5		Get Data	1686924610535	1686924610634	OK	 
REQUEST	10		Get Data	1686924610659	1686924610756	OK	 
REQUEST	2		Get Data	1686924610721	1686924610820	OK	 
REQUEST	8		Get Data	1686924610735	1686924610830	OK	 
REQUEST	6		Get Data	1686924610751	1686924610845	OK	 
REQUEST	9		Get Data	1686924610937	1686924611038	OK	 
REQUEST	7		Get Data	1686924611371	1686924611474	OK	 
REQUEST	3		Get Data	1686924611573	1686924611669	KO	status.find.is(200), but actually found 400
REQUEST	1		Get Data	1686924611588	1686924611702	OK	 
REQUEST	4		Get Data	1686924611604	1686924611712	OK	 
REQUEST	5		Get Data	1686924611650	1686924611749	OK	 
REQUEST	10		Get Data	1686924611761	1686924611869	OK	 
REQUEST	8		Get Data	1686924611821	1686924611925	OK	 
REQUEST	2		Get Data	1686924611821	1686924611925	OK	 
REQUEST	6		Get Data	1686924611850	1686924611955	OK	 
REQUEST	9		Get Data	1686924612052	1686924612153	OK	 
REQUEST	7		Get Data	1686924612468	1686924612582	OK	 
REQUEST	3		Get Data	1686924612671	1686924612777	OK	 
REQUEST	1		Get Data	1686924612701	1686924612807	OK	 
REQUEST	4		Get Data	1686924612731	1686924612829	OK	 
REQUEST	5		Get Data	1686924612731	1686924612829	OK	 
REQUEST	10		Get Data	1686924612872	1686924612972	OK	 
REQUEST	8		Get Data	1686924612931	1686924613029	OK	 
REQUEST	2		Get Data	1686924612930	1686924613040	OK	 
REQUEST	6		Get Data	1686924612945	1686924613049	OK	 
REQUEST	9		Get Data	1686924613151	1686924613254	OK	 
REQUEST	7		Get Data	1686924613581	1686924613685	OK	 
REQUEST	1		Get Data	1686924613799	1686924613918	OK	 
REQUEST	5		Get Data	1686924613831	1686924613933	OK	 
REQUEST	4		Get Data	1686924613814	1686924613961	OK	 
REQUEST	3		Get Data	1686924613768	1686924613993	OK	 
REQUEST	10		Get Data	1686924613969	1686924614071	OK	 
REQUEST	8		Get Data	1686924614031	1686924614124	OK	 
REQUEST	2		Get Data	1686924614051	1686924614151	OK	 
REQUEST	6		Get Data	1686924614051	1686924614152	OK	 
REQUEST	9		Get Data	1686924614246	1686924614345	OK	 
REQUEST	7		Get Data	1686924614681	1686924614784	OK	 
REQUEST	1		Get Data	1686924614925	1686924615037	OK	 
REQUEST	5		Get Data	1686924614940	1686924615041	OK	 
REQUEST	4		Get Data	1686924614970	1686924615079	OK	 
REQUEST	3		Get Data	1686924615000	1686924615105	OK	 
REQUEST	10		Get Data	1686924615061	1686924615158	OK	 
REQUEST	8		Get Data	1686924615137	1686924615233	OK	 
REQUEST	6		Get Data	1686924615141	1686924615241	OK	 
REQUEST	2		Get Data	1686924615141	1686924615244	OK	 
REQUEST	9		Get Data	1686924615353	1686924615456	OK	 
REQUEST	7		Get Data	1686924615790	1686924615904	OK	 
REQUEST	5		Get Data	1686924616038	1686924616133	OK	 
REQUEST	1		Get Data	1686924616037	1686924616142	OK	 
REQUEST	4		Get Data	1686924616068	1686924616165	OK	 
REQUEST	3		Get Data	1686924616099	1686924616214	OK	 
REQUEST	10		Get Data	1686924616161	1686924616265	OK	 
REQUEST	8		Get Data	1686924616239	1686924616336	OK	 
REQUEST	6		Get Data	1686924616241	1686924616342	OK	 
REQUEST	2		Get Data	1686924616254	1686924616361	OK	 
REQUEST	9		Get Data	1686924616454	1686924616681	OK	 
REQUEST	7		Get Data	1686924616906	1686924617014	OK	 
REQUEST	1		Get Data	1686924617140	1686924617243	OK	 
REQUEST	5		Get Data	1686924617141	1686924617265	OK	 
REQUEST	4		Get Data	1686924617171	1686924617278	OK	 
REQUEST	3		Get Data	1686924617221	1686924617322	OK	 
REQUEST	10		Get Data	1686924617264	1686924617384	OK	 
REQUEST	8		Get Data	1686924617326	1686924617424	OK	 
REQUEST	2		Get Data	1686924617357	1686924617473	OK	 
REQUEST	6		Get Data	1686924617357	1686924617507	OK	 
REQUEST	9		Get Data	1686924617671	1686924617798	OK	 
REQUEST	7		Get Data	1686924618009	1686924618136	OK	 
REQUEST	1		Get Data	1686924618231	1686924618330	OK	 
REQUEST	4		Get Data	1686924618261	1686924618354	OK	 
REQUEST	5		Get Data	1686924618261	1686924618364	OK	 
REQUEST	3		Get Data	1686924618318	1686924618415	OK	 
REQUEST	8		Get Data	1686924618424	1686924618533	OK	 
REQUEST	2		Get Data	1686924618509	1686924618608	OK	 
REQUEST	6		Get Data	1686924618510	1686924618613	OK	 
REQUEST	10		Get Data	1686924618381	1686924618693	OK	 
REQUEST	9		Get Data	1686924618808	1686924618994	OK	 
REQUEST	7		Get Data	1686924619150	1686924619262	OK	 
REQUEST	1		Get Data	1686924619335	1686924619440	OK	 
REQUEST	5		Get Data	1686924619365	1686924619458	OK	 
REQUEST	4		Get Data	1686924619381	1686924619479	OK	 
REQUEST	3		Get Data	1686924619429	1686924619523	OK	 
REQUEST	8		Get Data	1686924619536	1686924619632	OK	 
REQUEST	2		Get Data	1686924619551	1686924619651	OK	 
REQUEST	6		Get Data	1686924619612	1686924619721	OK	 
REQUEST	10		Get Data	1686924619705	1686924619828	OK	 
REQUEST	9		Get Data	1686924619983	1686924620082	OK	 
REQUEST	7		Get Data	1686924620260	1686924620367	OK	 
REQUEST	1		Get Data	1686924620447	1686924620554	OK	 
REQUEST	5		Get Data	1686924620448	1686924620557	OK	 
REQUEST	4		Get Data	1686924620463	1686924620572	OK	 
REQUEST	3		Get Data	1686924620525	1686924620635	OK	 
REQUEST	2		Get Data	1686924620665	1686924620774	OK	 
REQUEST	6		Get Data	1686924620727	1686924620826	OK	 
REQUEST	8		Get Data	1686924620634	1686924620841	OK	 
REQUEST	10		Get Data	1686924620823	1686924620947	OK	 
REQUEST	9		Get Data	1686924621081	1686924621176	OK	 
REQUEST	7		Get Data	1686924621361	1686924621461	KO	status.find.is(200), but actually found 400
REQUEST	1		Get Data	1686924621547	1686924621645	OK	 
REQUEST	4		Get Data	1686924621581	1686924621687	OK	 
REQUEST	5		Get Data	1686924621578	1686924621687	OK	 
REQUEST	3		Get Data	1686924621624	1686924621722	OK	 
REQUEST	2		Get Data	1686924621794	1686924621894	OK	 
REQUEST	6		Get Data	1686924621811	1686924621910	OK	 
REQUEST	8		Get Data	1686924621855	1686924621952	OK	 
REQUEST	10		Get Data	1686924621951	1686924622052	OK	 
REQUEST	9		Get Data	1686924622182	1686924622285	OK	 
REQUEST	7		Get Data	1686924622451	1686924622550	OK	 
REQUEST	1		Get Data	1686924622651	1686924622758	OK	 
REQUEST	5		Get Data	1686924622665	1686924622774	OK	 
REQUEST	4		Get Data	1686924622681	1686924622787	OK	 
REQUEST	3		Get Data	1686924622731	1686924622856	OK	 
REQUEST	2		Get Data	1686924622882	1686924622981	OK	 
REQUEST	6		Get Data	1686924622913	1686924623008	OK	 
REQUEST	8		Get Data	1686924622933	1686924623034	OK	 
REQUEST	10		Get Data	1686924623051	1686924623146	OK	 
REQUEST	9		Get Data	1686924623283	1686924623380	OK	 
REQUEST	7		Get Data	1686924623551	1686924623688	OK	 
REQUEST	1		Get Data	1686924623751	1686924623849	OK	 
REQUEST	4		Get Data	1686924623781	1686924623880	OK	 
REQUEST	5		Get Data	1686924623781	1686924623912	OK	 
REQUEST	3		Get Data	1686924623854	1686924623996	OK	 
REQUEST	2		Get Data	1686924623975	1686924624076	OK	 
REQUEST	8		Get Data	1686924624021	1686924624122	OK	 
REQUEST	6		Get Data	1686924624020	1686924624124	OK	 
REQUEST	10		Get Data	1686924624169	1686924624261	OK	 
REQUEST	9		Get Data	1686924624391	1686924624489	OK	 
REQUEST	7		Get Data	1686924624701	1686924624808	OK	 
REQUEST	4		Get Data	1686924624885	1686924624982	OK	 
REQUEST	5		Get Data	1686924624916	1686924625022	OK	 
REQUEST	3		Get Data	1686924624981	1686924625076	OK	 
REQUEST	1		Get Data	1686924624854	1686924625168	OK	 
REQUEST	2		Get Data	1686924625087	1686924625182	OK	 
REQUEST	6		Get Data	1686924625119	1686924625219	OK	 
REQUEST	8		Get Data	1686924625135	1686924625237	OK	 
REQUEST	10		Get Data	1686924625242	1686924625333	OK	 
REQUEST	9		Get Data	1686924625490	1686924625588	OK	 
REQUEST	7		Get Data	1686924625799	1686924625896	OK	 
REQUEST	4		Get Data	1686924625991	1686924626087	OK	 
REQUEST	5		Get Data	1686924626018	1686924626111	OK	 
REQUEST	3		Get Data	1686924626081	1686924626184	OK	 
REQUEST	1		Get Data	1686924626174	1686924626269	OK	 
REQUEST	2		Get Data	1686924626190	1686924626286	OK	 
REQUEST	6		Get Data	1686924626221	1686924626319	OK	 
REQUEST	8		Get Data	1686924626236	1686924626331	OK	 
REQUEST	10		Get Data	1686924626331	1686924626436	OK	 
REQUEST	9		Get Data	1686924626589	1686924626686	OK	 
REQUEST	7		Get Data	1686924626901	1686924626994	OK	 
REQUEST	4		Get Data	1686924627086	1686924627188	OK	 
REQUEST	5		Get Data	1686924627121	1686924627219	OK	 
REQUEST	3		Get Data	1686924627181	1686924627278	OK	 
REQUEST	1		Get Data	1686924627257	1686924627355	OK	 
REQUEST	6		Get Data	1686924627319	1686924627427	OK	 
REQUEST	8		Get Data	1686924627350	1686924627454	OK	 
REQUEST	10		Get Data	1686924627443	1686924627635	OK	 
REQUEST	2		Get Data	1686924627273	1686924627659	OK	 
REQUEST	9		Get Data	1686924627691	1686924627786	OK	 
REQUEST	7		Get Data	1686924627991	1686924628085	OK	 
REQUEST	4		Get Data	1686924628189	1686924628286	OK	 
REQUEST	5		Get Data	1686924628220	1686924628315	OK	 
REQUEST	3		Get Data	1686924628282	1686924628382	OK	 
REQUEST	1		Get Data	1686924628361	1686924628471	OK	 
REQUEST	6		Get Data	1686924628420	1686924628516	OK	 
REQUEST	8		Get Data	1686924628435	1686924628525	OK	 
REQUEST	10		Get Data	1686924628634	1686924628750	OK	 
REQUEST	2		Get Data	1686924628649	1686924628760	OK	 
REQUEST	9		Get Data	1686924628773	1686924628869	OK	 
REQUEST	7		Get Data	1686924629099	1686924629218	OK	 
REQUEST	4		Get Data	1686924629287	1686924629381	OK	 
REQUEST	5		Get Data	1686924629318	1686924629413	OK	 
REQUEST	3		Get Data	1686924629381	1686924629477	OK	 
REQUEST	1		Get Data	1686924629489	1686924629584	OK	 
REQUEST	8		Get Data	1686924629521	1686924629624	OK	 
REQUEST	6		Get Data	1686924629521	1686924629634	OK	 
REQUEST	2		Get Data	1686924629751	1686924629846	OK	 
REQUEST	10		Get Data	1686924629749	1686924629873	OK	 
REQUEST	9		Get Data	1686924629861	1686924629960	OK	 
REQUEST	7		Get Data	1686924630201	1686924630301	OK	 
REQUEST	4		Get Data	1686924630386	1686924630482	OK	 
REQUEST	5		Get Data	1686924630402	1686924630502	OK	 
REQUEST	1		Get Data	1686924630574	1686924630668	OK	 
REQUEST	8		Get Data	1686924630621	1686924630715	OK	 
REQUEST	3		Get Data	1686924630481	1686924630717	OK	 
REQUEST	6		Get Data	1686924630636	1686924630729	OK	 
REQUEST	10		Get Data	1686924630871	1686924630967	OK	 
REQUEST	2		Get Data	1686924630871	1686924630971	OK	 
REQUEST	9		Get Data	1686924630980	1686924631080	KO	status.find.is(200), but actually found 400
REQUEST	7		Get Data	1686924631303	1686924631401	OK	 
REQUEST	5		Get Data	1686924631505	1686924631601	OK	 
REQUEST	4		Get Data	1686924631489	1686924631630	OK	 
REQUEST	1		Get Data	1686924631660	1686924631764	OK	 
REQUEST	8		Get Data	1686924631722	1686924631813	OK	 
REQUEST	3		Get Data	1686924631722	1686924631814	OK	 
REQUEST	6		Get Data	1686924631711	1686924631841	OK	 
REQUEST	2		Get Data	1686924631970	1686924632067	OK	 
REQUEST	10		Get Data	1686924631971	1686924632068	OK	 
REQUEST	9		Get Data	1686924632079	1686924632177	OK	 
REQUEST	7		Get Data	1686924632419	1686924632522	OK	 
REQUEST	5		Get Data	1686924632604	1686924632697	OK	 
REQUEST	4		Get Data	1686924632603	1686924632697	OK	 
REQUEST	1		Get Data	1686924632761	1686924632863	OK	 
REQUEST	8		Get Data	1686924632819	1686924632912	OK	 
REQUEST	3		Get Data	1686924632804	1686924632921	OK	 
REQUEST	6		Get Data	1686924632851	1686924632946	OK	 
REQUEST	10		Get Data	1686924633067	1686924633162	OK	 
REQUEST	2		Get Data	1686924633067	1686924633176	OK	 
REQUEST	9		Get Data	1686924633176	1686924633294	OK	 
REQUEST	7		Get Data	1686924633505	1686924633613	OK	 
REQUEST	4		Get Data	1686924633707	1686924633799	OK	 
REQUEST	5		Get Data	1686924633681	1686924633833	OK	 
REQUEST	1		Get Data	1686924633863	1686924633957	OK	 
REQUEST	8		Get Data	1686924633911	1686924634007	OK	 
REQUEST	3		Get Data	1686924633924	1686924634021	OK	 
REQUEST	6		Get Data	1686924633956	1686924634057	OK	 
REQUEST	2		Get Data	1686924634161	1686924634253	OK	 
REQUEST	10		Get Data	1686924634161	1686924634256	OK	 
REQUEST	9		Get Data	1686924634295	1686924634440	OK	 
REQUEST	7		Get Data	1686924634611	1686924634723	OK	 
REQUEST	4		Get Data	1686924634793	1686924634890	OK	 
REQUEST	5		Get Data	1686924634856	1686924634954	OK	 
REQUEST	1		Get Data	1686924634980	1686924635077	OK	 
REQUEST	8		Get Data	1686924635011	1686924635117	OK	 
REQUEST	3		Get Data	1686924635041	1686924635141	OK	 
REQUEST	6		Get Data	1686924635057	1686924635155	OK	 
REQUEST	10		Get Data	1686924635257	1686924635353	OK	 
REQUEST	2		Get Data	1686924635261	1686924635359	OK	 
REQUEST	9		Get Data	1686924635431	1686924635526	OK	 
REQUEST	7		Get Data	1686924635724	1686924635819	OK	 
REQUEST	4		Get Data	1686924635881	1686924635975	OK	 
REQUEST	5		Get Data	1686924635943	1686924636046	OK	 
REQUEST	1		Get Data	1686924636066	1686924636164	OK	 
REQUEST	8		Get Data	1686924636101	1686924636203	OK	 
REQUEST	3		Get Data	1686924636126	1686924636223	OK	 
REQUEST	6		Get Data	1686924636157	1686924636250	OK	 
REQUEST	10		Get Data	1686924636356	1686924636451	OK	 
REQUEST	2		Get Data	1686924636361	1686924636454	OK	 
REQUEST	9		Get Data	1686924636540	1686924636662	OK	 
REQUEST	7		Get Data	1686924636817	1686924636942	OK	 
REQUEST	4		Get Data	1686924636991	1686924637091	OK	 
REQUEST	5		Get Data	1686924637034	1686924637134	OK	 
REQUEST	8		Get Data	1686924637219	1686924637336	OK	 
REQUEST	3		Get Data	1686924637221	1686924637340	OK	 
REQUEST	6		Get Data	1686924637235	1686924637353	OK	 
REQUEST	1		Get Data	1686924637161	1686924637478	OK	 
REQUEST	10		Get Data	1686924637453	1686924637549	OK	 
REQUEST	2		Get Data	1686924637453	1686924637602	OK	 
REQUEST	9		Get Data	1686924637656	1686924637750	OK	 
REQUEST	7		Get Data	1686924637953	1686924638056	OK	 
REQUEST	4		Get Data	1686924638091	1686924638186	OK	 
REQUEST	5		Get Data	1686924638152	1686924638250	OK	 
REQUEST	8		Get Data	1686924638341	1686924638436	OK	 
REQUEST	3		Get Data	1686924638341	1686924638437	OK	 
REQUEST	6		Get Data	1686924638356	1686924638510	OK	 
REQUEST	1		Get Data	1686924638481	1686924638585	OK	 
REQUEST	10		Get Data	1686924638531	1686924638629	OK	 
REQUEST	2		Get Data	1686924638606	1686924638700	OK	 
REQUEST	9		Get Data	1686924638744	1686924638879	OK	 
REQUEST	7		Get Data	1686924639041	1686924639138	OK	 
REQUEST	4		Get Data	1686924639191	1686924639289	OK	 
REQUEST	5		Get Data	1686924639239	1686924639332	OK	 
REQUEST	8		Get Data	1686924639424	1686924639517	OK	 
REQUEST	3		Get Data	1686924639439	1686924639537	OK	 
REQUEST	6		Get Data	1686924639517	1686924639623	OK	 
REQUEST	1		Get Data	1686924639577	1686924639698	OK	 
REQUEST	2		Get Data	1686924639685	1686924639785	OK	 
REQUEST	10		Get Data	1686924639641	1686924639941	OK	 
REQUEST	9		Get Data	1686924639887	1686924639988	OK	 
REQUEST	7		Get Data	1686924640141	1686924640245	OK	 
REQUEST	4		Get Data	1686924640278	1686924640376	OK	 
REQUEST	5		Get Data	1686924640341	1686924640437	OK	 
REQUEST	8		Get Data	1686924640511	1686924640604	OK	 
REQUEST	3		Get Data	1686924640540	1686924640662	OK	 
REQUEST	6		Get Data	1686924640633	1686924640727	OK	 
REQUEST	1		Get Data	1686924640695	1686924640797	OK	 
REQUEST	2		Get Data	1686924640803	1686924640899	OK	 
REQUEST	10		Get Data	1686924640931	1686924641027	KO	status.find.is(200), but actually found 400
REQUEST	9		Get Data	1686924640989	1686924641290	OK	 
REQUEST	7		Get Data	1686924641241	1686924641353	OK	 
REQUEST	4		Get Data	1686924641381	1686924641475	OK	 
REQUEST	5		Get Data	1686924641441	1686924641539	OK	 
REQUEST	8		Get Data	1686924641611	1686924641710	OK	 
REQUEST	3		Get Data	1686924641655	1686924641778	OK	 
REQUEST	6		Get Data	1686924641717	1686924641813	OK	 
REQUEST	1		Get Data	1686924641809	1686924641903	OK	 
REQUEST	2		Get Data	1686924641886	1686924642006	OK	 
REQUEST	10		Get Data	1686924642041	1686924642176	OK	 
REQUEST	9		Get Data	1686924642291	1686924642399	OK	 
REQUEST	7		Get Data	1686924642371	1686924642487	OK	 
REQUEST	4		Get Data	1686924642491	1686924642585	OK	 
REQUEST	5		Get Data	1686924642537	1686924642632	OK	 
REQUEST	8		Get Data	1686924642711	1686924642809	OK	 
REQUEST	3		Get Data	1686924642771	1686924642866	OK	 
REQUEST	6		Get Data	1686924642821	1686924642927	OK	 
REQUEST	1		Get Data	1686924642901	1686924642999	OK	 
REQUEST	2		Get Data	1686924643004	1686924643100	OK	 
REQUEST	10		Get Data	1686924643173	1686924643286	OK	 
REQUEST	7		Get Data	1686924643484	1686924643630	OK	 
REQUEST	4		Get Data	1686924643577	1686924643673	OK	 
REQUEST	9		Get Data	1686924643391	1686924643707	OK	 
REQUEST	5		Get Data	1686924643639	1686924643733	OK	 
REQUEST	8		Get Data	1686924643808	1686924643901	OK	 
REQUEST	3		Get Data	1686924643871	1686924643965	OK	 
REQUEST	6		Get Data	1686924643915	1686924644011	OK	 
REQUEST	1		Get Data	1686924643993	1686924644089	OK	 
REQUEST	2		Get Data	1686924644116	1686924644220	OK	 
REQUEST	10		Get Data	1686924644291	1686924644409	OK	 
REQUEST	7		Get Data	1686924644632	1686924644733	OK	 
REQUEST	4		Get Data	1686924644679	1686924644773	OK	 
REQUEST	9		Get Data	1686924644710	1686924644812	OK	 
REQUEST	5		Get Data	1686924644726	1686924644826	OK	 
REQUEST	8		Get Data	1686924644911	1686924645015	OK	 
REQUEST	3		Get Data	1686924644972	1686924645068	OK	 
REQUEST	6		Get Data	1686924645021	1686924645142	OK	 
REQUEST	1		Get Data	1686924645101	1686924645195	OK	 
REQUEST	2		Get Data	1686924645219	1686924645320	OK	 
REQUEST	10		Get Data	1686924645405	1686924645498	OK	 
REQUEST	7		Get Data	1686924645731	1686924645829	OK	 
REQUEST	4		Get Data	1686924645761	1686924645856	OK	 
REQUEST	9		Get Data	1686924645807	1686924645903	OK	 
REQUEST	5		Get Data	1686924645823	1686924645917	OK	 
REQUEST	8		Get Data	1686924646008	1686924646101	OK	 
REQUEST	3		Get Data	1686924646070	1686924646175	OK	 
REQUEST	6		Get Data	1686924646133	1686924646230	OK	 
REQUEST	1		Get Data	1686924646196	1686924646290	OK	 
REQUEST	2		Get Data	1686924646320	1686924646540	OK	 
REQUEST	10		Get Data	1686924646481	1686924646573	OK	 
REQUEST	7		Get Data	1686924646821	1686924646926	OK	 
REQUEST	4		Get Data	1686924646864	1686924646959	OK	 
REQUEST	9		Get Data	1686924646911	1686924647011	OK	 
REQUEST	5		Get Data	1686924646926	1686924647034	OK	 
REQUEST	8		Get Data	1686924647111	1686924647206	OK	 
REQUEST	3		Get Data	1686924647161	1686924647257	OK	 
REQUEST	6		Get Data	1686924647221	1686924647333	OK	 
REQUEST	1		Get Data	1686924647279	1686924647410	OK	 
REQUEST	2		Get Data	1686924647542	1686924647636	OK	 
REQUEST	10		Get Data	1686924647591	1686924647687	OK	 
REQUEST	7		Get Data	1686924647928	1686924648023	OK	 
REQUEST	4		Get Data	1686924647945	1686924648043	OK	 
REQUEST	9		Get Data	1686924648007	1686924648101	OK	 
REQUEST	5		Get Data	1686924648037	1686924648136	OK	 
REQUEST	8		Get Data	1686924648193	1686924648299	OK	 
REQUEST	3		Get Data	1686924648271	1686924648373	OK	 
REQUEST	6		Get Data	1686924648351	1686924648453	OK	 
REQUEST	1		Get Data	1686924648411	1686924648508	OK	 
REQUEST	2		Get Data	1686924648631	1686924648741	OK	 
REQUEST	10		Get Data	1686924648688	1686924648782	OK	 
REQUEST	7		Get Data	1686924649031	1686924649135	OK	 
REQUEST	4		Get Data	1686924649060	1686924649159	OK	 
REQUEST	9		Get Data	1686924649106	1686924649201	OK	 
REQUEST	5		Get Data	1686924649122	1686924649218	OK	 
REQUEST	8		Get Data	1686924649306	1686924649397	OK	 
REQUEST	3		Get Data	1686924649367	1686924649472	OK	 
REQUEST	6		Get Data	1686924649444	1686924649562	OK	 
REQUEST	1		Get Data	1686924649520	1686924649627	OK	 
REQUEST	2		Get Data	1686924649735	1686924649833	OK	 
REQUEST	10		Get Data	1686924649781	1686924649876	OK	 
REQUEST	7		Get Data	1686924650125	1686924650221	OK	 
REQUEST	4		Get Data	1686924650156	1686924650251	OK	 
