RUN	simulations.GetTokenSimulation	gettokensimulation	1686174298063	 	3.3.1
USER	Get Token Scenario	2	START	1686174299413	1686174299413
USER	Get Token Scenario	1	START	1686174299413	1686174299413
USER	Get Token Scenario	4	START	1686174299427	1686174299427
USER	Get Token Scenario	3	START	1686174299427	1686174299427
USER	Get Token Scenario	6	START	1686174299443	1686174299443
USER	Get Token Scenario	5	START	1686174299443	1686174299443
USER	Get Token Scenario	8	START	1686174299446	1686174299446
USER	Get Token Scenario	7	START	1686174299446	1686174299446
USER	Get Token Scenario	10	START	1686174299458	1686174299458
USER	Get Token Scenario	9	START	1686174299458	1686174299458
USER	Get Token Scenario	11	START	1686174299474	1686174299474
USER	Get Token Scenario	12	START	1686174299474	1686174299474
USER	Get Token Scenario	13	START	1686174299476	1686174299476
USER	Get Token Scenario	14	START	1686174299477	1686174299477
USER	Get Token Scenario	15	START	1686174299489	1686174299489
USER	Get Token Scenario	16	START	1686174299489	1686174299489
USER	Get Token Scenario	17	START	1686174299544	1686174299544
USER	Get Token Scenario	18	START	1686174299545	1686174299545
USER	Get Token Scenario	21	START	1686174299547	1686174299547
USER	Get Token Scenario	22	START	1686174299547	1686174299547
USER	Get Token Scenario	23	START	1686174299547	1686174299547
USER	Get Token Scenario	24	START	1686174299547	1686174299547
USER	Get Token Scenario	26	START	1686174299548	1686174299548
USER	Get Token Scenario	25	START	1686174299548	1686174299548
USER	Get Token Scenario	27	START	1686174299550	1686174299550
USER	Get Token Scenario	28	START	1686174299550	1686174299550
USER	Get Token Scenario	19	START	1686174299545	1686174299545
USER	Get Token Scenario	20	START	1686174299545	1686174299545
USER	Get Token Scenario	29	START	1686174299565	1686174299565
USER	Get Token Scenario	30	START	1686174299568	1686174299568
USER	Get Token Scenario	31	START	1686174299570	1686174299570
USER	Get Token Scenario	32	START	1686174299571	1686174299571
USER	Get Token Scenario	34	START	1686174299576	1686174299576
USER	Get Token Scenario	33	START	1686174299576	1686174299576
USER	Get Token Scenario	35	START	1686174299595	1686174299595
USER	Get Token Scenario	36	START	1686174299595	1686174299595
USER	Get Token Scenario	37	START	1686174299596	1686174299596
USER	Get Token Scenario	38	START	1686174299596	1686174299596
USER	Get Token Scenario	39	START	1686174299610	1686174299610
USER	Get Token Scenario	40	START	1686174299610	1686174299610
USER	Get Token Scenario	41	START	1686174299629	1686174299629
USER	Get Token Scenario	42	START	1686174299630	1686174299630
USER	Get Token Scenario	43	START	1686174299632	1686174299632
USER	Get Token Scenario	44	START	1686174299633	1686174299633
USER	Get Token Scenario	46	START	1686174299636	1686174299636
USER	Get Token Scenario	45	START	1686174299636	1686174299636
USER	Get Token Scenario	47	START	1686174299657	1686174299657
USER	Get Token Scenario	50	START	1686174299657	1686174299657
USER	Get Token Scenario	49	START	1686174299658	1686174299658
USER	Get Token Scenario	48	START	1686174299657	1686174299657
USER	Get Token Scenario	51	START	1686174299705	1686174299705
USER	Get Token Scenario	52	START	1686174299706	1686174299706
USER	Get Token Scenario	53	START	1686174299706	1686174299706
USER	Get Token Scenario	54	START	1686174299706	1686174299706
USER	Get Token Scenario	55	START	1686174299708	1686174299708
USER	Get Token Scenario	56	START	1686174299709	1686174299709
USER	Get Token Scenario	57	START	1686174299732	1686174299732
USER	Get Token Scenario	58	START	1686174299732	1686174299732
USER	Get Token Scenario	59	START	1686174299732	1686174299732
USER	Get Token Scenario	60	START	1686174299733	1686174299733
USER	Get Token Scenario	61	START	1686174299737	1686174299737
USER	Get Token Scenario	62	START	1686174299737	1686174299737
USER	Get Token Scenario	64	START	1686174299748	1686174299748
USER	Get Token Scenario	63	START	1686174299748	1686174299748
USER	Get Token Scenario	66	START	1686174299763	1686174299763
USER	Get Token Scenario	65	START	1686174299763	1686174299763
USER	Get Token Scenario	67	START	1686174299766	1686174299766
USER	Get Token Scenario	68	START	1686174299766	1686174299766
USER	Get Token Scenario	69	START	1686174299778	1686174299778
USER	Get Token Scenario	70	START	1686174299778	1686174299778
USER	Get Token Scenario	74	START	1686174299797	1686174299797
USER	Get Token Scenario	71	START	1686174299796	1686174299796
USER	Get Token Scenario	72	START	1686174299796	1686174299796
USER	Get Token Scenario	73	START	1686174299797	1686174299797
REQUEST	8		GetToken	1686174299452	1686174299687	KO	jsonPath($.access_token).find.exists, found nothing
REQUEST	11		GetToken	1686174299476	1686174299689	KO	jsonPath($.access_token).find.exists, found nothing
REQUEST	10		GetToken	1686174299459	1686174299686	KO	jsonPath($.access_token).find.exists, found nothing
REQUEST	1		GetToken	1686174299446	1686174299697	KO	jsonPath($.access_token).find.exists, found nothing
REQUEST	6		GetToken	1686174299450	1686174299682	KO	jsonPath($.access_token).find.exists, found nothing
REQUEST	12		GetToken	1686174299477	1686174299779	KO	jsonPath($.access_token).find.exists, found nothing
REQUEST	16		GetToken	1686174299491	1686174299705	KO	jsonPath($.access_token).find.exists, found nothing
REQUEST	15		GetToken	1686174299490	1686174299703	KO	jsonPath($.access_token).find.exists, found nothing
REQUEST	2		GetToken	1686174299448	1686174299682	KO	jsonPath($.access_token).find.exists, found nothing
REQUEST	5		GetToken	1686174299451	1686174299682	KO	jsonPath($.access_token).find.exists, found nothing
REQUEST	13		GetToken	1686174299478	1686174299742	KO	jsonPath($.access_token).find.exists, found nothing
REQUEST	9		GetToken	1686174299459	1686174299685	KO	jsonPath($.access_token).find.exists, found nothing
REQUEST	3		GetToken	1686174299448	1686174299682	KO	jsonPath($.access_token).find.exists, found nothing
REQUEST	23		GetToken	1686174299551	1686174299757	KO	jsonPath($.access_token).find.exists, found nothing
REQUEST	14		GetToken	1686174299479	1686174299714	KO	jsonPath($.access_token).find.exists, found nothing
REQUEST	20		GetToken	1686174299556	1686174299751	KO	jsonPath($.access_token).find.exists, found nothing
USER	Get Token Scenario	77	START	1686174299816	1686174299816
USER	Get Token Scenario	78	START	1686174299816	1686174299816
USER	Get Token Scenario	75	START	1686174299813	1686174299813
USER	Get Token Scenario	76	START	1686174299813	1686174299813
REQUEST	31		GetToken	1686174299571	1686174299829	KO	jsonPath($.access_token).find.exists, found nothing
REQUEST	18		GetToken	1686174299550	1686174299831	KO	jsonPath($.access_token).find.exists, found nothing
REQUEST	24		GetToken	1686174299552	1686174299831	KO	jsonPath($.access_token).find.exists, found nothing
REQUEST	17		GetToken	1686174299548	1686174299829	KO	jsonPath($.access_token).find.exists, found nothing
REQUEST	30		GetToken	1686174299569	1686174299836	KO	jsonPath($.access_token).find.exists, found nothing
REQUEST	22		GetToken	1686174299551	1686174299836	KO	jsonPath($.access_token).find.exists, found nothing
REQUEST	7		GetToken	1686174299451	1686174299837	KO	jsonPath($.access_token).find.exists, found nothing
REQUEST	4		GetToken	1686174299450	1686174299840	KO	jsonPath($.access_token).find.exists, found nothing
REQUEST	26		GetToken	1686174299552	1686174299841	KO	jsonPath($.access_token).find.exists, found nothing
REQUEST	25		GetToken	1686174299552	1686174299842	KO	jsonPath($.access_token).find.exists, found nothing
REQUEST	21		GetToken	1686174299550	1686174299844	KO	jsonPath($.access_token).find.exists, found nothing
USER	Get Token Scenario	79	START	1686174299846	1686174299846
USER	Get Token Scenario	80	START	1686174299848	1686174299848
USER	Get Token Scenario	81	START	1686174299849	1686174299849
USER	Get Token Scenario	82	START	1686174299849	1686174299849
USER	Get Token Scenario	83	START	1686174299850	1686174299850
USER	Get Token Scenario	84	START	1686174299850	1686174299850
REQUEST	28		GetToken	1686174299554	1686174299829	KO	jsonPath($.access_token).find.exists, found nothing
REQUEST	29		GetToken	1686174299568	1686174299853	KO	jsonPath($.access_token).find.exists, found nothing
REQUEST	32		GetToken	1686174299573	1686174299855	KO	jsonPath($.access_token).find.exists, found nothing
REQUEST	33		GetToken	1686174299578	1686174299857	KO	jsonPath($.access_token).find.exists, found nothing
REQUEST	45		GetToken	1686174299637	1686174299858	KO	jsonPath($.access_token).find.exists, found nothing
REQUEST	27		GetToken	1686174299553	1686174299860	KO	jsonPath($.access_token).find.exists, found nothing
REQUEST	44		GetToken	1686174299634	1686174299861	KO	jsonPath($.access_token).find.exists, found nothing
REQUEST	36		GetToken	1686174299598	1686174299863	KO	jsonPath($.access_token).find.exists, found nothing
REQUEST	19		GetToken	1686174299550	1686174299885	KO	jsonPath($.access_token).find.exists, found nothing
USER	Get Token Scenario	85	START	1686174299895	1686174299895
REQUEST	39		GetToken	1686174299612	1686174299901	KO	jsonPath($.access_token).find.exists, found nothing
USER	Get Token Scenario	87	START	1686174299910	1686174299910
USER	Get Token Scenario	86	START	1686174299910	1686174299910
USER	Get Token Scenario	88	START	1686174299921	1686174299921
REQUEST	38		GetToken	1686174299599	1686174299946	KO	jsonPath($.access_token).find.exists, found nothing
REQUEST	34		GetToken	1686174299577	1686174299947	KO	jsonPath($.access_token).find.exists, found nothing
USER	Get Token Scenario	89	START	1686174299968	1686174299968
USER	Get Token Scenario	90	START	1686174299969	1686174299969
USER	Get Token Scenario	91	START	1686174299971	1686174299971
USER	Get Token Scenario	92	START	1686174299974	1686174299974
USER	Get Token Scenario	93	START	1686174299978	1686174299978
USER	Get Token Scenario	95	START	1686174299978	1686174299978
USER	Get Token Scenario	94	START	1686174299978	1686174299978
USER	Get Token Scenario	96	START	1686174299979	1686174299979
USER	Get Token Scenario	97	START	1686174299979	1686174299979
USER	Get Token Scenario	99	START	1686174299980	1686174299980
USER	Get Token Scenario	98	START	1686174299980	1686174299980
USER	Get Token Scenario	101	START	1686174299981	1686174299981
USER	Get Token Scenario	103	START	1686174299982	1686174299982
USER	Get Token Scenario	104	START	1686174299982	1686174299982
USER	Get Token Scenario	105	START	1686174299983	1686174299983
USER	Get Token Scenario	106	START	1686174299983	1686174299983
USER	Get Token Scenario	107	START	1686174299983	1686174299983
USER	Get Token Scenario	102	START	1686174299982	1686174299982
USER	Get Token Scenario	108	START	1686174299984	1686174299984
USER	Get Token Scenario	109	START	1686174299984	1686174299984
USER	Get Token Scenario	110	START	1686174299984	1686174299984
USER	Get Token Scenario	100	START	1686174299985	1686174299985
REQUEST	40		GetToken	1686174299612	1686174299987	KO	jsonPath($.access_token).find.exists, found nothing
USER	Get Token Scenario	111	START	1686174299997	1686174299997
USER	Get Token Scenario	112	START	1686174299997	1686174299997
USER	Get Token Scenario	113	START	1686174299998	1686174299998
REQUEST	42		GetToken	1686174299632	1686174299998	KO	jsonPath($.access_token).find.exists, found nothing
USER	Get Token Scenario	114	START	1686174299999	1686174299999
REQUEST	48		GetToken	1686174299662	1686174300007	KO	jsonPath($.access_token).find.exists, found nothing
REQUEST	46		GetToken	1686174299638	1686174300010	KO	jsonPath($.access_token).find.exists, found nothing
REQUEST	41		GetToken	1686174299631	1686174300025	KO	jsonPath($.access_token).find.exists, found nothing
REQUEST	55		GetToken	1686174299714	1686174300025	KO	jsonPath($.access_token).find.exists, found nothing
REQUEST	60		GetToken	1686174299735	1686174300023	KO	jsonPath($.access_token).find.exists, found nothing
USER	Get Token Scenario	115	START	1686174300033	1686174300033
USER	Get Token Scenario	117	START	1686174300034	1686174300034
USER	Get Token Scenario	116	START	1686174300034	1686174300034
USER	Get Token Scenario	118	START	1686174300035	1686174300035
USER	Get Token Scenario	119	START	1686174300035	1686174300035
USER	Get Token Scenario	120	START	1686174300040	1686174300040
USER	Get Token Scenario	121	START	1686174300040	1686174300040
USER	Get Token Scenario	122	START	1686174300041	1686174300041
USER	Get Token Scenario	123	START	1686174300047	1686174300047
USER	Get Token Scenario	124	START	1686174300047	1686174300047
USER	Get Token Scenario	125	START	1686174300079	1686174300079
USER	Get Token Scenario	126	START	1686174300079	1686174300079
USER	Get Token Scenario	127	START	1686174300080	1686174300080
USER	Get Token Scenario	128	START	1686174300081	1686174300081
USER	Get Token Scenario	130	START	1686174300083	1686174300083
USER	Get Token Scenario	132	START	1686174300101	1686174300101
USER	Get Token Scenario	134	START	1686174300101	1686174300101
USER	Get Token Scenario	133	START	1686174300101	1686174300101
USER	Get Token Scenario	129	START	1686174300082	1686174300082
USER	Get Token Scenario	131	START	1686174300101	1686174300101
USER	Get Token Scenario	135	START	1686174300113	1686174300113
USER	Get Token Scenario	136	START	1686174300114	1686174300114
USER	Get Token Scenario	138	START	1686174300121	1686174300121
USER	Get Token Scenario	137	START	1686174300121	1686174300121
REQUEST	49		GetToken	1686174299659	1686174300127	KO	jsonPath($.access_token).find.exists, found nothing
REQUEST	47		GetToken	1686174299658	1686174300130	KO	jsonPath($.access_token).find.exists, found nothing
REQUEST	37		GetToken	1686174299598	1686174300129	KO	jsonPath($.access_token).find.exists, found nothing
REQUEST	52		GetToken	1686174299710	1686174300131	KO	jsonPath($.access_token).find.exists, found nothing
REQUEST	43		GetToken	1686174299633	1686174300131	KO	jsonPath($.access_token).find.exists, found nothing
REQUEST	50		GetToken	1686174299659	1686174300131	KO	jsonPath($.access_token).find.exists, found nothing
REQUEST	56		GetToken	1686174299715	1686174300132	KO	jsonPath($.access_token).find.exists, found nothing
REQUEST	70		GetToken	1686174299780	1686174300132	KO	jsonPath($.access_token).find.exists, found nothing
REQUEST	35		GetToken	1686174299597	1686174300132	KO	jsonPath($.access_token).find.exists, found nothing
REQUEST	63		GetToken	1686174299750	1686174300133	KO	jsonPath($.access_token).find.exists, found nothing
REQUEST	68		GetToken	1686174299768	1686174300133	KO	jsonPath($.access_token).find.exists, found nothing
REQUEST	66		GetToken	1686174299765	1686174300135	KO	jsonPath($.access_token).find.exists, found nothing
REQUEST	54		GetToken	1686174299713	1686174300135	KO	jsonPath($.access_token).find.exists, found nothing
REQUEST	58		GetToken	1686174299734	1686174300135	KO	jsonPath($.access_token).find.exists, found nothing
REQUEST	65		GetToken	1686174299766	1686174300136	KO	jsonPath($.access_token).find.exists, found nothing
REQUEST	71		GetToken	1686174299799	1686174300137	KO	jsonPath($.access_token).find.exists, found nothing
REQUEST	62		GetToken	1686174299742	1686174300136	KO	jsonPath($.access_token).find.exists, found nothing
REQUEST	57		GetToken	1686174299733	1686174300135	KO	jsonPath($.access_token).find.exists, found nothing
REQUEST	82		GetToken	1686174299850	1686174300140	KO	jsonPath($.access_token).find.exists, found nothing
REQUEST	78		GetToken	1686174299818	1686174300143	KO	jsonPath($.access_token).find.exists, found nothing
REQUEST	75		GetToken	1686174299820	1686174300140	KO	jsonPath($.access_token).find.exists, found nothing
REQUEST	73		GetToken	1686174299799	1686174300146	KO	jsonPath($.access_token).find.exists, found nothing
USER	Get Token Scenario	139	START	1686174300150	1686174300150
USER	Get Token Scenario	140	START	1686174300151	1686174300151
USER	Get Token Scenario	141	START	1686174300152	1686174300152
USER	Get Token Scenario	142	START	1686174300152	1686174300152
USER	Get Token Scenario	143	START	1686174300152	1686174300152
USER	Get Token Scenario	144	START	1686174300152	1686174300152
USER	Get Token Scenario	146	START	1686174300160	1686174300160
USER	Get Token Scenario	145	START	1686174300160	1686174300160
USER	Get Token Scenario	148	START	1686174300174	1686174300174
USER	Get Token Scenario	147	START	1686174300174	1686174300174
USER	Get Token Scenario	149	START	1686174300178	1686174300178
USER	Get Token Scenario	150	START	1686174300179	1686174300179
USER	Get Token Scenario	151	START	1686174300188	1686174300188
USER	Get Token Scenario	152	START	1686174300188	1686174300188
USER	Get Token Scenario	154	START	1686174300203	1686174300203
USER	Get Token Scenario	153	START	1686174300203	1686174300203
USER	Get Token Scenario	155	START	1686174300210	1686174300210
USER	Get Token Scenario	156	START	1686174300215	1686174300215
USER	Get Token Scenario	157	START	1686174300217	1686174300217
USER	Get Token Scenario	158	START	1686174300222	1686174300222
USER	Get Token Scenario	159	START	1686174300226	1686174300226
USER	Get Token Scenario	160	START	1686174300226	1686174300226
USER	Get Token Scenario	161	START	1686174300249	1686174300249
USER	Get Token Scenario	164	START	1686174300250	1686174300250
USER	Get Token Scenario	163	START	1686174300250	1686174300250
USER	Get Token Scenario	162	START	1686174300250	1686174300250
USER	Get Token Scenario	166	START	1686174300265	1686174300265
USER	Get Token Scenario	165	START	1686174300265	1686174300265
USER	Get Token Scenario	167	START	1686174300267	1686174300267
USER	Get Token Scenario	168	START	1686174300267	1686174300267
USER	Get Token Scenario	169	START	1686174300283	1686174300283
USER	Get Token Scenario	170	START	1686174300283	1686174300283
REQUEST	74		GetToken	1686174299800	1686174300292	KO	jsonPath($.access_token).find.exists, found nothing
REQUEST	61		GetToken	1686174299740	1686174300299	KO	jsonPath($.access_token).find.exists, found nothing
REQUEST	53		GetToken	1686174299707	1686174300307	KO	jsonPath($.access_token).find.exists, found nothing
USER	Get Token Scenario	171	START	1686174300289	1686174300289
USER	Get Token Scenario	172	START	1686174300289	1686174300289
USER	Get Token Scenario	173	START	1686174300321	1686174300321
USER	Get Token Scenario	174	START	1686174300325	1686174300325
USER	Get Token Scenario	175	START	1686174300327	1686174300327
USER	Get Token Scenario	176	START	1686174300328	1686174300328
USER	Get Token Scenario	177	START	1686174300329	1686174300329
USER	Get Token Scenario	178	START	1686174300329	1686174300329
USER	Get Token Scenario	179	START	1686174300329	1686174300329
USER	Get Token Scenario	180	START	1686174300330	1686174300330
USER	Get Token Scenario	181	START	1686174300336	1686174300336
USER	Get Token Scenario	182	START	1686174300336	1686174300336
USER	Get Token Scenario	183	START	1686174300378	1686174300378
USER	Get Token Scenario	184	START	1686174300378	1686174300378
USER	Get Token Scenario	185	START	1686174300378	1686174300378
USER	Get Token Scenario	186	START	1686174300378	1686174300378
USER	Get Token Scenario	187	START	1686174300379	1686174300379
USER	Get Token Scenario	188	START	1686174300379	1686174300379
USER	Get Token Scenario	189	START	1686174300396	1686174300396
USER	Get Token Scenario	190	START	1686174300396	1686174300396
USER	Get Token Scenario	192	START	1686174300396	1686174300396
USER	Get Token Scenario	191	START	1686174300396	1686174300396
USER	Get Token Scenario	194	START	1686174300405	1686174300405
USER	Get Token Scenario	193	START	1686174300405	1686174300405
USER	Get Token Scenario	195	START	1686174300408	1686174300408
USER	Get Token Scenario	196	START	1686174300408	1686174300408
USER	Get Token Scenario	198	START	1686174300431	1686174300431
USER	Get Token Scenario	197	START	1686174300431	1686174300431
USER	Get Token Scenario	199	START	1686174300432	1686174300432
USER	Get Token Scenario	200	START	1686174300432	1686174300432
REQUEST	79		GetToken	1686174299847	1686174300466	KO	jsonPath($.access_token).find.exists, found nothing
REQUEST	69		GetToken	1686174299780	1686174300480	KO	jsonPath($.access_token).find.exists, found nothing
REQUEST	77		GetToken	1686174299818	1686174300490	KO	jsonPath($.access_token).find.exists, found nothing
REQUEST	84		GetToken	1686174299851	1686174300522	KO	jsonPath($.access_token).find.exists, found nothing
REQUEST	72		GetToken	1686174299800	1686174300522	KO	jsonPath($.access_token).find.exists, found nothing
REQUEST	76		GetToken	1686174299820	1686174300532	KO	jsonPath($.access_token).find.exists, found nothing
REQUEST	87		GetToken	1686174299913	1686174300554	KO	jsonPath($.access_token).find.exists, found nothing
REQUEST	64		GetToken	1686174299749	1686174300553	KO	jsonPath($.access_token).find.exists, found nothing
REQUEST	51		GetToken	1686174299707	1686174300554	KO	jsonPath($.access_token).find.exists, found nothing
REQUEST	81		GetToken	1686174299849	1686174300555	KO	jsonPath($.access_token).find.exists, found nothing
REQUEST	80		GetToken	1686174299849	1686174300558	KO	jsonPath($.access_token).find.exists, found nothing
REQUEST	88		GetToken	1686174299925	1686174300581	KO	jsonPath($.access_token).find.exists, found nothing
REQUEST	97		GetToken	1686174299982	1686174300584	KO	jsonPath($.access_token).find.exists, found nothing
REQUEST	86		GetToken	1686174299915	1686174300582	KO	jsonPath($.access_token).find.exists, found nothing
REQUEST	59		GetToken	1686174299735	1686174300584	KO	jsonPath($.access_token).find.exists, found nothing
REQUEST	104		GetToken	1686174299985	1686174300586	KO	jsonPath($.access_token).find.exists, found nothing
REQUEST	102		GetToken	1686174299989	1686174300586	KO	jsonPath($.access_token).find.exists, found nothing
REQUEST	95		GetToken	1686174299980	1686174300589	KO	jsonPath($.access_token).find.exists, found nothing
REQUEST	106		GetToken	1686174299986	1686174300587	KO	jsonPath($.access_token).find.exists, found nothing
REQUEST	67		GetToken	1686174299767	1686174300593	KO	jsonPath($.access_token).find.exists, found nothing
REQUEST	94		GetToken	1686174299981	1686174300603	KO	jsonPath($.access_token).find.exists, found nothing
REQUEST	96		GetToken	1686174299981	1686174300610	KO	jsonPath($.access_token).find.exists, found nothing
REQUEST	98		GetToken	1686174299982	1686174300604	KO	jsonPath($.access_token).find.exists, found nothing
REQUEST	93		GetToken	1686174299980	1686174300608	KO	jsonPath($.access_token).find.exists, found nothing
REQUEST	100		GetToken	1686174299991	1686174300607	KO	jsonPath($.access_token).find.exists, found nothing
REQUEST	91		GetToken	1686174299972	1686174300617	KO	jsonPath($.access_token).find.exists, found nothing
REQUEST	89		GetToken	1686174299969	1686174300616	KO	jsonPath($.access_token).find.exists, found nothing
REQUEST	111		GetToken	1686174299999	1686174300606	KO	jsonPath($.access_token).find.exists, found nothing
REQUEST	83		GetToken	1686174299850	1686174300605	KO	jsonPath($.access_token).find.exists, found nothing
REQUEST	105		GetToken	1686174299986	1686174300620	KO	jsonPath($.access_token).find.exists, found nothing
REQUEST	99		GetToken	1686174299984	1686174300624	KO	jsonPath($.access_token).find.exists, found nothing
REQUEST	85		GetToken	1686174299897	1686174300628	KO	jsonPath($.access_token).find.exists, found nothing
REQUEST	114		GetToken	1686174300001	1686174300629	KO	jsonPath($.access_token).find.exists, found nothing
REQUEST	116		GetToken	1686174300036	1686174300632	KO	jsonPath($.access_token).find.exists, found nothing
REQUEST	107		GetToken	1686174299988	1686174300637	KO	jsonPath($.access_token).find.exists, found nothing
REQUEST	101		GetToken	1686174299984	1686174300643	KO	jsonPath($.access_token).find.exists, found nothing
REQUEST	113		GetToken	1686174300000	1686174300643	KO	jsonPath($.access_token).find.exists, found nothing
REQUEST	90		GetToken	1686174299970	1686174300644	KO	jsonPath($.access_token).find.exists, found nothing
REQUEST	134		GetToken	1686174300110	1686174300665	KO	jsonPath($.access_token).find.exists, found nothing
REQUEST	138		GetToken	1686174300124	1686174300671	KO	jsonPath($.access_token).find.exists, found nothing
REQUEST	103		GetToken	1686174299985	1686174300673	KO	jsonPath($.access_token).find.exists, found nothing
REQUEST	124		GetToken	1686174300049	1686174300675	KO	jsonPath($.access_token).find.exists, found nothing
REQUEST	132		GetToken	1686174300110	1686174300677	KO	jsonPath($.access_token).find.exists, found nothing
REQUEST	119		GetToken	1686174300039	1686174300678	KO	jsonPath($.access_token).find.exists, found nothing
REQUEST	125		GetToken	1686174300080	1686174300677	KO	jsonPath($.access_token).find.exists, found nothing
REQUEST	136		GetToken	1686174300120	1686174300679	KO	jsonPath($.access_token).find.exists, found nothing
REQUEST	129		GetToken	1686174300115	1686174300679	KO	jsonPath($.access_token).find.exists, found nothing
REQUEST	109		GetToken	1686174299990	1686174300680	KO	jsonPath($.access_token).find.exists, found nothing
REQUEST	126		GetToken	1686174300102	1686174300680	KO	jsonPath($.access_token).find.exists, found nothing
REQUEST	115		GetToken	1686174300035	1686174300681	KO	jsonPath($.access_token).find.exists, found nothing
REQUEST	135		GetToken	1686174300118	1686174300686	KO	jsonPath($.access_token).find.exists, found nothing
REQUEST	112		GetToken	1686174299999	1686174300686	KO	jsonPath($.access_token).find.exists, found nothing
REQUEST	131		GetToken	1686174300117	1686174300690	KO	jsonPath($.access_token).find.exists, found nothing
REQUEST	92		GetToken	1686174299978	1686174300690	KO	jsonPath($.access_token).find.exists, found nothing
REQUEST	145		GetToken	1686174300167	1686174300701	KO	jsonPath($.access_token).find.exists, found nothing
REQUEST	144		GetToken	1686174300164	1686174300701	KO	jsonPath($.access_token).find.exists, found nothing
REQUEST	148		GetToken	1686174300176	1686174300701	KO	jsonPath($.access_token).find.exists, found nothing
REQUEST	154		GetToken	1686174300204	1686174300701	KO	jsonPath($.access_token).find.exists, found nothing
REQUEST	120		GetToken	1686174300041	1686174300703	KO	jsonPath($.access_token).find.exists, found nothing
REQUEST	108		GetToken	1686174299989	1686174300703	KO	jsonPath($.access_token).find.exists, found nothing
REQUEST	122		GetToken	1686174300043	1686174300705	KO	jsonPath($.access_token).find.exists, found nothing
REQUEST	118		GetToken	1686174300037	1686174300708	KO	jsonPath($.access_token).find.exists, found nothing
REQUEST	142		GetToken	1686174300158	1686174300711	KO	jsonPath($.access_token).find.exists, found nothing
REQUEST	147		GetToken	1686174300177	1686174300713	KO	jsonPath($.access_token).find.exists, found nothing
REQUEST	140		GetToken	1686174300157	1686174300714	KO	jsonPath($.access_token).find.exists, found nothing
REQUEST	117		GetToken	1686174300036	1686174300716	KO	jsonPath($.access_token).find.exists, found nothing
REQUEST	151		GetToken	1686174300190	1686174300718	KO	jsonPath($.access_token).find.exists, found nothing
REQUEST	141		GetToken	1686174300158	1686174300719	KO	jsonPath($.access_token).find.exists, found nothing
REQUEST	155		GetToken	1686174300212	1686174300728	KO	jsonPath($.access_token).find.exists, found nothing
REQUEST	143		GetToken	1686174300163	1686174300729	KO	jsonPath($.access_token).find.exists, found nothing
REQUEST	123		GetToken	1686174300048	1686174300730	KO	jsonPath($.access_token).find.exists, found nothing
REQUEST	153		GetToken	1686174300205	1686174300738	KO	jsonPath($.access_token).find.exists, found nothing
REQUEST	167		GetToken	1686174300268	1686174300739	KO	jsonPath($.access_token).find.exists, found nothing
REQUEST	110		GetToken	1686174299990	1686174300739	KO	jsonPath($.access_token).find.exists, found nothing
REQUEST	121		GetToken	1686174300042	1686174300743	KO	jsonPath($.access_token).find.exists, found nothing
REQUEST	166		GetToken	1686174300266	1686174300745	KO	jsonPath($.access_token).find.exists, found nothing
REQUEST	159		GetToken	1686174300228	1686174300747	KO	jsonPath($.access_token).find.exists, found nothing
REQUEST	170		GetToken	1686174300288	1686174300753	KO	jsonPath($.access_token).find.exists, found nothing
REQUEST	139		GetToken	1686174300152	1686174300755	KO	jsonPath($.access_token).find.exists, found nothing
REQUEST	161		GetToken	1686174300251	1686174300761	KO	jsonPath($.access_token).find.exists, found nothing
REQUEST	169		GetToken	1686174300284	1686174300766	KO	jsonPath($.access_token).find.exists, found nothing
USER	Get Token Scenario	6	END	1686174299443	1686174300770
USER	Get Token Scenario	3	END	1686174299427	1686174300771
REQUEST	127		GetToken	1686174300103	1686174300777	KO	jsonPath($.access_token).find.exists, found nothing
REQUEST	156		GetToken	1686174300217	1686174300779	KO	jsonPath($.access_token).find.exists, found nothing
REQUEST	150		GetToken	1686174300180	1686174300780	KO	jsonPath($.access_token).find.exists, found nothing
USER	Get Token Scenario	5	END	1686174299443	1686174300771
USER	Get Token Scenario	2	END	1686174299413	1686174300772
USER	Get Token Scenario	10	END	1686174299458	1686174300772
USER	Get Token Scenario	8	END	1686174299446	1686174300774
USER	Get Token Scenario	1	END	1686174299413	1686174300775
REQUEST	133		GetToken	1686174300111	1686174300781	KO	jsonPath($.access_token).find.exists, found nothing
REQUEST	164		GetToken	1686174300255	1686174300782	KO	jsonPath($.access_token).find.exists, found nothing
REQUEST	149		GetToken	1686174300179	1686174300782	KO	jsonPath($.access_token).find.exists, found nothing
REQUEST	128		GetToken	1686174300104	1686174300782	KO	jsonPath($.access_token).find.exists, found nothing
REQUEST	152		GetToken	1686174300191	1686174300782	KO	jsonPath($.access_token).find.exists, found nothing
USER	Get Token Scenario	15	END	1686174299489	1686174300775
USER	Get Token Scenario	16	END	1686174299489	1686174300775
USER	Get Token Scenario	11	END	1686174299474	1686174300775
USER	Get Token Scenario	14	END	1686174299477	1686174300776
USER	Get Token Scenario	9	END	1686174299458	1686174300780
REQUEST	146		GetToken	1686174300168	1686174300784	KO	jsonPath($.access_token).find.exists, found nothing
REQUEST	137		GetToken	1686174300123	1686174300784	KO	jsonPath($.access_token).find.exists, found nothing
REQUEST	160		GetToken	1686174300228	1686174300790	KO	jsonPath($.access_token).find.exists, found nothing
REQUEST	130		GetToken	1686174300108	1686174300791	KO	jsonPath($.access_token).find.exists, found nothing
REQUEST	168		GetToken	1686174300270	1686174300791	KO	jsonPath($.access_token).find.exists, found nothing
REQUEST	157		GetToken	1686174300220	1686174300794	KO	jsonPath($.access_token).find.exists, found nothing
REQUEST	158		GetToken	1686174300223	1686174300795	KO	jsonPath($.access_token).find.exists, found nothing
USER	Get Token Scenario	13	END	1686174299476	1686174300797
REQUEST	163		GetToken	1686174300252	1686174300799	KO	jsonPath($.access_token).find.exists, found nothing
REQUEST	162		GetToken	1686174300252	1686174300800	KO	jsonPath($.access_token).find.exists, found nothing
REQUEST	165		GetToken	1686174300267	1686174300807	KO	jsonPath($.access_token).find.exists, found nothing
USER	Get Token Scenario	20	END	1686174299545	1686174300808
USER	Get Token Scenario	23	END	1686174299547	1686174300824
USER	Get Token Scenario	12	END	1686174299474	1686174300839
USER	Get Token Scenario	7	END	1686174299446	1686174300857
USER	Get Token Scenario	31	END	1686174299570	1686174300857
USER	Get Token Scenario	22	END	1686174299547	1686174300857
USER	Get Token Scenario	26	END	1686174299548	1686174300858
USER	Get Token Scenario	25	END	1686174299548	1686174300858
USER	Get Token Scenario	18	END	1686174299545	1686174300859
USER	Get Token Scenario	21	END	1686174299547	1686174300859
USER	Get Token Scenario	24	END	1686174299547	1686174300859
REQUEST	177		GetToken	1686174300330	1686174300861	KO	jsonPath($.access_token).find.exists, found nothing
REQUEST	179		GetToken	1686174300332	1686174300861	KO	jsonPath($.access_token).find.exists, found nothing
REQUEST	172		GetToken	1686174300323	1686174300862	KO	jsonPath($.access_token).find.exists, found nothing
REQUEST	173		GetToken	1686174300325	1686174300870	KO	jsonPath($.access_token).find.exists, found nothing
REQUEST	178		GetToken	1686174300331	1686174300870	KO	jsonPath($.access_token).find.exists, found nothing
REQUEST	171		GetToken	1686174300322	1686174300872	KO	jsonPath($.access_token).find.exists, found nothing
REQUEST	174		GetToken	1686174300327	1686174300872	KO	jsonPath($.access_token).find.exists, found nothing
REQUEST	183		GetToken	1686174300379	1686174300872	KO	jsonPath($.access_token).find.exists, found nothing
REQUEST	180		GetToken	1686174300332	1686174300878	KO	jsonPath($.access_token).find.exists, found nothing
REQUEST	193		GetToken	1686174300408	1686174300879	KO	jsonPath($.access_token).find.exists, found nothing
REQUEST	187		GetToken	1686174300383	1686174300879	KO	jsonPath($.access_token).find.exists, found nothing
REQUEST	182		GetToken	1686174300338	1686174300880	KO	jsonPath($.access_token).find.exists, found nothing
REQUEST	196		GetToken	1686174300409	1686174300880	KO	jsonPath($.access_token).find.exists, found nothing
REQUEST	195		GetToken	1686174300409	1686174300880	KO	jsonPath($.access_token).find.exists, found nothing
REQUEST	175		GetToken	1686174300328	1686174300881	KO	jsonPath($.access_token).find.exists, found nothing
REQUEST	176		GetToken	1686174300329	1686174300881	KO	jsonPath($.access_token).find.exists, found nothing
REQUEST	186		GetToken	1686174300381	1686174300881	KO	jsonPath($.access_token).find.exists, found nothing
REQUEST	194		GetToken	1686174300406	1686174300883	KO	jsonPath($.access_token).find.exists, found nothing
REQUEST	199		GetToken	1686174300433	1686174300885	KO	jsonPath($.access_token).find.exists, found nothing
REQUEST	190		GetToken	1686174300399	1686174300886	KO	jsonPath($.access_token).find.exists, found nothing
REQUEST	185		GetToken	1686174300381	1686174300886	KO	jsonPath($.access_token).find.exists, found nothing
REQUEST	188		GetToken	1686174300384	1686174300888	KO	jsonPath($.access_token).find.exists, found nothing
REQUEST	181		GetToken	1686174300338	1686174300888	KO	jsonPath($.access_token).find.exists, found nothing
REQUEST	198		GetToken	1686174300432	1686174300920	KO	jsonPath($.access_token).find.exists, found nothing
REQUEST	200		GetToken	1686174300435	1686174300920	KO	jsonPath($.access_token).find.exists, found nothing
REQUEST	192		GetToken	1686174300401	1686174300920	KO	jsonPath($.access_token).find.exists, found nothing
REQUEST	197		GetToken	1686174300433	1686174300921	KO	jsonPath($.access_token).find.exists, found nothing
REQUEST	189		GetToken	1686174300397	1686174300921	KO	jsonPath($.access_token).find.exists, found nothing
REQUEST	191		GetToken	1686174300402	1686174300954	KO	jsonPath($.access_token).find.exists, found nothing
REQUEST	184		GetToken	1686174300380	1686174300957	KO	jsonPath($.access_token).find.exists, found nothing
USER	Get Token Scenario	28	END	1686174299550	1686174300967
USER	Get Token Scenario	36	END	1686174299595	1686174300978
USER	Get Token Scenario	33	END	1686174299576	1686174300994
USER	Get Token Scenario	29	END	1686174299565	1686174300994
USER	Get Token Scenario	45	END	1686174299636	1686174300994
USER	Get Token Scenario	4	END	1686174299427	1686174300994
USER	Get Token Scenario	19	END	1686174299545	1686174300994
USER	Get Token Scenario	44	END	1686174299633	1686174300994
USER	Get Token Scenario	39	END	1686174299610	1686174300995
USER	Get Token Scenario	38	END	1686174299596	1686174300995
USER	Get Token Scenario	34	END	1686174299576	1686174300995
USER	Get Token Scenario	17	END	1686174299544	1686174300996
USER	Get Token Scenario	27	END	1686174299550	1686174300996
USER	Get Token Scenario	30	END	1686174299568	1686174300996
USER	Get Token Scenario	32	END	1686174299571	1686174300996
USER	Get Token Scenario	40	END	1686174299610	1686174301010
USER	Get Token Scenario	42	END	1686174299630	1686174301010
USER	Get Token Scenario	55	END	1686174299708	1686174301057
USER	Get Token Scenario	60	END	1686174299733	1686174301057
USER	Get Token Scenario	41	END	1686174299629	1686174301057
USER	Get Token Scenario	48	END	1686174299657	1686174301058
USER	Get Token Scenario	46	END	1686174299636	1686174301059
USER	Get Token Scenario	47	END	1686174299657	1686174301167
USER	Get Token Scenario	49	END	1686174299658	1686174301167
USER	Get Token Scenario	37	END	1686174299596	1686174301167
USER	Get Token Scenario	43	END	1686174299632	1686174301168
USER	Get Token Scenario	56	END	1686174299709	1686174301168
USER	Get Token Scenario	68	END	1686174299766	1686174301168
USER	Get Token Scenario	70	END	1686174299778	1686174301169
USER	Get Token Scenario	63	END	1686174299748	1686174301169
USER	Get Token Scenario	66	END	1686174299763	1686174301169
USER	Get Token Scenario	58	END	1686174299732	1686174301169
USER	Get Token Scenario	54	END	1686174299706	1686174301169
USER	Get Token Scenario	65	END	1686174299763	1686174301169
USER	Get Token Scenario	71	END	1686174299796	1686174301169
USER	Get Token Scenario	78	END	1686174299816	1686174301170
USER	Get Token Scenario	57	END	1686174299732	1686174301170
USER	Get Token Scenario	82	END	1686174299849	1686174301170
USER	Get Token Scenario	75	END	1686174299813	1686174301170
USER	Get Token Scenario	62	END	1686174299737	1686174301170
USER	Get Token Scenario	73	END	1686174299797	1686174301171
USER	Get Token Scenario	35	END	1686174299595	1686174301171
USER	Get Token Scenario	50	END	1686174299657	1686174301171
USER	Get Token Scenario	52	END	1686174299706	1686174301173
USER	Get Token Scenario	74	END	1686174299797	1686174301337
USER	Get Token Scenario	53	END	1686174299706	1686174301337
USER	Get Token Scenario	61	END	1686174299737	1686174301337
USER	Get Token Scenario	77	END	1686174299816	1686174301497
USER	Get Token Scenario	79	END	1686174299846	1686174301497
USER	Get Token Scenario	69	END	1686174299778	1686174301497
USER	Get Token Scenario	72	END	1686174299796	1686174301527
USER	Get Token Scenario	84	END	1686174299850	1686174301527
USER	Get Token Scenario	64	END	1686174299748	1686174301620
USER	Get Token Scenario	80	END	1686174299848	1686174301620
USER	Get Token Scenario	51	END	1686174299705	1686174301620
USER	Get Token Scenario	87	END	1686174299910	1686174301620
USER	Get Token Scenario	88	END	1686174299921	1686174301620
USER	Get Token Scenario	97	END	1686174299979	1686174301620
USER	Get Token Scenario	59	END	1686174299732	1686174301620
USER	Get Token Scenario	104	END	1686174299982	1686174301620
USER	Get Token Scenario	95	END	1686174299978	1686174301620
USER	Get Token Scenario	76	END	1686174299813	1686174301621
USER	Get Token Scenario	86	END	1686174299910	1686174301621
USER	Get Token Scenario	81	END	1686174299849	1686174301621
USER	Get Token Scenario	102	END	1686174299982	1686174301621
USER	Get Token Scenario	67	END	1686174299766	1686174301621
USER	Get Token Scenario	106	END	1686174299983	1686174301622
USER	Get Token Scenario	98	END	1686174299980	1686174301627
USER	Get Token Scenario	83	END	1686174299850	1686174301627
USER	Get Token Scenario	100	END	1686174299985	1686174301627
USER	Get Token Scenario	111	END	1686174299997	1686174301627
USER	Get Token Scenario	93	END	1686174299978	1686174301627
USER	Get Token Scenario	89	END	1686174299968	1686174301651
USER	Get Token Scenario	96	END	1686174299979	1686174301651
USER	Get Token Scenario	94	END	1686174299978	1686174301651
USER	Get Token Scenario	114	END	1686174299999	1686174301651
USER	Get Token Scenario	105	END	1686174299983	1686174301651
USER	Get Token Scenario	116	END	1686174300034	1686174301651
USER	Get Token Scenario	91	END	1686174299971	1686174301651
USER	Get Token Scenario	99	END	1686174299980	1686174301651
USER	Get Token Scenario	85	END	1686174299895	1686174301652
USER	Get Token Scenario	113	END	1686174299998	1686174301667
USER	Get Token Scenario	90	END	1686174299969	1686174301667
USER	Get Token Scenario	107	END	1686174299983	1686174301667
USER	Get Token Scenario	101	END	1686174299981	1686174301667
USER	Get Token Scenario	134	END	1686174300101	1686174301682
USER	Get Token Scenario	138	END	1686174300121	1686174301682
USER	Get Token Scenario	124	END	1686174300047	1686174301686
USER	Get Token Scenario	103	END	1686174299982	1686174301686
USER	Get Token Scenario	109	END	1686174299984	1686174301698
USER	Get Token Scenario	125	END	1686174300079	1686174301698
USER	Get Token Scenario	132	END	1686174300101	1686174301698
USER	Get Token Scenario	115	END	1686174300033	1686174301698
USER	Get Token Scenario	136	END	1686174300114	1686174301698
USER	Get Token Scenario	135	END	1686174300113	1686174301698
USER	Get Token Scenario	129	END	1686174300082	1686174301699
USER	Get Token Scenario	126	END	1686174300079	1686174301699
USER	Get Token Scenario	119	END	1686174300035	1686174301699
USER	Get Token Scenario	112	END	1686174299997	1686174301699
USER	Get Token Scenario	92	END	1686174299974	1686174301714
USER	Get Token Scenario	131	END	1686174300101	1686174301714
USER	Get Token Scenario	144	END	1686174300152	1686174301714
USER	Get Token Scenario	148	END	1686174300174	1686174301714
USER	Get Token Scenario	145	END	1686174300160	1686174301714
USER	Get Token Scenario	108	END	1686174299984	1686174301714
USER	Get Token Scenario	120	END	1686174300040	1686174301715
USER	Get Token Scenario	154	END	1686174300203	1686174301715
USER	Get Token Scenario	122	END	1686174300041	1686174301716
USER	Get Token Scenario	117	END	1686174300034	1686174301730
USER	Get Token Scenario	140	END	1686174300151	1686174301730
USER	Get Token Scenario	142	END	1686174300152	1686174301730
USER	Get Token Scenario	147	END	1686174300174	1686174301730
USER	Get Token Scenario	118	END	1686174300035	1686174301730
USER	Get Token Scenario	143	END	1686174300152	1686174301778
USER	Get Token Scenario	141	END	1686174300152	1686174301778
USER	Get Token Scenario	155	END	1686174300210	1686174301778
USER	Get Token Scenario	123	END	1686174300047	1686174301778
USER	Get Token Scenario	153	END	1686174300203	1686174301778
USER	Get Token Scenario	167	END	1686174300267	1686174301778
USER	Get Token Scenario	121	END	1686174300040	1686174301778
USER	Get Token Scenario	110	END	1686174299984	1686174301778
USER	Get Token Scenario	159	END	1686174300226	1686174301778
USER	Get Token Scenario	166	END	1686174300265	1686174301778
USER	Get Token Scenario	139	END	1686174300150	1686174301778
USER	Get Token Scenario	161	END	1686174300249	1686174301779
USER	Get Token Scenario	169	END	1686174300283	1686174301779
USER	Get Token Scenario	170	END	1686174300283	1686174301779
USER	Get Token Scenario	151	END	1686174300188	1686174301779
USER	Get Token Scenario	149	END	1686174300178	1686174301796
USER	Get Token Scenario	150	END	1686174300179	1686174301797
USER	Get Token Scenario	156	END	1686174300215	1686174301797
USER	Get Token Scenario	146	END	1686174300160	1686174301797
USER	Get Token Scenario	164	END	1686174300250	1686174301797
USER	Get Token Scenario	160	END	1686174300226	1686174301797
USER	Get Token Scenario	168	END	1686174300267	1686174301797
USER	Get Token Scenario	130	END	1686174300083	1686174301797
USER	Get Token Scenario	152	END	1686174300188	1686174301797
USER	Get Token Scenario	128	END	1686174300081	1686174301797
USER	Get Token Scenario	157	END	1686174300217	1686174301797
USER	Get Token Scenario	133	END	1686174300101	1686174301797
USER	Get Token Scenario	127	END	1686174300080	1686174301797
USER	Get Token Scenario	137	END	1686174300121	1686174301797
USER	Get Token Scenario	158	END	1686174300222	1686174301809
USER	Get Token Scenario	163	END	1686174300250	1686174301824
USER	Get Token Scenario	162	END	1686174300250	1686174301824
USER	Get Token Scenario	165	END	1686174300265	1686174301826
USER	Get Token Scenario	179	END	1686174300329	1686174301887
USER	Get Token Scenario	173	END	1686174300321	1686174301887
USER	Get Token Scenario	172	END	1686174300289	1686174301887
USER	Get Token Scenario	178	END	1686174300329	1686174301887
USER	Get Token Scenario	183	END	1686174300378	1686174301888
USER	Get Token Scenario	171	END	1686174300289	1686174301888
USER	Get Token Scenario	180	END	1686174300330	1686174301888
USER	Get Token Scenario	177	END	1686174300329	1686174301888
USER	Get Token Scenario	187	END	1686174300379	1686174301888
USER	Get Token Scenario	193	END	1686174300405	1686174301888
USER	Get Token Scenario	196	END	1686174300408	1686174301888
USER	Get Token Scenario	174	END	1686174300325	1686174301888
USER	Get Token Scenario	175	END	1686174300327	1686174301889
USER	Get Token Scenario	176	END	1686174300328	1686174301889
USER	Get Token Scenario	186	END	1686174300378	1686174301889
USER	Get Token Scenario	182	END	1686174300336	1686174301889
USER	Get Token Scenario	195	END	1686174300408	1686174301889
USER	Get Token Scenario	194	END	1686174300405	1686174301889
USER	Get Token Scenario	199	END	1686174300432	1686174301889
USER	Get Token Scenario	190	END	1686174300396	1686174301907
USER	Get Token Scenario	181	END	1686174300336	1686174301907
USER	Get Token Scenario	188	END	1686174300379	1686174301907
USER	Get Token Scenario	185	END	1686174300378	1686174301907
USER	Get Token Scenario	197	END	1686174300431	1686174301937
USER	Get Token Scenario	192	END	1686174300396	1686174301937
USER	Get Token Scenario	198	END	1686174300431	1686174301937
USER	Get Token Scenario	189	END	1686174300396	1686174301937
USER	Get Token Scenario	200	END	1686174300432	1686174301937
USER	Get Token Scenario	184	END	1686174300378	1686174301967
USER	Get Token Scenario	191	END	1686174300396	1686174301967
