RUN	simulations.GetTokenSimulation	gettokensimulation	1686773759286	 	3.3.1
USER	Get Token Scenario	1	START	1686773760872	1686773760872
USER	Get Token Scenario	2	START	1686773761021	1686773761021
USER	Get Token Scenario	3	START	1686773761161	1686773761161
REQUEST	1		GetToken	1686773760908	1686773761163	OK	 
USER	Get Token Scenario	4	START	1686773761301	1686773761301
USER	Get Token Scenario	5	START	1686773761441	1686773761441
REQUEST	2		GetToken	1686773761023	1686773761516	OK	 
REQUEST	3		GetToken	1686773761163	1686773761531	OK	 
USER	Get Token Scenario	6	START	1686773761592	1686773761592
REQUEST	5		GetToken	1686773761443	1686773761625	KO	jsonPath($.access_token).find.exists, found nothing
USER	Get Token Scenario	7	START	1686773761732	1686773761732
REQUEST	6		GetToken	1686773761592	1686773761776	KO	jsonPath($.access_token).find.exists, found nothing
USER	Get Token Scenario	8	START	1686773761871	1686773761871
REQUEST	7		GetToken	1686773761733	1686773761917	KO	jsonPath($.access_token).find.exists, found nothing
USER	Get Token Scenario	9	START	1686773762036	1686773762036
REQUEST	8		GetToken	1686773761873	1686773762046	KO	jsonPath($.access_token).find.exists, found nothing
USER	Get Token Scenario	1	END	1686773760872	1686773762192
USER	Get Token Scenario	10	START	1686773762204	1686773762204
REQUEST	9		GetToken	1686773762036	1686773762211	KO	jsonPath($.access_token).find.exists, found nothing
USER	Get Token Scenario	11	START	1686773762374	1686773762374
REQUEST	10		GetToken	1686773762205	1686773762381	KO	jsonPath($.access_token).find.exists, found nothing
USER	Get Token Scenario	12	START	1686773762531	1686773762531
USER	Get Token Scenario	2	END	1686773761021	1686773762532
USER	Get Token Scenario	3	END	1686773761161	1686773762552
REQUEST	11		GetToken	1686773762375	1686773762581	OK	 
USER	Get Token Scenario	5	END	1686773761441	1686773762642
USER	Get Token Scenario	13	START	1686773762701	1686773762701
REQUEST	12		GetToken	1686773762532	1686773762762	OK	 
USER	Get Token Scenario	6	END	1686773761592	1686773762796
USER	Get Token Scenario	14	START	1686773762873	1686773762873
REQUEST	13		GetToken	1686773762702	1686773762895	OK	 
USER	Get Token Scenario	7	END	1686773761732	1686773762934
USER	Get Token Scenario	15	START	1686773763029	1686773763029
USER	Get Token Scenario	8	END	1686773761871	1686773763060
REQUEST	14		GetToken	1686773762874	1686773763068	OK	 
USER	Get Token Scenario	16	START	1686773763198	1686773763198
REQUEST	15		GetToken	1686773763030	1686773763206	KO	jsonPath($.access_token).find.exists, found nothing
USER	Get Token Scenario	9	END	1686773762036	1686773763230
USER	Get Token Scenario	17	START	1686773763369	1686773763369
REQUEST	16		GetToken	1686773763199	1686773763369	KO	jsonPath($.access_token).find.exists, found nothing
USER	Get Token Scenario	10	END	1686773762204	1686773763399
USER	Get Token Scenario	18	START	1686773763523	1686773763523
USER	Get Token Scenario	11	END	1686773762374	1686773763602
REQUEST	17		GetToken	1686773763370	1686773763608	KO	jsonPath($.access_token).find.exists, found nothing
USER	Get Token Scenario	19	START	1686773763692	1686773763692
REQUEST	18		GetToken	1686773763524	1686773763708	KO	jsonPath($.access_token).find.exists, found nothing
USER	Get Token Scenario	12	END	1686773762531	1686773763785
REQUEST	4		GetToken	1686773761303	1686773763787	OK	 
USER	Get Token Scenario	20	START	1686773763861	1686773763861
REQUEST	19		GetToken	1686773763694	1686773763876	KO	jsonPath($.access_token).find.exists, found nothing
USER	Get Token Scenario	13	END	1686773762701	1686773763912
REQUEST	20		GetToken	1686773763862	1686773764036	KO	jsonPath($.access_token).find.exists, found nothing
USER	Get Token Scenario	21	START	1686773764047	1686773764047
USER	Get Token Scenario	14	END	1686773762873	1686773764082
USER	Get Token Scenario	22	START	1686773764219	1686773764219
USER	Get Token Scenario	15	END	1686773763029	1686773764222
REQUEST	21		GetToken	1686773764048	1686773764255	OK	 
USER	Get Token Scenario	23	START	1686773764374	1686773764374
USER	Get Token Scenario	16	END	1686773763198	1686773764375
REQUEST	22		GetToken	1686773764220	1686773764433	OK	 
USER	Get Token Scenario	24	START	1686773764545	1686773764545
REQUEST	23		GetToken	1686773764375	1686773764576	OK	 
USER	Get Token Scenario	17	END	1686773763369	1686773764622
USER	Get Token Scenario	25	START	1686773764714	1686773764714
USER	Get Token Scenario	18	END	1686773763523	1686773764714
REQUEST	24		GetToken	1686773764546	1686773764740	OK	 
USER	Get Token Scenario	4	END	1686773761301	1686773764808
USER	Get Token Scenario	26	START	1686773764871	1686773764871
USER	Get Token Scenario	19	END	1686773763692	1686773764886
REQUEST	25		GetToken	1686773764715	1686773764887	KO	jsonPath($.access_token).find.exists, found nothing
USER	Get Token Scenario	27	START	1686773765011	1686773765011
REQUEST	26		GetToken	1686773764872	1686773765046	KO	jsonPath($.access_token).find.exists, found nothing
USER	Get Token Scenario	20	END	1686773763861	1686773765057
USER	Get Token Scenario	28	START	1686773765165	1686773765165
REQUEST	27		GetToken	1686773765012	1686773765181	KO	jsonPath($.access_token).find.exists, found nothing
USER	Get Token Scenario	21	END	1686773764047	1686773765273
USER	Get Token Scenario	29	START	1686773765304	1686773765304
REQUEST	28		GetToken	1686773765166	1686773765351	KO	jsonPath($.access_token).find.exists, found nothing
USER	Get Token Scenario	30	START	1686773765444	1686773765444
USER	Get Token Scenario	22	END	1686773764219	1686773765444
REQUEST	29		GetToken	1686773765305	1686773765529	KO	jsonPath($.access_token).find.exists, found nothing
USER	Get Token Scenario	31	START	1686773765583	1686773765583
USER	Get Token Scenario	23	END	1686773764374	1686773765599
REQUEST	30		GetToken	1686773765444	1686773765609	KO	jsonPath($.access_token).find.exists, found nothing
USER	Get Token Scenario	32	START	1686773765737	1686773765737
USER	Get Token Scenario	24	END	1686773764545	1686773765753
REQUEST	31		GetToken	1686773765584	1686773765793	OK	 
USER	Get Token Scenario	33	START	1686773765879	1686773765879
USER	Get Token Scenario	25	END	1686773764714	1686773765909
REQUEST	32		GetToken	1686773765738	1686773765943	OK	 
USER	Get Token Scenario	34	START	1686773766046	1686773766046
USER	Get Token Scenario	26	END	1686773764871	1686773766062
REQUEST	33		GetToken	1686773765880	1686773766091	OK	 
USER	Get Token Scenario	27	END	1686773765011	1686773766202
USER	Get Token Scenario	35	START	1686773766215	1686773766215
REQUEST	34		GetToken	1686773766048	1686773766255	OK	 
USER	Get Token Scenario	28	END	1686773765165	1686773766372
USER	Get Token Scenario	36	START	1686773766384	1686773766384
REQUEST	35		GetToken	1686773766216	1686773766394	KO	jsonPath($.access_token).find.exists, found nothing
USER	Get Token Scenario	29	END	1686773765304	1686773766562
USER	Get Token Scenario	37	START	1686773766561	1686773766561
REQUEST	36		GetToken	1686773766385	1686773766579	KO	jsonPath($.access_token).find.exists, found nothing
USER	Get Token Scenario	30	END	1686773765444	1686773766633
USER	Get Token Scenario	38	START	1686773766711	1686773766711
REQUEST	37		GetToken	1686773766563	1686773766744	KO	jsonPath($.access_token).find.exists, found nothing
USER	Get Token Scenario	31	END	1686773765583	1686773766802
USER	Get Token Scenario	39	START	1686773766881	1686773766881
REQUEST	38		GetToken	1686773766713	1686773766902	KO	jsonPath($.access_token).find.exists, found nothing
USER	Get Token Scenario	32	END	1686773765737	1686773766971
USER	Get Token Scenario	40	START	1686773767049	1686773767049
REQUEST	39		GetToken	1686773766882	1686773767065	KO	jsonPath($.access_token).find.exists, found nothing
USER	Get Token Scenario	33	END	1686773765879	1686773767111
USER	Get Token Scenario	41	START	1686773767218	1686773767218
REQUEST	40		GetToken	1686773767051	1686773767249	KO	jsonPath($.access_token).find.exists, found nothing
USER	Get Token Scenario	34	END	1686773766046	1686773767281
USER	Get Token Scenario	42	START	1686773767389	1686773767389
USER	Get Token Scenario	35	END	1686773766215	1686773767404
REQUEST	41		GetToken	1686773767219	1686773767430	OK	 
USER	Get Token Scenario	43	START	1686773767543	1686773767543
USER	Get Token Scenario	36	END	1686773766384	1686773767592
REQUEST	42		GetToken	1686773767390	1686773767620	OK	 
USER	Get Token Scenario	44	START	1686773767711	1686773767711
USER	Get Token Scenario	37	END	1686773766561	1686773767762
REQUEST	43		GetToken	1686773767544	1686773767804	OK	 
USER	Get Token Scenario	45	START	1686773767881	1686773767881
USER	Get Token Scenario	38	END	1686773766711	1686773767916
REQUEST	44		GetToken	1686773767713	1686773767934	OK	 
USER	Get Token Scenario	46	START	1686773768048	1686773768048
REQUEST	45		GetToken	1686773767882	1686773768070	KO	jsonPath($.access_token).find.exists, found nothing
USER	Get Token Scenario	39	END	1686773766881	1686773768081
USER	Get Token Scenario	47	START	1686773768218	1686773768218
REQUEST	46		GetToken	1686773768049	1686773768222	KO	jsonPath($.access_token).find.exists, found nothing
USER	Get Token Scenario	40	END	1686773767049	1686773768252
USER	Get Token Scenario	48	START	1686773768387	1686773768387
REQUEST	47		GetToken	1686773768220	1686773768406	KO	jsonPath($.access_token).find.exists, found nothing
USER	Get Token Scenario	41	END	1686773767218	1686773768449
USER	Get Token Scenario	49	START	1686773768542	1686773768542
REQUEST	48		GetToken	1686773768389	1686773768588	KO	jsonPath($.access_token).find.exists, found nothing
USER	Get Token Scenario	42	END	1686773767389	1686773768648
USER	Get Token Scenario	50	START	1686773768711	1686773768711
REQUEST	49		GetToken	1686773768543	1686773768739	KO	jsonPath($.access_token).find.exists, found nothing
USER	Get Token Scenario	43	END	1686773767543	1686773768822
REQUEST	50		GetToken	1686773768712	1686773768887	KO	jsonPath($.access_token).find.exists, found nothing
USER	Get Token Scenario	44	END	1686773767711	1686773768950
USER	Get Token Scenario	45	END	1686773767881	1686773769082
USER	Get Token Scenario	46	END	1686773768048	1686773769249
USER	Get Token Scenario	47	END	1686773768218	1686773769435
USER	Get Token Scenario	48	END	1686773768387	1686773769592
USER	Get Token Scenario	49	END	1686773768542	1686773769749
USER	Get Token Scenario	50	END	1686773768711	1686773769925
