RUN	simulations.GetTokenSimulation	gettokensimulation	1686670041518	 	3.3.1
USER	Get Token Scenario	1	START	1686670042944	1686670042944
USER	Get Token Scenario	2	START	1686670043100	1686670043100
USER	Get Token Scenario	3	START	1686670043240	1686670043240
REQUEST	1		GetToken	1686670042973	1686670043337	OK	 
REQUEST	2		GetToken	1686670043101	1686670043332	OK	 
USER	Get Token Scenario	4	START	1686670043387	1686670043387
REQUEST	3		GetToken	1686670043241	1686670043448	OK	 
USER	Get Token Scenario	5	START	1686670043530	1686670043530
REQUEST	4		GetToken	1686670043388	1686670043601	OK	 
USER	Get Token Scenario	6	START	1686670043680	1686670043680
REQUEST	5		GetToken	1686670043531	1686670043713	KO	jsonPath($.access_token).find.exists, found nothing
USER	Get Token Scenario	7	START	1686670043818	1686670043818
REQUEST	6		GetToken	1686670043681	1686670043863	KO	jsonPath($.access_token).find.exists, found nothing
USER	Get Token Scenario	8	START	1686670043959	1686670043959
REQUEST	7		GetToken	1686670043819	1686670044003	KO	jsonPath($.access_token).find.exists, found nothing
USER	Get Token Scenario	9	START	1686670044131	1686670044131
REQUEST	8		GetToken	1686670043960	1686670044154	KO	jsonPath($.access_token).find.exists, found nothing
USER	Get Token Scenario	10	START	1686670044290	1686670044290
REQUEST	9		GetToken	1686670044132	1686670044315	KO	jsonPath($.access_token).find.exists, found nothing
USER	Get Token Scenario	1	END	1686670042944	1686670044353
USER	Get Token Scenario	2	END	1686670043100	1686670044353
USER	Get Token Scenario	11	START	1686670044458	1686670044458
USER	Get Token Scenario	3	END	1686670043240	1686670044474
REQUEST	10		GetToken	1686670044291	1686670044493	KO	jsonPath($.access_token).find.exists, found nothing
USER	Get Token Scenario	4	END	1686670043387	1686670044614
USER	Get Token Scenario	12	START	1686670044630	1686670044630
REQUEST	11		GetToken	1686670044459	1686670044674	OK	 
USER	Get Token Scenario	5	END	1686670043530	1686670044738
USER	Get Token Scenario	13	START	1686670044800	1686670044800
REQUEST	12		GetToken	1686670044631	1686670044854	OK	 
USER	Get Token Scenario	6	END	1686670043680	1686670044877
USER	Get Token Scenario	14	START	1686670044954	1686670044954
REQUEST	13		GetToken	1686670044801	1686670045002	OK	 
USER	Get Token Scenario	7	END	1686670043818	1686670045016
USER	Get Token Scenario	15	START	1686670045109	1686670045109
REQUEST	14		GetToken	1686670044955	1686670045152	OK	 
USER	Get Token Scenario	8	END	1686670043959	1686670045173
USER	Get Token Scenario	16	START	1686670045270	1686670045270
REQUEST	15		GetToken	1686670045110	1686670045287	KO	jsonPath($.access_token).find.exists, found nothing
USER	Get Token Scenario	9	END	1686670044131	1686670045327
USER	Get Token Scenario	17	START	1686670045440	1686670045440
REQUEST	16		GetToken	1686670045271	1686670045463	KO	jsonPath($.access_token).find.exists, found nothing
USER	Get Token Scenario	10	END	1686670044290	1686670045512
USER	Get Token Scenario	18	START	1686670045605	1686670045605
REQUEST	17		GetToken	1686670045441	1686670045622	KO	jsonPath($.access_token).find.exists, found nothing
USER	Get Token Scenario	11	END	1686670044458	1686670045683
USER	Get Token Scenario	19	START	1686670045775	1686670045775
REQUEST	18		GetToken	1686670045607	1686670045786	KO	jsonPath($.access_token).find.exists, found nothing
USER	Get Token Scenario	12	END	1686670044630	1686670045870
USER	Get Token Scenario	20	START	1686670045946	1686670045946
REQUEST	19		GetToken	1686670045775	1686670045954	KO	jsonPath($.access_token).find.exists, found nothing
USER	Get Token Scenario	13	END	1686670044800	1686670046024
USER	Get Token Scenario	21	START	1686670046116	1686670046116
REQUEST	20		GetToken	1686670045947	1686670046122	KO	jsonPath($.access_token).find.exists, found nothing
USER	Get Token Scenario	14	END	1686670044954	1686670046163
USER	Get Token Scenario	22	START	1686670046272	1686670046272
USER	Get Token Scenario	15	END	1686670045109	1686670046304
REQUEST	21		GetToken	1686670046118	1686670046333	OK	 
USER	Get Token Scenario	23	START	1686670046442	1686670046442
REQUEST	22		GetToken	1686670046273	1686670046471	OK	 
USER	Get Token Scenario	16	END	1686670045270	1686670046473
USER	Get Token Scenario	24	START	1686670046612	1686670046612
USER	Get Token Scenario	17	END	1686670045440	1686670046644
REQUEST	23		GetToken	1686670046444	1686670046647	OK	 
USER	Get Token Scenario	25	START	1686670046770	1686670046770
USER	Get Token Scenario	18	END	1686670045605	1686670046801
REQUEST	24		GetToken	1686670046613	1686670046829	OK	 
USER	Get Token Scenario	26	START	1686670046940	1686670046940
REQUEST	25		GetToken	1686670046772	1686670046946	KO	jsonPath($.access_token).find.exists, found nothing
USER	Get Token Scenario	19	END	1686670045775	1686670046970
USER	Get Token Scenario	27	START	1686670047107	1686670047107
REQUEST	26		GetToken	1686670046941	1686670047119	KO	jsonPath($.access_token).find.exists, found nothing
USER	Get Token Scenario	20	END	1686670045946	1686670047140
USER	Get Token Scenario	28	START	1686670047246	1686670047246
REQUEST	27		GetToken	1686670047108	1686670047308	KO	jsonPath($.access_token).find.exists, found nothing
USER	Get Token Scenario	21	END	1686670046116	1686670047370
USER	Get Token Scenario	29	START	1686670047400	1686670047400
REQUEST	28		GetToken	1686670047247	1686670047438	KO	jsonPath($.access_token).find.exists, found nothing
USER	Get Token Scenario	22	END	1686670046272	1686670047493
USER	Get Token Scenario	30	START	1686670047539	1686670047539
REQUEST	29		GetToken	1686670047401	1686670047585	KO	jsonPath($.access_token).find.exists, found nothing
USER	Get Token Scenario	23	END	1686670046442	1686670047664
USER	Get Token Scenario	31	START	1686670047680	1686670047680
REQUEST	30		GetToken	1686670047540	1686670047712	KO	jsonPath($.access_token).find.exists, found nothing
USER	Get Token Scenario	32	START	1686670047820	1686670047820
USER	Get Token Scenario	24	END	1686670046612	1686670047850
REQUEST	31		GetToken	1686670047681	1686670047886	OK	 
USER	Get Token Scenario	33	START	1686670047960	1686670047960
USER	Get Token Scenario	25	END	1686670046770	1686670047960
REQUEST	32		GetToken	1686670047820	1686670048026	OK	 
USER	Get Token Scenario	34	START	1686670048128	1686670048128
USER	Get Token Scenario	26	END	1686670046940	1686670048130
REQUEST	33		GetToken	1686670047961	1686670048159	OK	 
USER	Get Token Scenario	35	START	1686670048298	1686670048298
USER	Get Token Scenario	27	END	1686670047107	1686670048314
REQUEST	34		GetToken	1686670048129	1686670048337	OK	 
USER	Get Token Scenario	28	END	1686670047246	1686670048454
USER	Get Token Scenario	36	START	1686670048469	1686670048469
REQUEST	35		GetToken	1686670048299	1686670048475	KO	jsonPath($.access_token).find.exists, found nothing
USER	Get Token Scenario	29	END	1686670047400	1686670048594
USER	Get Token Scenario	37	START	1686670048624	1686670048624
REQUEST	36		GetToken	1686670048470	1686670048671	KO	jsonPath($.access_token).find.exists, found nothing
USER	Get Token Scenario	30	END	1686670047539	1686670048733
USER	Get Token Scenario	38	START	1686670048794	1686670048794
REQUEST	37		GetToken	1686670048625	1686670048809	KO	jsonPath($.access_token).find.exists, found nothing
USER	Get Token Scenario	31	END	1686670047680	1686670048904
USER	Get Token Scenario	39	START	1686670048966	1686670048966
REQUEST	38		GetToken	1686670048795	1686670048968	KO	jsonPath($.access_token).find.exists, found nothing
USER	Get Token Scenario	32	END	1686670047820	1686670049044
USER	Get Token Scenario	40	START	1686670049110	1686670049110
REQUEST	39		GetToken	1686670048967	1686670049139	KO	jsonPath($.access_token).find.exists, found nothing
USER	Get Token Scenario	33	END	1686670047960	1686670049185
USER	Get Token Scenario	41	START	1686670049278	1686670049278
REQUEST	40		GetToken	1686670049111	1686670049284	KO	jsonPath($.access_token).find.exists, found nothing
USER	Get Token Scenario	34	END	1686670048128	1686670049356
USER	Get Token Scenario	42	START	1686670049450	1686670049450
USER	Get Token Scenario	35	END	1686670048298	1686670049497
REQUEST	41		GetToken	1686670049280	1686670049523	OK	 
USER	Get Token Scenario	43	START	1686670049610	1686670049610
REQUEST	42		GetToken	1686670049450	1686670049692	OK	 
USER	Get Token Scenario	36	END	1686670048469	1686670049700
USER	Get Token Scenario	44	START	1686670049777	1686670049777
REQUEST	43		GetToken	1686670049611	1686670049826	OK	 
USER	Get Token Scenario	37	END	1686670048624	1686670049839
USER	Get Token Scenario	45	START	1686670049947	1686670049947
USER	Get Token Scenario	38	END	1686670048794	1686670049979
REQUEST	44		GetToken	1686670049778	1686670049980	OK	 
USER	Get Token Scenario	46	START	1686670050117	1686670050117
REQUEST	45		GetToken	1686670049949	1686670050124	KO	jsonPath($.access_token).find.exists, found nothing
USER	Get Token Scenario	39	END	1686670048966	1686670050163
USER	Get Token Scenario	47	START	1686670050271	1686670050271
USER	Get Token Scenario	40	END	1686670049110	1686670050302
REQUEST	46		GetToken	1686670050118	1686670050307	KO	jsonPath($.access_token).find.exists, found nothing
USER	Get Token Scenario	48	START	1686670050441	1686670050441
REQUEST	47		GetToken	1686670050272	1686670050451	KO	jsonPath($.access_token).find.exists, found nothing
USER	Get Token Scenario	41	END	1686670049278	1686670050534
USER	Get Token Scenario	49	START	1686670050612	1686670050612
REQUEST	48		GetToken	1686670050442	1686670050614	KO	jsonPath($.access_token).find.exists, found nothing
USER	Get Token Scenario	42	END	1686670049450	1686670050704
USER	Get Token Scenario	50	START	1686670050780	1686670050780
REQUEST	49		GetToken	1686670050615	1686670050799	KO	jsonPath($.access_token).find.exists, found nothing
USER	Get Token Scenario	43	END	1686670049610	1686670050843
REQUEST	50		GetToken	1686670050782	1686670050954	KO	jsonPath($.access_token).find.exists, found nothing
USER	Get Token Scenario	44	END	1686670049777	1686670051000
USER	Get Token Scenario	45	END	1686670049947	1686670051140
USER	Get Token Scenario	46	END	1686670050117	1686670051326
USER	Get Token Scenario	47	END	1686670050271	1686670051466
USER	Get Token Scenario	48	END	1686670050441	1686670051638
USER	Get Token Scenario	49	END	1686670050612	1686670051809
USER	Get Token Scenario	50	END	1686670050780	1686670051970
