RUN	simulations.GetTokenSimulation	gettokensimulation	1687454895002	 	3.3.1
USER	Get Token Scenario	6	START	1687454898186	1687454898186
USER	Get Token Scenario	7	START	1687454898187	1687454898187
USER	Get Token Scenario	8	START	1687454898186	1687454898186
USER	Get Token Scenario	10	START	1687454898188	1687454898188
USER	Get Token Scenario	11	START	1687454898188	1687454898188
USER	Get Token Scenario	5	START	1687454898184	1687454898184
USER	Get Token Scenario	1	START	1687454898184	1687454898184
USER	Get Token Scenario	2	START	1687454898184	1687454898184
USER	Get Token Scenario	3	START	1687454898184	1687454898184
USER	Get Token Scenario	9	START	1687454898187	1687454898187
USER	Get Token Scenario	4	START	1687454898184	1687454898184
USER	Get Token Scenario	15	START	1687454898222	1687454898222
USER	Get Token Scenario	14	START	1687454898222	1687454898222
USER	Get Token Scenario	13	START	1687454898221	1687454898221
USER	Get Token Scenario	16	START	1687454898223	1687454898223
USER	Get Token Scenario	17	START	1687454898223	1687454898223
USER	Get Token Scenario	12	START	1687454898221	1687454898221
USER	Get Token Scenario	18	START	1687454898237	1687454898237
USER	Get Token Scenario	19	START	1687454898237	1687454898237
USER	Get Token Scenario	20	START	1687454898237	1687454898237
USER	Get Token Scenario	22	START	1687454898252	1687454898252
USER	Get Token Scenario	24	START	1687454898252	1687454898252
USER	Get Token Scenario	23	START	1687454898252	1687454898252
USER	Get Token Scenario	21	START	1687454898252	1687454898252
USER	Get Token Scenario	26	START	1687454898268	1687454898268
USER	Get Token Scenario	25	START	1687454898268	1687454898268
USER	Get Token Scenario	28	START	1687454898272	1687454898272
USER	Get Token Scenario	27	START	1687454898272	1687454898272
USER	Get Token Scenario	29	START	1687454898272	1687454898272
USER	Get Token Scenario	30	START	1687454898284	1687454898284
USER	Get Token Scenario	31	START	1687454898287	1687454898287
USER	Get Token Scenario	32	START	1687454898287	1687454898287
USER	Get Token Scenario	33	START	1687454898303	1687454898303
USER	Get Token Scenario	34	START	1687454898303	1687454898303
USER	Get Token Scenario	35	START	1687454898303	1687454898303
USER	Get Token Scenario	36	START	1687454898306	1687454898306
USER	Get Token Scenario	37	START	1687454898306	1687454898306
USER	Get Token Scenario	38	START	1687454898306	1687454898306
USER	Get Token Scenario	39	START	1687454898339	1687454898339
USER	Get Token Scenario	42	START	1687454898340	1687454898340
USER	Get Token Scenario	41	START	1687454898340	1687454898340
USER	Get Token Scenario	40	START	1687454898340	1687454898340
USER	Get Token Scenario	43	START	1687454898340	1687454898340
USER	Get Token Scenario	44	START	1687454898341	1687454898341
USER	Get Token Scenario	45	START	1687454898341	1687454898341
USER	Get Token Scenario	47	START	1687454898342	1687454898342
USER	Get Token Scenario	46	START	1687454898341	1687454898341
USER	Get Token Scenario	48	START	1687454898343	1687454898343
USER	Get Token Scenario	50	START	1687454898347	1687454898347
USER	Get Token Scenario	49	START	1687454898348	1687454898348
USER	Get Token Scenario	51	START	1687454898366	1687454898366
USER	Get Token Scenario	52	START	1687454898377	1687454898377
USER	Get Token Scenario	56	START	1687454898379	1687454898379
USER	Get Token Scenario	54	START	1687454898378	1687454898378
USER	Get Token Scenario	55	START	1687454898378	1687454898378
USER	Get Token Scenario	57	START	1687454898381	1687454898381
USER	Get Token Scenario	59	START	1687454898380	1687454898380
USER	Get Token Scenario	58	START	1687454898383	1687454898383
USER	Get Token Scenario	53	START	1687454898378	1687454898378
USER	Get Token Scenario	61	START	1687454898391	1687454898391
USER	Get Token Scenario	62	START	1687454898392	1687454898392
USER	Get Token Scenario	60	START	1687454898391	1687454898391
USER	Get Token Scenario	63	START	1687454898399	1687454898399
USER	Get Token Scenario	64	START	1687454898400	1687454898400
USER	Get Token Scenario	65	START	1687454898400	1687454898400
USER	Get Token Scenario	66	START	1687454898403	1687454898403
USER	Get Token Scenario	68	START	1687454898404	1687454898404
USER	Get Token Scenario	67	START	1687454898403	1687454898403
USER	Get Token Scenario	70	START	1687454898421	1687454898421
USER	Get Token Scenario	69	START	1687454898421	1687454898421
USER	Get Token Scenario	71	START	1687454898426	1687454898426
USER	Get Token Scenario	73	START	1687454898433	1687454898433
USER	Get Token Scenario	72	START	1687454898432	1687454898432
USER	Get Token Scenario	74	START	1687454898518	1687454898518
USER	Get Token Scenario	75	START	1687454898519	1687454898519
USER	Get Token Scenario	76	START	1687454898520	1687454898520
USER	Get Token Scenario	77	START	1687454898521	1687454898521
USER	Get Token Scenario	78	START	1687454898522	1687454898522
USER	Get Token Scenario	79	START	1687454898523	1687454898523
USER	Get Token Scenario	80	START	1687454898526	1687454898526
USER	Get Token Scenario	81	START	1687454898529	1687454898529
USER	Get Token Scenario	84	START	1687454898531	1687454898531
USER	Get Token Scenario	85	START	1687454898532	1687454898532
USER	Get Token Scenario	86	START	1687454898532	1687454898532
USER	Get Token Scenario	87	START	1687454898533	1687454898533
USER	Get Token Scenario	88	START	1687454898534	1687454898534
USER	Get Token Scenario	89	START	1687454898535	1687454898535
USER	Get Token Scenario	82	START	1687454898530	1687454898530
USER	Get Token Scenario	90	START	1687454898536	1687454898536
USER	Get Token Scenario	92	START	1687454898537	1687454898537
USER	Get Token Scenario	91	START	1687454898537	1687454898537
USER	Get Token Scenario	93	START	1687454898537	1687454898537
USER	Get Token Scenario	94	START	1687454898538	1687454898538
USER	Get Token Scenario	95	START	1687454898538	1687454898538
USER	Get Token Scenario	96	START	1687454898539	1687454898539
USER	Get Token Scenario	97	START	1687454898539	1687454898539
USER	Get Token Scenario	98	START	1687454898539	1687454898539
USER	Get Token Scenario	99	START	1687454898540	1687454898540
USER	Get Token Scenario	101	START	1687454898635	1687454898635
USER	Get Token Scenario	100	START	1687454898540	1687454898540
USER	Get Token Scenario	102	START	1687454898652	1687454898652
USER	Get Token Scenario	103	START	1687454898653	1687454898653
USER	Get Token Scenario	105	START	1687454898655	1687454898655
USER	Get Token Scenario	104	START	1687454898654	1687454898654
USER	Get Token Scenario	106	START	1687454898655	1687454898655
USER	Get Token Scenario	107	START	1687454898655	1687454898655
USER	Get Token Scenario	108	START	1687454898655	1687454898655
USER	Get Token Scenario	110	START	1687454898656	1687454898656
USER	Get Token Scenario	109	START	1687454898656	1687454898656
USER	Get Token Scenario	112	START	1687454898656	1687454898656
USER	Get Token Scenario	111	START	1687454898656	1687454898656
USER	Get Token Scenario	113	START	1687454898657	1687454898657
USER	Get Token Scenario	114	START	1687454898657	1687454898657
USER	Get Token Scenario	117	START	1687454898657	1687454898657
USER	Get Token Scenario	116	START	1687454898657	1687454898657
USER	Get Token Scenario	119	START	1687454898658	1687454898658
USER	Get Token Scenario	120	START	1687454898658	1687454898658
USER	Get Token Scenario	121	START	1687454898658	1687454898658
USER	Get Token Scenario	122	START	1687454898658	1687454898658
USER	Get Token Scenario	123	START	1687454898659	1687454898659
USER	Get Token Scenario	124	START	1687454898659	1687454898659
USER	Get Token Scenario	125	START	1687454898659	1687454898659
USER	Get Token Scenario	126	START	1687454898659	1687454898659
USER	Get Token Scenario	127	START	1687454898659	1687454898659
USER	Get Token Scenario	128	START	1687454898659	1687454898659
USER	Get Token Scenario	129	START	1687454898660	1687454898660
USER	Get Token Scenario	131	START	1687454898660	1687454898660
USER	Get Token Scenario	118	START	1687454898658	1687454898658
USER	Get Token Scenario	132	START	1687454898660	1687454898660
USER	Get Token Scenario	133	START	1687454898661	1687454898661
USER	Get Token Scenario	135	START	1687454898661	1687454898661
USER	Get Token Scenario	134	START	1687454898661	1687454898661
USER	Get Token Scenario	136	START	1687454898661	1687454898661
USER	Get Token Scenario	137	START	1687454898661	1687454898661
USER	Get Token Scenario	138	START	1687454898661	1687454898661
USER	Get Token Scenario	139	START	1687454898662	1687454898662
USER	Get Token Scenario	140	START	1687454898662	1687454898662
USER	Get Token Scenario	115	START	1687454898657	1687454898657
USER	Get Token Scenario	130	START	1687454898660	1687454898660
USER	Get Token Scenario	142	START	1687454898673	1687454898673
USER	Get Token Scenario	143	START	1687454898674	1687454898674
USER	Get Token Scenario	141	START	1687454898692	1687454898692
USER	Get Token Scenario	83	START	1687454898531	1687454898531
USER	Get Token Scenario	145	START	1687454898916	1687454898916
USER	Get Token Scenario	144	START	1687454898916	1687454898916
USER	Get Token Scenario	146	START	1687454898917	1687454898917
USER	Get Token Scenario	147	START	1687454898918	1687454898918
USER	Get Token Scenario	149	START	1687454898918	1687454898918
USER	Get Token Scenario	148	START	1687454898918	1687454898918
USER	Get Token Scenario	150	START	1687454898918	1687454898918
USER	Get Token Scenario	151	START	1687454898919	1687454898919
USER	Get Token Scenario	152	START	1687454898919	1687454898919
USER	Get Token Scenario	153	START	1687454898919	1687454898919
USER	Get Token Scenario	155	START	1687454898920	1687454898920
USER	Get Token Scenario	157	START	1687454898920	1687454898920
USER	Get Token Scenario	156	START	1687454898920	1687454898920
USER	Get Token Scenario	158	START	1687454898920	1687454898920
USER	Get Token Scenario	159	START	1687454898921	1687454898921
USER	Get Token Scenario	161	START	1687454898921	1687454898921
USER	Get Token Scenario	160	START	1687454898921	1687454898921
USER	Get Token Scenario	162	START	1687454898921	1687454898921
USER	Get Token Scenario	164	START	1687454898922	1687454898922
USER	Get Token Scenario	165	START	1687454898922	1687454898922
USER	Get Token Scenario	166	START	1687454898922	1687454898922
USER	Get Token Scenario	167	START	1687454898922	1687454898922
USER	Get Token Scenario	168	START	1687454898923	1687454898923
USER	Get Token Scenario	169	START	1687454898923	1687454898923
USER	Get Token Scenario	170	START	1687454898923	1687454898923
USER	Get Token Scenario	171	START	1687454898923	1687454898923
USER	Get Token Scenario	174	START	1687454898924	1687454898924
USER	Get Token Scenario	175	START	1687454898925	1687454898925
USER	Get Token Scenario	176	START	1687454898925	1687454898925
USER	Get Token Scenario	177	START	1687454898926	1687454898926
USER	Get Token Scenario	178	START	1687454898926	1687454898926
USER	Get Token Scenario	180	START	1687454898927	1687454898927
USER	Get Token Scenario	179	START	1687454898927	1687454898927
USER	Get Token Scenario	181	START	1687454898927	1687454898927
USER	Get Token Scenario	182	START	1687454898927	1687454898927
USER	Get Token Scenario	183	START	1687454898928	1687454898928
USER	Get Token Scenario	184	START	1687454898928	1687454898928
USER	Get Token Scenario	185	START	1687454898928	1687454898928
USER	Get Token Scenario	187	START	1687454898928	1687454898928
USER	Get Token Scenario	188	START	1687454898928	1687454898928
USER	Get Token Scenario	186	START	1687454898928	1687454898928
USER	Get Token Scenario	190	START	1687454898929	1687454898929
USER	Get Token Scenario	189	START	1687454898929	1687454898929
USER	Get Token Scenario	191	START	1687454898929	1687454898929
USER	Get Token Scenario	192	START	1687454898929	1687454898929
USER	Get Token Scenario	194	START	1687454898930	1687454898930
USER	Get Token Scenario	193	START	1687454898930	1687454898930
USER	Get Token Scenario	195	START	1687454898930	1687454898930
USER	Get Token Scenario	196	START	1687454898930	1687454898930
USER	Get Token Scenario	172	START	1687454898924	1687454898924
USER	Get Token Scenario	197	START	1687454898930	1687454898930
USER	Get Token Scenario	173	START	1687454898924	1687454898924
USER	Get Token Scenario	198	START	1687454898988	1687454898988
USER	Get Token Scenario	199	START	1687454898988	1687454898988
USER	Get Token Scenario	200	START	1687454898989	1687454898989
USER	Get Token Scenario	201	START	1687454898989	1687454898989
USER	Get Token Scenario	202	START	1687454898990	1687454898990
USER	Get Token Scenario	203	START	1687454898990	1687454898990
USER	Get Token Scenario	204	START	1687454898990	1687454898990
USER	Get Token Scenario	205	START	1687454898990	1687454898990
USER	Get Token Scenario	207	START	1687454898991	1687454898991
USER	Get Token Scenario	208	START	1687454898991	1687454898991
USER	Get Token Scenario	206	START	1687454898991	1687454898991
USER	Get Token Scenario	209	START	1687454898992	1687454898992
USER	Get Token Scenario	210	START	1687454898992	1687454898992
USER	Get Token Scenario	211	START	1687454898992	1687454898992
USER	Get Token Scenario	215	START	1687454898993	1687454898993
USER	Get Token Scenario	214	START	1687454898993	1687454898993
USER	Get Token Scenario	217	START	1687454898994	1687454898994
USER	Get Token Scenario	218	START	1687454898994	1687454898994
USER	Get Token Scenario	219	START	1687454898994	1687454898994
USER	Get Token Scenario	220	START	1687454898995	1687454898995
USER	Get Token Scenario	221	START	1687454898995	1687454898995
USER	Get Token Scenario	222	START	1687454898995	1687454898995
USER	Get Token Scenario	223	START	1687454898996	1687454898996
USER	Get Token Scenario	224	START	1687454898996	1687454898996
USER	Get Token Scenario	226	START	1687454898996	1687454898996
USER	Get Token Scenario	225	START	1687454898996	1687454898996
USER	Get Token Scenario	227	START	1687454898996	1687454898996
USER	Get Token Scenario	228	START	1687454898997	1687454898997
USER	Get Token Scenario	230	START	1687454898997	1687454898997
USER	Get Token Scenario	229	START	1687454898997	1687454898997
USER	Get Token Scenario	232	START	1687454898998	1687454898998
USER	Get Token Scenario	231	START	1687454898997	1687454898997
USER	Get Token Scenario	233	START	1687454898998	1687454898998
USER	Get Token Scenario	234	START	1687454898999	1687454898999
USER	Get Token Scenario	235	START	1687454898999	1687454898999
USER	Get Token Scenario	237	START	1687454898999	1687454898999
USER	Get Token Scenario	236	START	1687454898999	1687454898999
USER	Get Token Scenario	239	START	1687454899000	1687454899000
USER	Get Token Scenario	240	START	1687454899002	1687454899002
USER	Get Token Scenario	242	START	1687454899003	1687454899003
USER	Get Token Scenario	243	START	1687454899009	1687454899009
USER	Get Token Scenario	245	START	1687454899011	1687454899011
USER	Get Token Scenario	246	START	1687454899013	1687454899013
USER	Get Token Scenario	247	START	1687454899014	1687454899014
USER	Get Token Scenario	248	START	1687454899015	1687454899015
USER	Get Token Scenario	249	START	1687454899054	1687454899054
USER	Get Token Scenario	250	START	1687454899055	1687454899055
USER	Get Token Scenario	251	START	1687454899057	1687454899057
USER	Get Token Scenario	252	START	1687454899057	1687454899057
USER	Get Token Scenario	253	START	1687454899058	1687454899058
USER	Get Token Scenario	254	START	1687454899058	1687454899058
USER	Get Token Scenario	255	START	1687454899059	1687454899059
USER	Get Token Scenario	256	START	1687454899059	1687454899059
USER	Get Token Scenario	257	START	1687454899059	1687454899059
USER	Get Token Scenario	258	START	1687454899135	1687454899135
USER	Get Token Scenario	259	START	1687454899136	1687454899136
USER	Get Token Scenario	261	START	1687454899144	1687454899144
USER	Get Token Scenario	244	START	1687454899009	1687454899009
USER	Get Token Scenario	271	START	1687454899150	1687454899150
USER	Get Token Scenario	272	START	1687454899151	1687454899151
USER	Get Token Scenario	273	START	1687454899151	1687454899151
USER	Get Token Scenario	275	START	1687454899152	1687454899152
USER	Get Token Scenario	274	START	1687454899151	1687454899151
USER	Get Token Scenario	276	START	1687454899152	1687454899152
USER	Get Token Scenario	277	START	1687454899152	1687454899152
USER	Get Token Scenario	278	START	1687454899152	1687454899152
USER	Get Token Scenario	279	START	1687454899153	1687454899153
USER	Get Token Scenario	280	START	1687454899153	1687454899153
USER	Get Token Scenario	281	START	1687454899153	1687454899153
USER	Get Token Scenario	282	START	1687454899154	1687454899154
USER	Get Token Scenario	283	START	1687454899154	1687454899154
USER	Get Token Scenario	284	START	1687454899154	1687454899154
USER	Get Token Scenario	285	START	1687454899154	1687454899154
USER	Get Token Scenario	287	START	1687454899155	1687454899155
USER	Get Token Scenario	286	START	1687454899154	1687454899154
USER	Get Token Scenario	241	START	1687454899002	1687454899002
USER	Get Token Scenario	288	START	1687454899168	1687454899168
USER	Get Token Scenario	289	START	1687454899169	1687454899169
USER	Get Token Scenario	290	START	1687454899170	1687454899170
USER	Get Token Scenario	291	START	1687454899172	1687454899172
USER	Get Token Scenario	292	START	1687454899173	1687454899173
USER	Get Token Scenario	212	START	1687454898992	1687454898992
USER	Get Token Scenario	238	START	1687454899000	1687454899000
USER	Get Token Scenario	213	START	1687454898993	1687454898993
USER	Get Token Scenario	216	START	1687454898993	1687454898993
USER	Get Token Scenario	295	START	1687454899203	1687454899203
USER	Get Token Scenario	294	START	1687454899203	1687454899203
USER	Get Token Scenario	293	START	1687454899203	1687454899203
USER	Get Token Scenario	154	START	1687454898920	1687454898920
USER	Get Token Scenario	270	START	1687454899150	1687454899150
USER	Get Token Scenario	269	START	1687454899150	1687454899150
USER	Get Token Scenario	268	START	1687454899150	1687454899150
USER	Get Token Scenario	267	START	1687454899149	1687454899149
USER	Get Token Scenario	266	START	1687454899146	1687454899146
USER	Get Token Scenario	264	START	1687454899146	1687454899146
USER	Get Token Scenario	265	START	1687454899146	1687454899146
USER	Get Token Scenario	263	START	1687454899145	1687454899145
USER	Get Token Scenario	262	START	1687454899145	1687454899145
USER	Get Token Scenario	260	START	1687454899137	1687454899137
USER	Get Token Scenario	163	START	1687454898922	1687454898922
USER	Get Token Scenario	296	START	1687454899316	1687454899316
USER	Get Token Scenario	297	START	1687454899318	1687454899318
USER	Get Token Scenario	298	START	1687454899319	1687454899319
USER	Get Token Scenario	300	START	1687454899321	1687454899321
USER	Get Token Scenario	299	START	1687454899320	1687454899320
REQUEST	12		GetToken	1687454898336	1687454899704	KO	jsonPath($.access_token).find.exists, found nothing
REQUEST	11		GetToken	1687454898291	1687454899712	KO	jsonPath($.access_token).find.exists, found nothing
REQUEST	8		GetToken	1687454898281	1687454900038	KO	jsonPath($.access_token).find.exists, found nothing
REQUEST	7		GetToken	1687454898289	1687454899585	KO	jsonPath($.access_token).find.exists, found nothing
REQUEST	17		GetToken	1687454898318	1687454899745	KO	jsonPath($.access_token).find.exists, found nothing
REQUEST	5		GetToken	1687454898298	1687454900137	KO	jsonPath($.access_token).find.exists, found nothing
REQUEST	13		GetToken	1687454898312	1687454899736	KO	jsonPath($.access_token).find.exists, found nothing
REQUEST	10		GetToken	1687454898296	1687454900217	KO	jsonPath($.access_token).find.exists, found nothing
REQUEST	15		GetToken	1687454898310	1687454899708	KO	jsonPath($.access_token).find.exists, found nothing
REQUEST	3		GetToken	1687454898304	1687454900129	KO	jsonPath($.access_token).find.exists, found nothing
REQUEST	16		GetToken	1687454898314	1687454899730	KO	jsonPath($.access_token).find.exists, found nothing
REQUEST	6		GetToken	1687454898287	1687454899653	KO	jsonPath($.access_token).find.exists, found nothing
REQUEST	4		GetToken	1687454898309	1687454899678	KO	jsonPath($.access_token).find.exists, found nothing
REQUEST	9		GetToken	1687454898308	1687454899978	KO	jsonPath($.access_token).find.exists, found nothing
REQUEST	14		GetToken	1687454898313	1687454899637	KO	jsonPath($.access_token).find.exists, found nothing
REQUEST	2		GetToken	1687454898302	1687454899714	KO	jsonPath($.access_token).find.exists, found nothing
REQUEST	32		GetToken	1687454898385	1687454900499	KO	jsonPath($.access_token).find.exists, found nothing
REQUEST	22		GetToken	1687454898358	1687454900498	KO	jsonPath($.access_token).find.exists, found nothing
REQUEST	27		GetToken	1687454898364	1687454900503	KO	jsonPath($.access_token).find.exists, found nothing
REQUEST	20		GetToken	1687454898352	1687454900504	KO	jsonPath($.access_token).find.exists, found nothing
REQUEST	18		GetToken	1687454898343	1687454900504	KO	jsonPath($.access_token).find.exists, found nothing
REQUEST	23		GetToken	1687454898356	1687454900620	KO	jsonPath($.access_token).find.exists, found nothing
REQUEST	29		GetToken	1687454898363	1687454900643	KO	jsonPath($.access_token).find.exists, found nothing
REQUEST	55		GetToken	1687454898478	1687454900730	KO	jsonPath($.access_token).find.exists, found nothing
REQUEST	31		GetToken	1687454898383	1687454900799	KO	jsonPath($.access_token).find.exists, found nothing
REQUEST	47		GetToken	1687454898424	1687454900812	KO	jsonPath($.access_token).find.exists, found nothing
REQUEST	63		GetToken	1687454898488	1687454900834	KO	jsonPath($.access_token).find.exists, found nothing
REQUEST	95		GetToken	1687454898690	1687454900844	KO	jsonPath($.access_token).find.exists, found nothing
REQUEST	21		GetToken	1687454898354	1687454900914	KO	jsonPath($.access_token).find.exists, found nothing
REQUEST	37		GetToken	1687454898398	1687454900918	KO	jsonPath($.access_token).find.exists, found nothing
REQUEST	69		GetToken	1687454898663	1687454900930	KO	jsonPath($.access_token).find.exists, found nothing
REQUEST	1		GetToken	1687454898300	1687454900948	KO	jsonPath($.access_token).find.exists, found nothing
REQUEST	33		GetToken	1687454898387	1687454900953	KO	jsonPath($.access_token).find.exists, found nothing
USER	Get Token Scenario	14	END	1687454898222	1687454900973
REQUEST	34		GetToken	1687454898389	1687454900975	KO	jsonPath($.access_token).find.exists, found nothing
USER	Get Token Scenario	7	END	1687454898187	1687454900977
USER	Get Token Scenario	11	END	1687454898188	1687454900980
USER	Get Token Scenario	12	END	1687454898221	1687454900980
USER	Get Token Scenario	15	END	1687454898222	1687454900982
USER	Get Token Scenario	16	END	1687454898223	1687454900982
USER	Get Token Scenario	2	END	1687454898184	1687454900983
USER	Get Token Scenario	4	END	1687454898184	1687454901011
REQUEST	38		GetToken	1687454898397	1687454901013	KO	jsonPath($.access_token).find.exists, found nothing
REQUEST	54		GetToken	1687454898477	1687454901017	KO	jsonPath($.access_token).find.exists, found nothing
USER	Get Token Scenario	6	END	1687454898186	1687454901019
USER	Get Token Scenario	9	END	1687454898187	1687454901076
USER	Get Token Scenario	17	END	1687454898223	1687454901076
REQUEST	49		GetToken	1687454898475	1687454901079	KO	jsonPath($.access_token).find.exists, found nothing
REQUEST	65		GetToken	1687454898494	1687454901084	KO	jsonPath($.access_token).find.exists, found nothing
REQUEST	45		GetToken	1687454898422	1687454901097	KO	jsonPath($.access_token).find.exists, found nothing
REQUEST	61		GetToken	1687454898482	1687454901101	KO	jsonPath($.access_token).find.exists, found nothing
REQUEST	36		GetToken	1687454898394	1687454901150	KO	jsonPath($.access_token).find.exists, found nothing
REQUEST	52		GetToken	1687454898476	1687454901155	KO	jsonPath($.access_token).find.exists, found nothing
REQUEST	43		GetToken	1687454898412	1687454901158	KO	jsonPath($.access_token).find.exists, found nothing
REQUEST	59		GetToken	1687454898480	1687454901163	KO	jsonPath($.access_token).find.exists, found nothing
USER	Get Token Scenario	3	END	1687454898184	1687454901276
USER	Get Token Scenario	8	END	1687454898186	1687454901277
USER	Get Token Scenario	13	END	1687454898221	1687454901277
REQUEST	81		GetToken	1687454898677	1687454901284	KO	jsonPath($.access_token).find.exists, found nothing
REQUEST	85		GetToken	1687454898679	1687454901378	KO	jsonPath($.access_token).find.exists, found nothing
REQUEST	97		GetToken	1687454898692	1687454901388	KO	jsonPath($.access_token).find.exists, found nothing
REQUEST	113		GetToken	1687454898875	1687454901393	KO	jsonPath($.access_token).find.exists, found nothing
REQUEST	53		GetToken	1687454898481	1687454901448	KO	jsonPath($.access_token).find.exists, found nothing
REQUEST	79		GetToken	1687454898676	1687454901504	KO	jsonPath($.access_token).find.exists, found nothing
USER	Get Token Scenario	5	END	1687454898184	1687454901514
USER	Get Token Scenario	10	END	1687454898188	1687454901515
REQUEST	28		GetToken	1687454898366	1687454901538	KO	jsonPath($.access_token).find.exists, found nothing
REQUEST	25		GetToken	1687454898361	1687454901542	KO	jsonPath($.access_token).find.exists, found nothing
REQUEST	44		GetToken	1687454898421	1687454901543	KO	jsonPath($.access_token).find.exists, found nothing
REQUEST	41		GetToken	1687454898409	1687454901546	KO	jsonPath($.access_token).find.exists, found nothing
REQUEST	60		GetToken	1687454898487	1687454901548	KO	jsonPath($.access_token).find.exists, found nothing
REQUEST	57		GetToken	1687454898479	1687454901550	KO	jsonPath($.access_token).find.exists, found nothing
REQUEST	73		GetToken	1687454898669	1687454901553	KO	jsonPath($.access_token).find.exists, found nothing
REQUEST	92		GetToken	1687454898687	1687454901553	KO	jsonPath($.access_token).find.exists, found nothing
REQUEST	89		GetToken	1687454898683	1687454901555	KO	jsonPath($.access_token).find.exists, found nothing
REQUEST	105		GetToken	1687454898711	1687454901561	KO	jsonPath($.access_token).find.exists, found nothing
USER	Get Token Scenario	27	END	1687454898272	1687454901585
USER	Get Token Scenario	32	END	1687454898287	1687454901635
USER	Get Token Scenario	22	END	1687454898252	1687454901635
REQUEST	39		GetToken	1687454898400	1687454901691	KO	jsonPath($.access_token).find.exists, found nothing
REQUEST	111		GetToken	1687454898873	1687454901721	KO	jsonPath($.access_token).find.exists, found nothing
REQUEST	127		GetToken	1687454898903	1687454901727	KO	jsonPath($.access_token).find.exists, found nothing
REQUEST	143		GetToken	1687454899178	1687454901733	KO	jsonPath($.access_token).find.exists, found nothing
REQUEST	159		GetToken	1687454899246	1687454901738	KO	jsonPath($.access_token).find.exists, found nothing
REQUEST	76		GetToken	1687454898673	1687454901785	KO	jsonPath($.access_token).find.exists, found nothing
REQUEST	108		GetToken	1687454898867	1687454901791	KO	jsonPath($.access_token).find.exists, found nothing
REQUEST	124		GetToken	1687454898900	1687454901795	KO	jsonPath($.access_token).find.exists, found nothing
REQUEST	121		GetToken	1687454898897	1687454901818	KO	jsonPath($.access_token).find.exists, found nothing
REQUEST	71		GetToken	1687454898664	1687454901874	KO	jsonPath($.access_token).find.exists, found nothing
REQUEST	87		GetToken	1687454898681	1687454901877	KO	jsonPath($.access_token).find.exists, found nothing
REQUEST	103		GetToken	1687454898708	1687454901880	KO	jsonPath($.access_token).find.exists, found nothing
REQUEST	24		GetToken	1687454898357	1687454901880	KO	jsonPath($.access_token).find.exists, found nothing
REQUEST	119		GetToken	1687454898884	1687454901883	KO	jsonPath($.access_token).find.exists, found nothing
REQUEST	135		GetToken	1687454898910	1687454901885	KO	jsonPath($.access_token).find.exists, found nothing
REQUEST	19		GetToken	1687454898349	1687454901898	KO	jsonPath($.access_token).find.exists, found nothing
REQUEST	140		GetToken	1687454898988	1687454901900	KO	jsonPath($.access_token).find.exists, found nothing
REQUEST	137		GetToken	1687454898913	1687454901931	KO	jsonPath($.access_token).find.exists, found nothing
USER	Get Token Scenario	29	END	1687454898272	1687454901970
USER	Get Token Scenario	18	END	1687454898237	1687454901970
USER	Get Token Scenario	20	END	1687454898237	1687454901971
USER	Get Token Scenario	23	END	1687454898252	1687454901972
USER	Get Token Scenario	63	END	1687454898399	1687454901976
USER	Get Token Scenario	47	END	1687454898342	1687454901976
USER	Get Token Scenario	31	END	1687454898287	1687454901976
USER	Get Token Scenario	95	END	1687454898538	1687454901976
USER	Get Token Scenario	55	END	1687454898378	1687454901978
REQUEST	151		GetToken	1687454899196	1687454901990	KO	jsonPath($.access_token).find.exists, found nothing
REQUEST	68		GetToken	1687454898496	1687454901995	KO	jsonPath($.access_token).find.exists, found nothing
REQUEST	70		GetToken	1687454898652	1687454902026	KO	jsonPath($.access_token).find.exists, found nothing
REQUEST	66		GetToken	1687454898495	1687454902057	KO	jsonPath($.access_token).find.exists, found nothing
REQUEST	82		GetToken	1687454898683	1687454902060	KO	jsonPath($.access_token).find.exists, found nothing
USER	Get Token Scenario	37	END	1687454898306	1687454902089
USER	Get Token Scenario	21	END	1687454898252	1687454902089
USER	Get Token Scenario	33	END	1687454898303	1687454902089
USER	Get Token Scenario	69	END	1687454898421	1687454902089
USER	Get Token Scenario	1	END	1687454898184	1687454902089
USER	Get Token Scenario	38	END	1687454898306	1687454902089
USER	Get Token Scenario	54	END	1687454898378	1687454902089
USER	Get Token Scenario	34	END	1687454898303	1687454902089
REQUEST	84		GetToken	1687454898678	1687454902088	KO	jsonPath($.access_token).find.exists, found nothing
REQUEST	100		GetToken	1687454898697	1687454902096	KO	jsonPath($.access_token).find.exists, found nothing
REQUEST	86		GetToken	1687454898679	1687454902140	KO	jsonPath($.access_token).find.exists, found nothing
REQUEST	102		GetToken	1687454898698	1687454902143	KO	jsonPath($.access_token).find.exists, found nothing
REQUEST	118		GetToken	1687454898908	1687454902146	KO	jsonPath($.access_token).find.exists, found nothing
REQUEST	134		GetToken	1687454898911	1687454902149	KO	jsonPath($.access_token).find.exists, found nothing
REQUEST	48		GetToken	1687454898473	1687454902154	KO	jsonPath($.access_token).find.exists, found nothing
REQUEST	64		GetToken	1687454898493	1687454902171	KO	jsonPath($.access_token).find.exists, found nothing
REQUEST	80		GetToken	1687454898676	1687454902178	KO	jsonPath($.access_token).find.exists, found nothing
REQUEST	75		GetToken	1687454898672	1687454902178	KO	jsonPath($.access_token).find.exists, found nothing
REQUEST	96		GetToken	1687454898691	1687454902182	KO	jsonPath($.access_token).find.exists, found nothing
REQUEST	26		GetToken	1687454898359	1687454902220	KO	jsonPath($.access_token).find.exists, found nothing
REQUEST	30		GetToken	1687454898367	1687454902221	KO	jsonPath($.access_token).find.exists, found nothing
REQUEST	42		GetToken	1687454898402	1687454902223	KO	jsonPath($.access_token).find.exists, found nothing
REQUEST	46		GetToken	1687454898428	1687454902228	KO	jsonPath($.access_token).find.exists, found nothing
REQUEST	58		GetToken	1687454898480	1687454902229	KO	jsonPath($.access_token).find.exists, found nothing
REQUEST	62		GetToken	1687454898483	1687454902231	KO	jsonPath($.access_token).find.exists, found nothing
REQUEST	74		GetToken	1687454898670	1687454902231	KO	jsonPath($.access_token).find.exists, found nothing
REQUEST	107		GetToken	1687454898865	1687454902234	KO	jsonPath($.access_token).find.exists, found nothing
REQUEST	78		GetToken	1687454898675	1687454902234	KO	jsonPath($.access_token).find.exists, found nothing
REQUEST	123		GetToken	1687454898899	1687454902238	KO	jsonPath($.access_token).find.exists, found nothing
REQUEST	94		GetToken	1687454898689	1687454902239	KO	jsonPath($.access_token).find.exists, found nothing
REQUEST	110		GetToken	1687454898869	1687454902241	KO	jsonPath($.access_token).find.exists, found nothing
REQUEST	129		GetToken	1687454898905	1687454902240	KO	jsonPath($.access_token).find.exists, found nothing
USER	Get Token Scenario	61	END	1687454898391	1687454902244
REQUEST	116		GetToken	1687454898880	1687454902260	KO	jsonPath($.access_token).find.exists, found nothing
REQUEST	164		GetToken	1687454899258	1687454902276	KO	jsonPath($.access_token).find.exists, found nothing
REQUEST	132		GetToken	1687454898909	1687454902281	KO	jsonPath($.access_token).find.exists, found nothing
USER	Get Token Scenario	49	END	1687454898348	1687454902322
USER	Get Token Scenario	65	END	1687454898400	1687454902322
USER	Get Token Scenario	45	END	1687454898341	1687454902322
USER	Get Token Scenario	36	END	1687454898306	1687454902324
USER	Get Token Scenario	52	END	1687454898377	1687454902324
USER	Get Token Scenario	43	END	1687454898340	1687454902324
USER	Get Token Scenario	59	END	1687454898380	1687454902324
REQUEST	126		GetToken	1687454898902	1687454902341	KO	jsonPath($.access_token).find.exists, found nothing
REQUEST	142		GetToken	1687454898990	1687454902355	KO	jsonPath($.access_token).find.exists, found nothing
REQUEST	196		GetToken	1687454899369	1687454902365	KO	jsonPath($.access_token).find.exists, found nothing
REQUEST	148		GetToken	1687454899193	1687454902371	KO	jsonPath($.access_token).find.exists, found nothing
REQUEST	180		GetToken	1687454899357	1687454902375	KO	jsonPath($.access_token).find.exists, found nothing
REQUEST	228		GetToken	1687454899398	1687454902384	KO	jsonPath($.access_token).find.exists, found nothing
REQUEST	91		GetToken	1687454898688	1687454902391	KO	jsonPath($.access_token).find.exists, found nothing
REQUEST	139		GetToken	1687454898914	1687454902396	KO	jsonPath($.access_token).find.exists, found nothing
REQUEST	155		GetToken	1687454899239	1687454902411	KO	jsonPath($.access_token).find.exists, found nothing
REQUEST	191		GetToken	1687454899364	1687454902434	KO	jsonPath($.access_token).find.exists, found nothing
REQUEST	223		GetToken	1687454899391	1687454902438	KO	jsonPath($.access_token).find.exists, found nothing
REQUEST	175		GetToken	1687454899351	1687454902442	KO	jsonPath($.access_token).find.exists, found nothing
REQUEST	193		GetToken	1687454899366	1687454902445	KO	jsonPath($.access_token).find.exists, found nothing
REQUEST	207		GetToken	1687454899378	1687454902445	KO	jsonPath($.access_token).find.exists, found nothing
REQUEST	225		GetToken	1687454899394	1687454902448	KO	jsonPath($.access_token).find.exists, found nothing
REQUEST	271		GetToken	1687454899754	1687454902448	KO	jsonPath($.access_token).find.exists, found nothing
REQUEST	161		GetToken	1687454899249	1687454902451	KO	jsonPath($.access_token).find.exists, found nothing
REQUEST	171		GetToken	1687454899265	1687454902443	KO	jsonPath($.access_token).find.exists, found nothing
REQUEST	112		GetToken	1687454898872	1687454902341	KO	jsonPath($.access_token).find.exists, found nothing
REQUEST	209		GetToken	1687454899381	1687454902454	KO	jsonPath($.access_token).find.exists, found nothing
REQUEST	187		GetToken	1687454899361	1687454902457	KO	jsonPath($.access_token).find.exists, found nothing
REQUEST	128		GetToken	1687454898904	1687454902460	KO	jsonPath($.access_token).find.exists, found nothing
REQUEST	144		GetToken	1687454899183	1687454902469	KO	jsonPath($.access_token).find.exists, found nothing
REQUEST	176		GetToken	1687454899353	1687454902475	KO	jsonPath($.access_token).find.exists, found nothing
REQUEST	145		GetToken	1687454899187	1687454902477	KO	jsonPath($.access_token).find.exists, found nothing
REQUEST	192		GetToken	1687454899365	1687454902479	KO	jsonPath($.access_token).find.exists, found nothing
REQUEST	224		GetToken	1687454899392	1687454902481	KO	jsonPath($.access_token).find.exists, found nothing
REQUEST	272		GetToken	1687454899755	1687454902484	KO	jsonPath($.access_token).find.exists, found nothing
REQUEST	288		GetToken	1687454899774	1687454902486	KO	jsonPath($.access_token).find.exists, found nothing
REQUEST	160		GetToken	1687454899251	1687454902489	KO	jsonPath($.access_token).find.exists, found nothing
REQUEST	208		GetToken	1687454899379	1687454902492	KO	jsonPath($.access_token).find.exists, found nothing
REQUEST	177		GetToken	1687454899354	1687454902507	KO	jsonPath($.access_token).find.exists, found nothing
REQUEST	257		GetToken	1687454899437	1687454902515	KO	jsonPath($.access_token).find.exists, found nothing
USER	Get Token Scenario	85	END	1687454898532	1687454902525
USER	Get Token Scenario	113	END	1687454898657	1687454902525
USER	Get Token Scenario	97	END	1687454898539	1687454902525
USER	Get Token Scenario	81	END	1687454898529	1687454902525
USER	Get Token Scenario	53	END	1687454898378	1687454902525
USER	Get Token Scenario	79	END	1687454898523	1687454902526
REQUEST	90		GetToken	1687454898684	1687454902568	KO	jsonPath($.access_token).find.exists, found nothing
REQUEST	235		GetToken	1687454899416	1687454902569	KO	jsonPath($.access_token).find.exists, found nothing
REQUEST	106		GetToken	1687454898711	1687454902571	KO	jsonPath($.access_token).find.exists, found nothing
REQUEST	219		GetToken	1687454899388	1687454902572	KO	jsonPath($.access_token).find.exists, found nothing
REQUEST	122		GetToken	1687454898898	1687454902574	KO	jsonPath($.access_token).find.exists, found nothing
REQUEST	138		GetToken	1687454898913	1687454902577	KO	jsonPath($.access_token).find.exists, found nothing
REQUEST	50		GetToken	1687454898474	1687454902577	KO	jsonPath($.access_token).find.exists, found nothing
REQUEST	186		GetToken	1687454899363	1687454902581	KO	jsonPath($.access_token).find.exists, found nothing
USER	Get Token Scenario	28	END	1687454898272	1687454902596
USER	Get Token Scenario	41	END	1687454898340	1687454902596
USER	Get Token Scenario	60	END	1687454898391	1687454902596
USER	Get Token Scenario	44	END	1687454898341	1687454902596
USER	Get Token Scenario	57	END	1687454898381	1687454902596
USER	Get Token Scenario	73	END	1687454898433	1687454902596
USER	Get Token Scenario	92	END	1687454898537	1687454902596
USER	Get Token Scenario	89	END	1687454898535	1687454902597
USER	Get Token Scenario	25	END	1687454898268	1687454902597
USER	Get Token Scenario	105	END	1687454898655	1687454902597
REQUEST	240		GetToken	1687454899419	1687454902605	KO	jsonPath($.access_token).find.exists, found nothing
REQUEST	98		GetToken	1687454898692	1687454902596	KO	jsonPath($.access_token).find.exists, found nothing
REQUEST	114		GetToken	1687454898876	1687454902610	KO	jsonPath($.access_token).find.exists, found nothing
REQUEST	256		GetToken	1687454899435	1687454902613	KO	jsonPath($.access_token).find.exists, found nothing
REQUEST	130		GetToken	1687454898989	1687454902613	KO	jsonPath($.access_token).find.exists, found nothing
REQUEST	146		GetToken	1687454899188	1687454902616	KO	jsonPath($.access_token).find.exists, found nothing
REQUEST	234		GetToken	1687454899415	1687454902663	KO	jsonPath($.access_token).find.exists, found nothing
REQUEST	218		GetToken	1687454899387	1687454902667	KO	jsonPath($.access_token).find.exists, found nothing
REQUEST	250		GetToken	1687454899430	1687454902691	KO	jsonPath($.access_token).find.exists, found nothing
REQUEST	170		GetToken	1687454899263	1687454902697	KO	jsonPath($.access_token).find.exists, found nothing
REQUEST	202		GetToken	1687454899375	1687454902706	KO	jsonPath($.access_token).find.exists, found nothing
REQUEST	178		GetToken	1687454899355	1687454902713	KO	jsonPath($.access_token).find.exists, found nothing
REQUEST	101		GetToken	1687454898694	1687454902715	KO	jsonPath($.access_token).find.exists, found nothing
REQUEST	162		GetToken	1687454899253	1687454902718	KO	jsonPath($.access_token).find.exists, found nothing
REQUEST	210		GetToken	1687454899382	1687454902721	KO	jsonPath($.access_token).find.exists, found nothing
REQUEST	226		GetToken	1687454899393	1687454902723	KO	jsonPath($.access_token).find.exists, found nothing
REQUEST	258		GetToken	1687454899437	1687454902725	KO	jsonPath($.access_token).find.exists, found nothing
REQUEST	242		GetToken	1687454899420	1687454902733	KO	jsonPath($.access_token).find.exists, found nothing
REQUEST	194		GetToken	1687454899366	1687454902785	KO	jsonPath($.access_token).find.exists, found nothing
REQUEST	35		GetToken	1687454898393	1687454902822	KO	jsonPath($.access_token).find.exists, found nothing
REQUEST	51		GetToken	1687454898476	1687454902833	KO	jsonPath($.access_token).find.exists, found nothing
REQUEST	67		GetToken	1687454898497	1687454902837	KO	jsonPath($.access_token).find.exists, found nothing
USER	Get Token Scenario	39	END	1687454898339	1687454902839
USER	Get Token Scenario	111	END	1687454898656	1687454902839
USER	Get Token Scenario	127	END	1687454898659	1687454902839
USER	Get Token Scenario	143	END	1687454898674	1687454902839
USER	Get Token Scenario	159	END	1687454898921	1687454902839
USER	Get Token Scenario	76	END	1687454898520	1687454902839
USER	Get Token Scenario	124	END	1687454898659	1687454902839
USER	Get Token Scenario	108	END	1687454898655	1687454902840
REQUEST	99		GetToken	1687454898693	1687454902841	KO	jsonPath($.access_token).find.exists, found nothing
REQUEST	115		GetToken	1687454898877	1687454902844	KO	jsonPath($.access_token).find.exists, found nothing
REQUEST	40		GetToken	1687454898411	1687454902850	KO	jsonPath($.access_token).find.exists, found nothing
REQUEST	56		GetToken	1687454898478	1687454902854	KO	jsonPath($.access_token).find.exists, found nothing
REQUEST	72		GetToken	1687454898670	1687454902858	KO	jsonPath($.access_token).find.exists, found nothing
REQUEST	117		GetToken	1687454898879	1687454902860	KO	jsonPath($.access_token).find.exists, found nothing
REQUEST	133		GetToken	1687454898909	1687454902863	KO	jsonPath($.access_token).find.exists, found nothing
REQUEST	149		GetToken	1687454899193	1687454902868	KO	jsonPath($.access_token).find.exists, found nothing
REQUEST	88		GetToken	1687454898682	1687454902868	KO	jsonPath($.access_token).find.exists, found nothing
REQUEST	104		GetToken	1687454898710	1687454902897	KO	jsonPath($.access_token).find.exists, found nothing
REQUEST	213		GetToken	1687454899782	1687454902908	KO	jsonPath($.access_token).find.exists, found nothing
REQUEST	293		GetToken	1687454899785	1687454902912	KO	jsonPath($.access_token).find.exists, found nothing
REQUEST	277		GetToken	1687454899762	1687454902917	KO	jsonPath($.access_token).find.exists, found nothing
REQUEST	120		GetToken	1687454898883	1687454902909	KO	jsonPath($.access_token).find.exists, found nothing
REQUEST	195		GetToken	1687454899368	1687454902952	KO	jsonPath($.access_token).find.exists, found nothing
REQUEST	165		GetToken	1687454899258	1687454902953	KO	jsonPath($.access_token).find.exists, found nothing
REQUEST	261		GetToken	1687454899439	1687454902956	KO	jsonPath($.access_token).find.exists, found nothing
REQUEST	131		GetToken	1687454898907	1687454902956	KO	jsonPath($.access_token).find.exists, found nothing
REQUEST	147		GetToken	1687454899192	1687454902960	KO	jsonPath($.access_token).find.exists, found nothing
REQUEST	179		GetToken	1687454899356	1687454902962	KO	jsonPath($.access_token).find.exists, found nothing
REQUEST	211		GetToken	1687454899383	1687454902968	KO	jsonPath($.access_token).find.exists, found nothing
REQUEST	245		GetToken	1687454899424	1687454902969	KO	jsonPath($.access_token).find.exists, found nothing
REQUEST	83		GetToken	1687454899182	1687454902970	KO	jsonPath($.access_token).find.exists, found nothing
REQUEST	197		GetToken	1687454899370	1687454902971	KO	jsonPath($.access_token).find.exists, found nothing
USER	Get Token Scenario	121	END	1687454898658	1687454902989
USER	Get Token Scenario	71	END	1687454898426	1687454902990
USER	Get Token Scenario	87	END	1687454898533	1687454902990
USER	Get Token Scenario	103	END	1687454898653	1687454902990
USER	Get Token Scenario	119	END	1687454898658	1687454902990
USER	Get Token Scenario	135	END	1687454898661	1687454902990
USER	Get Token Scenario	24	END	1687454898252	1687454902991
USER	Get Token Scenario	19	END	1687454898237	1687454902992
USER	Get Token Scenario	137	END	1687454898661	1687454902993
USER	Get Token Scenario	140	END	1687454898662	1687454902993
REQUEST	77		GetToken	1687454898674	1687454902997	KO	jsonPath($.access_token).find.exists, found nothing
REQUEST	93		GetToken	1687454898688	1687454903000	KO	jsonPath($.access_token).find.exists, found nothing
REQUEST	227		GetToken	1687454899395	1687454903002	KO	jsonPath($.access_token).find.exists, found nothing
REQUEST	141		GetToken	1687454899180	1687454903003	KO	jsonPath($.access_token).find.exists, found nothing
REQUEST	109		GetToken	1687454898870	1687454903006	KO	jsonPath($.access_token).find.exists, found nothing
REQUEST	125		GetToken	1687454898901	1687454903008	KO	jsonPath($.access_token).find.exists, found nothing
REQUEST	173		GetToken	1687454899371	1687454903013	KO	jsonPath($.access_token).find.exists, found nothing
REQUEST	189		GetToken	1687454899364	1687454903019	KO	jsonPath($.access_token).find.exists, found nothing
REQUEST	229		GetToken	1687454899400	1687454903029	KO	jsonPath($.access_token).find.exists, found nothing
REQUEST	136		GetToken	1687454898911	1687454903035	KO	jsonPath($.access_token).find.exists, found nothing
REQUEST	168		GetToken	1687454899262	1687454903039	KO	jsonPath($.access_token).find.exists, found nothing
REQUEST	253		GetToken	1687454899433	1687454903043	KO	jsonPath($.access_token).find.exists, found nothing
REQUEST	237		GetToken	1687454899417	1687454903045	KO	jsonPath($.access_token).find.exists, found nothing
REQUEST	205		GetToken	1687454899378	1687454903047	KO	jsonPath($.access_token).find.exists, found nothing
REQUEST	184		GetToken	1687454899360	1687454903059	KO	jsonPath($.access_token).find.exists, found nothing
REQUEST	200		GetToken	1687454899373	1687454903062	KO	jsonPath($.access_token).find.exists, found nothing
REQUEST	232		GetToken	1687454899411	1687454903064	KO	jsonPath($.access_token).find.exists, found nothing
REQUEST	264		GetToken	1687454899441	1687454903067	KO	jsonPath($.access_token).find.exists, found nothing
REQUEST	157		GetToken	1687454899240	1687454903074	KO	jsonPath($.access_token).find.exists, found nothing
REQUEST	152		GetToken	1687454899231	1687454903102	KO	jsonPath($.access_token).find.exists, found nothing
USER	Get Token Scenario	151	END	1687454898919	1687454903105
USER	Get Token Scenario	82	END	1687454898530	1687454903108
USER	Get Token Scenario	68	END	1687454898404	1687454903108
USER	Get Token Scenario	70	END	1687454898421	1687454903108
REQUEST	248		GetToken	1687454899427	1687454903111	KO	jsonPath($.access_token).find.exists, found nothing
USER	Get Token Scenario	66	END	1687454898403	1687454903110
REQUEST	221		GetToken	1687454899389	1687454903120	KO	jsonPath($.access_token).find.exists, found nothing
USER	Get Token Scenario	100	END	1687454898540	1687454903264
USER	Get Token Scenario	84	END	1687454898531	1687454903268
USER	Get Token Scenario	102	END	1687454898652	1687454903278
USER	Get Token Scenario	118	END	1687454898658	1687454903278
USER	Get Token Scenario	134	END	1687454898661	1687454903278
USER	Get Token Scenario	86	END	1687454898532	1687454903279
USER	Get Token Scenario	48	END	1687454898343	1687454903279
USER	Get Token Scenario	64	END	1687454898400	1687454903279
USER	Get Token Scenario	96	END	1687454898539	1687454903279
USER	Get Token Scenario	26	END	1687454898268	1687454903279
USER	Get Token Scenario	75	END	1687454898519	1687454903282
USER	Get Token Scenario	30	END	1687454898284	1687454903282
USER	Get Token Scenario	42	END	1687454898340	1687454903283
USER	Get Token Scenario	58	END	1687454898383	1687454903283
USER	Get Token Scenario	62	END	1687454898392	1687454903283
USER	Get Token Scenario	74	END	1687454898518	1687454903283
USER	Get Token Scenario	46	END	1687454898341	1687454903285
USER	Get Token Scenario	107	END	1687454898655	1687454903285
USER	Get Token Scenario	78	END	1687454898522	1687454903285
USER	Get Token Scenario	94	END	1687454898538	1687454903286
USER	Get Token Scenario	80	END	1687454898526	1687454903286
USER	Get Token Scenario	110	END	1687454898656	1687454903287
USER	Get Token Scenario	129	END	1687454898660	1687454903329
USER	Get Token Scenario	116	END	1687454898657	1687454903330
USER	Get Token Scenario	164	END	1687454898922	1687454903330
USER	Get Token Scenario	123	END	1687454898659	1687454903330
USER	Get Token Scenario	132	END	1687454898660	1687454903330
USER	Get Token Scenario	126	END	1687454898659	1687454903369
USER	Get Token Scenario	142	END	1687454898673	1687454903370
USER	Get Token Scenario	112	END	1687454898656	1687454903373
USER	Get Token Scenario	155	END	1687454898920	1687454903474
USER	Get Token Scenario	171	END	1687454898923	1687454903474
USER	Get Token Scenario	196	END	1687454898930	1687454903495
USER	Get Token Scenario	148	END	1687454898918	1687454903495
USER	Get Token Scenario	180	END	1687454898927	1687454903496
USER	Get Token Scenario	228	END	1687454898997	1687454903496
USER	Get Token Scenario	139	END	1687454898662	1687454903497
USER	Get Token Scenario	91	END	1687454898537	1687454903497
USER	Get Token Scenario	223	END	1687454898996	1687454903498
USER	Get Token Scenario	175	END	1687454898925	1687454903499
USER	Get Token Scenario	193	END	1687454898930	1687454903499
USER	Get Token Scenario	207	END	1687454898991	1687454903500
USER	Get Token Scenario	225	END	1687454898996	1687454903500
USER	Get Token Scenario	271	END	1687454899150	1687454903500
USER	Get Token Scenario	161	END	1687454898921	1687454903500
USER	Get Token Scenario	209	END	1687454898992	1687454903500
USER	Get Token Scenario	187	END	1687454898928	1687454903501
USER	Get Token Scenario	128	END	1687454898659	1687454903501
USER	Get Token Scenario	176	END	1687454898925	1687454903501
USER	Get Token Scenario	144	END	1687454898916	1687454903501
USER	Get Token Scenario	145	END	1687454898916	1687454903502
USER	Get Token Scenario	192	END	1687454898929	1687454903502
USER	Get Token Scenario	191	END	1687454898929	1687454903510
USER	Get Token Scenario	224	END	1687454898996	1687454903533
USER	Get Token Scenario	288	END	1687454899168	1687454903536
USER	Get Token Scenario	272	END	1687454899151	1687454903536
USER	Get Token Scenario	160	END	1687454898921	1687454903537
USER	Get Token Scenario	208	END	1687454898991	1687454903537
USER	Get Token Scenario	177	END	1687454898926	1687454903537
USER	Get Token Scenario	257	END	1687454899059	1687454903538
USER	Get Token Scenario	90	END	1687454898536	1687454903588
USER	Get Token Scenario	235	END	1687454898999	1687454903594
USER	Get Token Scenario	106	END	1687454898655	1687454903596
USER	Get Token Scenario	122	END	1687454898658	1687454903597
USER	Get Token Scenario	219	END	1687454898994	1687454903597
USER	Get Token Scenario	138	END	1687454898661	1687454903605
USER	Get Token Scenario	186	END	1687454898928	1687454903606
USER	Get Token Scenario	50	END	1687454898347	1687454903608
USER	Get Token Scenario	98	END	1687454898539	1687454903670
USER	Get Token Scenario	146	END	1687454898917	1687454903679
USER	Get Token Scenario	218	END	1687454898994	1687454903679
USER	Get Token Scenario	114	END	1687454898657	1687454903680
USER	Get Token Scenario	130	END	1687454898660	1687454903680
USER	Get Token Scenario	234	END	1687454898999	1687454903680
USER	Get Token Scenario	240	END	1687454899002	1687454903682
USER	Get Token Scenario	256	END	1687454899059	1687454903683
USER	Get Token Scenario	250	END	1687454899055	1687454903796
USER	Get Token Scenario	170	END	1687454898923	1687454903796
USER	Get Token Scenario	202	END	1687454898990	1687454903797
USER	Get Token Scenario	178	END	1687454898926	1687454903797
USER	Get Token Scenario	101	END	1687454898635	1687454903799
USER	Get Token Scenario	210	END	1687454898992	1687454903799
USER	Get Token Scenario	162	END	1687454898921	1687454903799
USER	Get Token Scenario	226	END	1687454898996	1687454903800
USER	Get Token Scenario	258	END	1687454899135	1687454903800
USER	Get Token Scenario	242	END	1687454899003	1687454903801
USER	Get Token Scenario	194	END	1687454898930	1687454903801
USER	Get Token Scenario	67	END	1687454898403	1687454903871
USER	Get Token Scenario	99	END	1687454898540	1687454903871
USER	Get Token Scenario	115	END	1687454898657	1687454903871
USER	Get Token Scenario	51	END	1687454898366	1687454903871
USER	Get Token Scenario	56	END	1687454898379	1687454903871
USER	Get Token Scenario	40	END	1687454898340	1687454903872
USER	Get Token Scenario	35	END	1687454898303	1687454903877
REQUEST	287		GetToken	1687454899772	1687454903901	KO	jsonPath($.access_token).find.exists, found nothing
REQUEST	255		GetToken	1687454899435	1687454903917	KO	jsonPath($.access_token).find.exists, found nothing
REQUEST	259		GetToken	1687454899438	1687454903917	KO	jsonPath($.access_token).find.exists, found nothing
USER	Get Token Scenario	88	END	1687454898534	1687454903920
USER	Get Token Scenario	117	END	1687454898657	1687454903920
USER	Get Token Scenario	133	END	1687454898661	1687454903920
USER	Get Token Scenario	72	END	1687454898432	1687454903920
USER	Get Token Scenario	149	END	1687454898918	1687454903921
REQUEST	203		GetToken	1687454899376	1687454903932	KO	jsonPath($.access_token).find.exists, found nothing
REQUEST	181		GetToken	1687454899357	1687454903932	KO	jsonPath($.access_token).find.exists, found nothing
USER	Get Token Scenario	293	END	1687454899203	1687454903946
USER	Get Token Scenario	277	END	1687454899152	1687454903947
USER	Get Token Scenario	120	END	1687454898658	1687454903947
REQUEST	243		GetToken	1687454899421	1687454903949	KO	jsonPath($.access_token).find.exists, found nothing
USER	Get Token Scenario	104	END	1687454898654	1687454903952
USER	Get Token Scenario	213	END	1687454898993	1687454903955
REQUEST	239		GetToken	1687454899418	1687454903993	KO	jsonPath($.access_token).find.exists, found nothing
USER	Get Token Scenario	131	END	1687454898660	1687454903999
USER	Get Token Scenario	195	END	1687454898930	1687454903999
USER	Get Token Scenario	165	END	1687454898922	1687454903999
USER	Get Token Scenario	261	END	1687454899144	1687454903999
USER	Get Token Scenario	147	END	1687454898918	1687454904000
USER	Get Token Scenario	179	END	1687454898927	1687454904000
USER	Get Token Scenario	211	END	1687454898992	1687454904000
USER	Get Token Scenario	245	END	1687454899011	1687454904000
USER	Get Token Scenario	83	END	1687454898531	1687454904000
USER	Get Token Scenario	197	END	1687454898930	1687454904000
REQUEST	280		GetToken	1687454899765	1687454904008	KO	jsonPath($.access_token).find.exists, found nothing
REQUEST	216		GetToken	1687454899782	1687454904012	KO	jsonPath($.access_token).find.exists, found nothing
USER	Get Token Scenario	93	END	1687454898537	1687454904020
USER	Get Token Scenario	77	END	1687454898521	1687454904021
USER	Get Token Scenario	227	END	1687454898996	1687454904023
REQUEST	296		GetToken	1687454899796	1687454904038	KO	jsonPath($.access_token).find.exists, found nothing
REQUEST	204		GetToken	1687454899377	1687454904080	KO	jsonPath($.access_token).find.exists, found nothing
REQUEST	188		GetToken	1687454899362	1687454904083	KO	jsonPath($.access_token).find.exists, found nothing
USER	Get Token Scenario	141	END	1687454898692	1687454904090
USER	Get Token Scenario	109	END	1687454898656	1687454904091
USER	Get Token Scenario	125	END	1687454898659	1687454904093
USER	Get Token Scenario	173	END	1687454898924	1687454904093
USER	Get Token Scenario	189	END	1687454898929	1687454904093
USER	Get Token Scenario	168	END	1687454898923	1687454904093
USER	Get Token Scenario	229	END	1687454898997	1687454904093
USER	Get Token Scenario	253	END	1687454899058	1687454904094
USER	Get Token Scenario	136	END	1687454898661	1687454904094
USER	Get Token Scenario	237	END	1687454898999	1687454904094
USER	Get Token Scenario	205	END	1687454898990	1687454904094
USER	Get Token Scenario	200	END	1687454898989	1687454904094
USER	Get Token Scenario	184	END	1687454898928	1687454904094
USER	Get Token Scenario	232	END	1687454898998	1687454904095
USER	Get Token Scenario	264	END	1687454899146	1687454904095
USER	Get Token Scenario	157	END	1687454898920	1687454904095
REQUEST	260		GetToken	1687454899793	1687454904129	KO	jsonPath($.access_token).find.exists, found nothing
REQUEST	276		GetToken	1687454899760	1687454904132	KO	jsonPath($.access_token).find.exists, found nothing
REQUEST	167		GetToken	1687454899261	1687454904140	KO	jsonPath($.access_token).find.exists, found nothing
USER	Get Token Scenario	248	END	1687454899015	1687454904156
USER	Get Token Scenario	221	END	1687454898995	1687454904156
USER	Get Token Scenario	152	END	1687454898919	1687454904158
REQUEST	244		GetToken	1687454899423	1687454904157	KO	jsonPath($.access_token).find.exists, found nothing
REQUEST	212		GetToken	1687454899780	1687454904160	KO	jsonPath($.access_token).find.exists, found nothing
REQUEST	292		GetToken	1687454899779	1687454904163	KO	jsonPath($.access_token).find.exists, found nothing
REQUEST	300		GetToken	1687454899798	1687454904170	KO	jsonPath($.access_token).find.exists, found nothing
REQUEST	252		GetToken	1687454899432	1687454904173	KO	jsonPath($.access_token).find.exists, found nothing
REQUEST	295		GetToken	1687454899783	1687454904173	KO	jsonPath($.access_token).find.exists, found nothing
REQUEST	284		GetToken	1687454899769	1687454904176	KO	jsonPath($.access_token).find.exists, found nothing
REQUEST	268		GetToken	1687454899788	1687454904178	KO	jsonPath($.access_token).find.exists, found nothing
REQUEST	156		GetToken	1687454899243	1687454904180	KO	jsonPath($.access_token).find.exists, found nothing
REQUEST	172		GetToken	1687454899349	1687454904188	KO	jsonPath($.access_token).find.exists, found nothing
REQUEST	220		GetToken	1687454899388	1687454904222	KO	jsonPath($.access_token).find.exists, found nothing
REQUEST	263		GetToken	1687454899440	1687454904233	KO	jsonPath($.access_token).find.exists, found nothing
REQUEST	236		GetToken	1687454899417	1687454904251	KO	jsonPath($.access_token).find.exists, found nothing
REQUEST	247		GetToken	1687454899426	1687454904250	KO	jsonPath($.access_token).find.exists, found nothing
REQUEST	183		GetToken	1687454899358	1687454904254	KO	jsonPath($.access_token).find.exists, found nothing
REQUEST	199		GetToken	1687454899373	1687454904256	KO	jsonPath($.access_token).find.exists, found nothing
REQUEST	231		GetToken	1687454899412	1687454904261	KO	jsonPath($.access_token).find.exists, found nothing
REQUEST	158		GetToken	1687454899245	1687454904264	KO	jsonPath($.access_token).find.exists, found nothing
REQUEST	215		GetToken	1687454899384	1687454904264	KO	jsonPath($.access_token).find.exists, found nothing
REQUEST	279		GetToken	1687454899764	1687454904267	KO	jsonPath($.access_token).find.exists, found nothing
REQUEST	297		GetToken	1687454899797	1687454904386	KO	jsonPath($.access_token).find.exists, found nothing
REQUEST	249		GetToken	1687454899428	1687454904395	KO	jsonPath($.access_token).find.exists, found nothing
REQUEST	201		GetToken	1687454899374	1687454904432	KO	jsonPath($.access_token).find.exists, found nothing
REQUEST	230		GetToken	1687454899399	1687454904437	KO	jsonPath($.access_token).find.exists, found nothing
REQUEST	233		GetToken	1687454899414	1687454904448	KO	jsonPath($.access_token).find.exists, found nothing
REQUEST	217		GetToken	1687454899386	1687454904460	KO	jsonPath($.access_token).find.exists, found nothing
REQUEST	265		GetToken	1687454899791	1687454904464	KO	jsonPath($.access_token).find.exists, found nothing
REQUEST	281		GetToken	1687454899766	1687454904467	KO	jsonPath($.access_token).find.exists, found nothing
REQUEST	185		GetToken	1687454899360	1687454904469	KO	jsonPath($.access_token).find.exists, found nothing
REQUEST	169		GetToken	1687454899263	1687454904471	KO	jsonPath($.access_token).find.exists, found nothing
REQUEST	153		GetToken	1687454899238	1687454904473	KO	jsonPath($.access_token).find.exists, found nothing
REQUEST	262		GetToken	1687454899792	1687454904504	KO	jsonPath($.access_token).find.exists, found nothing
REQUEST	182		GetToken	1687454899358	1687454904511	KO	jsonPath($.access_token).find.exists, found nothing
REQUEST	166		GetToken	1687454899259	1687454904516	KO	jsonPath($.access_token).find.exists, found nothing
REQUEST	174		GetToken	1687454899350	1687454904519	KO	jsonPath($.access_token).find.exists, found nothing
REQUEST	198		GetToken	1687454899372	1687454904521	KO	jsonPath($.access_token).find.exists, found nothing
REQUEST	150		GetToken	1687454899195	1687454904524	KO	jsonPath($.access_token).find.exists, found nothing
REQUEST	246		GetToken	1687454899425	1687454904528	KO	jsonPath($.access_token).find.exists, found nothing
REQUEST	278		GetToken	1687454899763	1687454904531	KO	jsonPath($.access_token).find.exists, found nothing
REQUEST	214		GetToken	1687454899385	1687454904539	KO	jsonPath($.access_token).find.exists, found nothing
REQUEST	190		GetToken	1687454899363	1687454904572	KO	jsonPath($.access_token).find.exists, found nothing
REQUEST	294		GetToken	1687454899784	1687454904616	KO	jsonPath($.access_token).find.exists, found nothing
REQUEST	251		GetToken	1687454899431	1687454904722	KO	jsonPath($.access_token).find.exists, found nothing
REQUEST	289		GetToken	1687454899775	1687454904782	KO	jsonPath($.access_token).find.exists, found nothing
REQUEST	273		GetToken	1687454899757	1687454904813	KO	jsonPath($.access_token).find.exists, found nothing
REQUEST	206		GetToken	1687454899380	1687454904813	KO	jsonPath($.access_token).find.exists, found nothing
REQUEST	254		GetToken	1687454899434	1687454904816	KO	jsonPath($.access_token).find.exists, found nothing
REQUEST	222		GetToken	1687454899390	1687454904818	KO	jsonPath($.access_token).find.exists, found nothing
REQUEST	241		GetToken	1687454899774	1687454904878	KO	jsonPath($.access_token).find.exists, found nothing
USER	Get Token Scenario	287	END	1687454899155	1687454904936
USER	Get Token Scenario	259	END	1687454899136	1687454904943
USER	Get Token Scenario	255	END	1687454899059	1687454904943
USER	Get Token Scenario	181	END	1687454898927	1687454904966
USER	Get Token Scenario	203	END	1687454898990	1687454904966
USER	Get Token Scenario	239	END	1687454899000	1687454905035
REQUEST	299		GetToken	1687454899799	1687454905077	KO	jsonPath($.access_token).find.exists, found nothing
USER	Get Token Scenario	280	END	1687454899153	1687454905084
USER	Get Token Scenario	216	END	1687454898993	1687454905085
USER	Get Token Scenario	296	END	1687454899316	1687454905086
USER	Get Token Scenario	243	END	1687454899009	1687454905099
REQUEST	290		GetToken	1687454899776	1687454905135	KO	jsonPath($.access_token).find.exists, found nothing
USER	Get Token Scenario	188	END	1687454898928	1687454905138
USER	Get Token Scenario	204	END	1687454898990	1687454905138
REQUEST	267		GetToken	1687454899789	1687454905142	KO	jsonPath($.access_token).find.exists, found nothing
REQUEST	274		GetToken	1687454899759	1687454905165	KO	jsonPath($.access_token).find.exists, found nothing
REQUEST	283		GetToken	1687454899768	1687454905165	KO	jsonPath($.access_token).find.exists, found nothing
USER	Get Token Scenario	260	END	1687454899137	1687454905171
USER	Get Token Scenario	276	END	1687454899152	1687454905171
USER	Get Token Scenario	167	END	1687454898922	1687454905171
REQUEST	285		GetToken	1687454899770	1687454905224	KO	jsonPath($.access_token).find.exists, found nothing
USER	Get Token Scenario	292	END	1687454899173	1687454905231
USER	Get Token Scenario	252	END	1687454899057	1687454905231
USER	Get Token Scenario	295	END	1687454899203	1687454905232
USER	Get Token Scenario	300	END	1687454899321	1687454905232
USER	Get Token Scenario	284	END	1687454899154	1687454905232
USER	Get Token Scenario	268	END	1687454899150	1687454905232
USER	Get Token Scenario	156	END	1687454898920	1687454905232
USER	Get Token Scenario	172	END	1687454898924	1687454905232
USER	Get Token Scenario	212	END	1687454898992	1687454905234
USER	Get Token Scenario	244	END	1687454899009	1687454905235
REQUEST	269		GetToken	1687454899788	1687454905247	KO	jsonPath($.access_token).find.exists, found nothing
USER	Get Token Scenario	220	END	1687454898995	1687454905273
USER	Get Token Scenario	263	END	1687454899145	1687454905273
USER	Get Token Scenario	236	END	1687454898999	1687454905275
USER	Get Token Scenario	247	END	1687454899014	1687454905275
USER	Get Token Scenario	231	END	1687454898997	1687454905277
USER	Get Token Scenario	199	END	1687454898988	1687454905277
USER	Get Token Scenario	183	END	1687454898928	1687454905278
USER	Get Token Scenario	215	END	1687454898993	1687454905294
USER	Get Token Scenario	158	END	1687454898920	1687454905294
USER	Get Token Scenario	279	END	1687454899153	1687454905294
REQUEST	163		GetToken	1687454899796	1687454905296	KO	jsonPath($.access_token).find.exists, found nothing
REQUEST	291		GetToken	1687454899779	1687454905310	KO	jsonPath($.access_token).find.exists, found nothing
REQUEST	275		GetToken	1687454899758	1687454905313	KO	jsonPath($.access_token).find.exists, found nothing
REQUEST	270		GetToken	1687454899787	1687454905315	KO	jsonPath($.access_token).find.exists, found nothing
REQUEST	298		GetToken	1687454899798	1687454905315	KO	jsonPath($.access_token).find.exists, found nothing
REQUEST	266		GetToken	1687454899790	1687454905321	KO	jsonPath($.access_token).find.exists, found nothing
REQUEST	238		GetToken	1687454899780	1687454905321	KO	jsonPath($.access_token).find.exists, found nothing
REQUEST	286		GetToken	1687454899772	1687454905335	KO	jsonPath($.access_token).find.exists, found nothing
REQUEST	154		GetToken	1687454899785	1687454905335	KO	jsonPath($.access_token).find.exists, found nothing
REQUEST	282		GetToken	1687454899767	1687454905343	KO	jsonPath($.access_token).find.exists, found nothing
USER	Get Token Scenario	297	END	1687454899318	1687454905412
USER	Get Token Scenario	201	END	1687454898989	1687454905469
USER	Get Token Scenario	249	END	1687454899054	1687454905470
USER	Get Token Scenario	233	END	1687454898998	1687454905472
USER	Get Token Scenario	217	END	1687454898994	1687454905499
USER	Get Token Scenario	265	END	1687454899146	1687454905500
USER	Get Token Scenario	281	END	1687454899153	1687454905500
USER	Get Token Scenario	185	END	1687454898928	1687454905501
USER	Get Token Scenario	169	END	1687454898923	1687454905501
USER	Get Token Scenario	153	END	1687454898919	1687454905502
USER	Get Token Scenario	230	END	1687454898997	1687454905515
USER	Get Token Scenario	262	END	1687454899145	1687454905515
USER	Get Token Scenario	182	END	1687454898927	1687454905533
USER	Get Token Scenario	150	END	1687454898918	1687454905533
USER	Get Token Scenario	246	END	1687454899013	1687454905533
USER	Get Token Scenario	166	END	1687454898922	1687454905533
USER	Get Token Scenario	198	END	1687454898988	1687454905533
USER	Get Token Scenario	174	END	1687454898924	1687454905534
USER	Get Token Scenario	278	END	1687454899152	1687454905575
USER	Get Token Scenario	214	END	1687454898993	1687454905576
USER	Get Token Scenario	190	END	1687454898929	1687454905594
USER	Get Token Scenario	294	END	1687454899203	1687454905673
USER	Get Token Scenario	251	END	1687454899057	1687454905745
USER	Get Token Scenario	289	END	1687454899169	1687454905806
USER	Get Token Scenario	254	END	1687454899058	1687454905837
USER	Get Token Scenario	206	END	1687454898991	1687454905837
USER	Get Token Scenario	222	END	1687454898995	1687454905837
USER	Get Token Scenario	273	END	1687454899151	1687454905837
USER	Get Token Scenario	241	END	1687454899002	1687454905929
USER	Get Token Scenario	299	END	1687454899320	1687454906102
USER	Get Token Scenario	267	END	1687454899149	1687454906161
USER	Get Token Scenario	290	END	1687454899170	1687454906161
USER	Get Token Scenario	274	END	1687454899151	1687454906176
USER	Get Token Scenario	283	END	1687454899154	1687454906176
USER	Get Token Scenario	285	END	1687454899154	1687454906237
USER	Get Token Scenario	269	END	1687454899150	1687454906268
USER	Get Token Scenario	291	END	1687454899172	1687454906329
USER	Get Token Scenario	275	END	1687454899152	1687454906329
USER	Get Token Scenario	163	END	1687454898922	1687454906329
USER	Get Token Scenario	238	END	1687454899000	1687454906332
USER	Get Token Scenario	266	END	1687454899146	1687454906332
USER	Get Token Scenario	298	END	1687454899319	1687454906332
USER	Get Token Scenario	270	END	1687454899150	1687454906332
USER	Get Token Scenario	282	END	1687454899154	1687454906360
USER	Get Token Scenario	286	END	1687454899154	1687454906361
USER	Get Token Scenario	154	END	1687454898920	1687454906361
