RUN	simulations.GetTokenSimulation	gettokensimulation	1686924449769	 	3.3.1
USER	Get Token Scenario	1	START	1686924451293	1686924451293
USER	Get Token Scenario	2	START	1686924451408	1686924451408
USER	Get Token Scenario	3	START	1686924451501	1686924451501
USER	Get Token Scenario	4	START	1686924451608	1686924451608
USER	Get Token Scenario	5	START	1686924451702	1686924451702
REQUEST	1		GetToken	1686924451321	1686924451651	OK	 
REQUEST	2		GetToken	1686924451408	1686924451662	OK	 
REQUEST	3		GetToken	1686924451502	1686924451687	OK	 
USER	Get Token Scenario	6	START	1686924451798	1686924451798
REQUEST	4		GetToken	1686924451609	1686924451799	OK	 
REQUEST	5		GetToken	1686924451704	1686924451880	KO	jsonPath($.access_token).find.exists, found nothing
USER	Get Token Scenario	7	START	1686924451903	1686924451903
REQUEST	6		GetToken	1686924451799	1686924451996	KO	jsonPath($.access_token).find.exists, found nothing
USER	Get Token Scenario	8	START	1686924451998	1686924451998
REQUEST	7		GetToken	1686924451904	1686924452080	KO	jsonPath($.access_token).find.exists, found nothing
USER	Get Token Scenario	9	START	1686924452105	1686924452105
REQUEST	8		GetToken	1686924451999	1686924452165	KO	jsonPath($.access_token).find.exists, found nothing
USER	Get Token Scenario	10	START	1686924452199	1686924452199
REQUEST	9		GetToken	1686924452106	1686924452283	KO	jsonPath($.access_token).find.exists, found nothing
REQUEST	10		GetToken	1686924452200	1686924452369	KO	jsonPath($.access_token).find.exists, found nothing
USER	Get Token Scenario	1	END	1686924451293	1686924452672
USER	Get Token Scenario	2	END	1686924451408	1686924452680
USER	Get Token Scenario	3	END	1686924451501	1686924452699
USER	Get Token Scenario	4	END	1686924451608	1686924452822
USER	Get Token Scenario	5	END	1686924451702	1686924452899
USER	Get Token Scenario	6	END	1686924451798	1686924453007
USER	Get Token Scenario	7	END	1686924451903	1686924453099
USER	Get Token Scenario	8	END	1686924451998	1686924453178
USER	Get Token Scenario	9	END	1686924452105	1686924453303
USER	Get Token Scenario	10	END	1686924452199	1686924453396
