RUN	scala.simulations.Browser.GetDataSimulation	getdatasimulation	1686243643002	 	3.3.1
USER	Get Data Scenario	2	START	1686243644633	1686243644633
USER	Get Data Scenario	1	START	1686243644633	1686243644633
USER	Get Data Scenario	3	START	1686243644652	1686243644652
USER	Get Data Scenario	4	START	1686243644668	1686243644668
USER	Get Data Scenario	5	START	1686243644671	1686243644671
USER	Get Data Scenario	6	START	1686243644683	1686243644683
USER	Get Data Scenario	7	START	1686243644700	1686243644700
USER	Get Data Scenario	8	START	1686243644701	1686243644701
USER	Get Data Scenario	9	START	1686243644716	1686243644716
USER	Get Data Scenario	10	START	1686243644732	1686243644732
USER	Get Data Scenario	11	START	1686243644732	1686243644732
USER	Get Data Scenario	13	START	1686243644759	1686243644759
USER	Get Data Scenario	12	START	1686243644759	1686243644759
USER	Get Data Scenario	14	START	1686243644778	1686243644778
USER	Get Data Scenario	15	START	1686243644778	1686243644778
USER	Get Data Scenario	16	START	1686243644786	1686243644786
USER	Get Data Scenario	17	START	1686243644813	1686243644813
USER	Get Data Scenario	18	START	1686243644813	1686243644813
USER	Get Data Scenario	19	START	1686243644814	1686243644814
USER	Get Data Scenario	20	START	1686243644840	1686243644840
USER	Get Data Scenario	21	START	1686243644842	1686243644842
USER	Get Data Scenario	22	START	1686243644855	1686243644855
USER	Get Data Scenario	23	START	1686243644855	1686243644855
USER	Get Data Scenario	24	START	1686243644879	1686243644879
USER	Get Data Scenario	25	START	1686243644879	1686243644879
USER	Get Data Scenario	26	START	1686243644885	1686243644885
USER	Get Data Scenario	27	START	1686243644899	1686243644899
USER	Get Data Scenario	28	START	1686243644901	1686243644901
USER	Get Data Scenario	29	START	1686243644920	1686243644920
USER	Get Data Scenario	30	START	1686243644923	1686243644923
USER	Get Data Scenario	32	START	1686243644944	1686243644944
USER	Get Data Scenario	31	START	1686243644944	1686243644944
USER	Get Data Scenario	33	START	1686243644959	1686243644959
USER	Get Data Scenario	34	START	1686243644961	1686243644961
USER	Get Data Scenario	35	START	1686243644984	1686243644984
USER	Get Data Scenario	36	START	1686243644984	1686243644984
USER	Get Data Scenario	37	START	1686243645005	1686243645005
USER	Get Data Scenario	38	START	1686243645005	1686243645005
USER	Get Data Scenario	39	START	1686243645020	1686243645020
USER	Get Data Scenario	40	START	1686243645022	1686243645022
USER	Get Data Scenario	41	START	1686243645036	1686243645036
USER	Get Data Scenario	43	START	1686243645052	1686243645052
USER	Get Data Scenario	42	START	1686243645052	1686243645052
USER	Get Data Scenario	44	START	1686243645067	1686243645067
USER	Get Data Scenario	45	START	1686243645071	1686243645071
USER	Get Data Scenario	46	START	1686243645083	1686243645083
USER	Get Data Scenario	47	START	1686243645097	1686243645097
USER	Get Data Scenario	48	START	1686243645101	1686243645101
USER	Get Data Scenario	49	START	1686243645112	1686243645112
USER	Get Data Scenario	50	START	1686243645128	1686243645128
USER	Get Data Scenario	51	START	1686243645131	1686243645131
USER	Get Data Scenario	52	START	1686243645143	1686243645143
USER	Get Data Scenario	53	START	1686243645170	1686243645170
USER	Get Data Scenario	54	START	1686243645171	1686243645171
USER	Get Data Scenario	55	START	1686243645175	1686243645175
USER	Get Data Scenario	57	START	1686243645194	1686243645194
USER	Get Data Scenario	56	START	1686243645193	1686243645193
USER	Get Data Scenario	58	START	1686243645207	1686243645207
USER	Get Data Scenario	59	START	1686243645214	1686243645214
USER	Get Data Scenario	60	START	1686243645233	1686243645233
USER	Get Data Scenario	61	START	1686243645233	1686243645233
USER	Get Data Scenario	62	START	1686243645250	1686243645250
USER	Get Data Scenario	63	START	1686243645264	1686243645264
USER	Get Data Scenario	64	START	1686243645264	1686243645264
REQUEST	5		Get Data	1686243644683	1686243645189	OK	 
REQUEST	33		Get Data	1686243644961	1686243645204	OK	 
REQUEST	8		Get Data	1686243644703	1686243645211	OK	 
REQUEST	4		Get Data	1686243644682	1686243645157	OK	 
REQUEST	42		Get Data	1686243645054	1686243645263	OK	 
REQUEST	41		Get Data	1686243645037	1686243645252	OK	 
REQUEST	7		Get Data	1686243644702	1686243645143	OK	 
REQUEST	3		Get Data	1686243644682	1686243645252	OK	 
REQUEST	6		Get Data	1686243644685	1686243645214	OK	 
REQUEST	13		Get Data	1686243644761	1686243645221	OK	 
REQUEST	2		Get Data	1686243644680	1686243645224	OK	 
REQUEST	12		Get Data	1686243644778	1686243645275	OK	 
REQUEST	39		Get Data	1686243645023	1686243645282	OK	 
REQUEST	44		Get Data	1686243645069	1686243645287	OK	 
REQUEST	16		Get Data	1686243644796	1686243645287	OK	 
USER	Get Data Scenario	66	START	1686243645286	1686243645286
USER	Get Data Scenario	65	START	1686243645286	1686243645286
USER	Get Data Scenario	67	START	1686243645294	1686243645294
REQUEST	11		Get Data	1686243644733	1686243645308	OK	 
USER	Get Data Scenario	68	START	1686243645323	1686243645323
USER	Get Data Scenario	70	START	1686243645323	1686243645323
USER	Get Data Scenario	69	START	1686243645323	1686243645323
USER	Get Data Scenario	71	START	1686243645331	1686243645331
REQUEST	19		Get Data	1686243644817	1686243645339	OK	 
USER	Get Data Scenario	72	START	1686243645355	1686243645355
USER	Get Data Scenario	73	START	1686243645355	1686243645355
REQUEST	14		Get Data	1686243644779	1686243645356	OK	 
USER	Get Data Scenario	74	START	1686243645369	1686243645369
USER	Get Data Scenario	75	START	1686243645372	1686243645372
USER	Get Data Scenario	76	START	1686243645409	1686243645409
USER	Get Data Scenario	78	START	1686243645409	1686243645409
USER	Get Data Scenario	77	START	1686243645409	1686243645409
REQUEST	23		Get Data	1686243644881	1686243645413	OK	 
USER	Get Data Scenario	79	START	1686243645415	1686243645415
USER	Get Data Scenario	80	START	1686243645429	1686243645429
USER	Get Data Scenario	82	START	1686243645451	1686243645451
USER	Get Data Scenario	81	START	1686243645451	1686243645451
USER	Get Data Scenario	83	START	1686243645466	1686243645466
USER	Get Data Scenario	84	START	1686243645466	1686243645466
USER	Get Data Scenario	85	START	1686243645471	1686243645471
USER	Get Data Scenario	86	START	1686243645489	1686243645489
USER	Get Data Scenario	87	START	1686243645492	1686243645492
REQUEST	10		Get Data	1686243644735	1686243645513	OK	 
USER	Get Data Scenario	89	START	1686243645515	1686243645515
USER	Get Data Scenario	88	START	1686243645515	1686243645515
USER	Get Data Scenario	90	START	1686243645534	1686243645534
USER	Get Data Scenario	91	START	1686243645534	1686243645534
USER	Get Data Scenario	93	START	1686243645560	1686243645560
USER	Get Data Scenario	92	START	1686243645560	1686243645560
USER	Get Data Scenario	94	START	1686243645578	1686243645578
USER	Get Data Scenario	95	START	1686243645578	1686243645578
USER	Get Data Scenario	96	START	1686243645581	1686243645581
USER	Get Data Scenario	97	START	1686243645600	1686243645600
USER	Get Data Scenario	98	START	1686243645603	1686243645603
USER	Get Data Scenario	100	START	1686243645625	1686243645625
USER	Get Data Scenario	99	START	1686243645625	1686243645625
REQUEST	34		Get Data	1686243644963	1686243645716	OK	 
REQUEST	56		Get Data	1686243645196	1686243645762	OK	 
REQUEST	36		Get Data	1686243644986	1686243645784	OK	 
REQUEST	96		Get Data	1686243645582	1686243645806	OK	 
REQUEST	93		Get Data	1686243645563	1686243645852	OK	 
REQUEST	89		Get Data	1686243645516	1686243645935	OK	 
REQUEST	100		Get Data	1686243645627	1686243645947	OK	 
REQUEST	46		Get Data	1686243645084	1686243646037	OK	 
REQUEST	51		Get Data	1686243645132	1686243646097	OK	 
REQUEST	32		Get Data	1686243644948	1686243646108	OK	 
REQUEST	70		Get Data	1686243645325	1686243646113	OK	 
REQUEST	35		Get Data	1686243644985	1686243646118	OK	 
REQUEST	25		Get Data	1686243644883	1686243646131	OK	 
REQUEST	62		Get Data	1686243645251	1686243646174	OK	 
REQUEST	48		Get Data	1686243645103	1686243646251	OK	 
REQUEST	18		Get Data	1686243644817	1686243646251	OK	 
REQUEST	15		Get Data	1686243644787	1686243646251	OK	 
REQUEST	47		Get Data	1686243645099	1686243646252	OK	 
REQUEST	17		Get Data	1686243644816	1686243646253	OK	 
REQUEST	52		Get Data	1686243645144	1686243646282	OK	 
REQUEST	59		Get Data	1686243645215	1686243646282	OK	 
REQUEST	38		Get Data	1686243645007	1686243646282	OK	 
REQUEST	29		Get Data	1686243644921	1686243646374	OK	 
REQUEST	45		Get Data	1686243645072	1686243646389	OK	 
REQUEST	63		Get Data	1686243645265	1686243646479	OK	 
REQUEST	61		Get Data	1686243645234	1686243646498	OK	 
REQUEST	28		Get Data	1686243644903	1686243646548	OK	 
REQUEST	74		Get Data	1686243645370	1686243646581	OK	 
REQUEST	53		Get Data	1686243645172	1686243646660	OK	 
REQUEST	37		Get Data	1686243645007	1686243646758	OK	 
REQUEST	26		Get Data	1686243644887	1686243646804	OK	 
REQUEST	67		Get Data	1686243645295	1686243646806	OK	 
REQUEST	88		Get Data	1686243645517	1686243646824	KO	status.find.is(200), but actually found 400
REQUEST	9		Get Data	1686243644717	1686243646829	OK	 
REQUEST	43		Get Data	1686243645053	1686243646979	OK	 
REQUEST	50		Get Data	1686243645129	1686243647002	OK	 
REQUEST	40		Get Data	1686243645024	1686243647010	OK	 
REQUEST	66		Get Data	1686243645293	1686243647116	OK	 
REQUEST	92		Get Data	1686243645564	1686243647169	OK	 
REQUEST	81		Get Data	1686243645453	1686243647253	OK	 
REQUEST	57		Get Data	1686243645195	1686243647289	OK	 
REQUEST	14		Get Data	1686243646389	1686243647309	OK	 
REQUEST	91		Get Data	1686243645536	1686243647312	OK	 
REQUEST	73		Get Data	1686243645357	1686243647369	OK	 
REQUEST	75		Get Data	1686243645375	1686243647381	OK	 
REQUEST	60		Get Data	1686243645235	1686243647384	OK	 
REQUEST	71		Get Data	1686243645333	1686243647390	OK	 
REQUEST	76		Get Data	1686243645411	1686243647394	OK	 
REQUEST	65		Get Data	1686243645294	1686243647407	OK	 
REQUEST	48		Get Data	1686243647272	1686243647444	OK	 
REQUEST	44		Get Data	1686243646312	1686243647524	OK	 
REQUEST	78		Get Data	1686243645410	1686243647531	OK	 
REQUEST	85		Get Data	1686243645472	1686243647559	OK	 
REQUEST	8		Get Data	1686243646235	1686243647563	OK	 
REQUEST	87		Get Data	1686243645493	1686243647568	OK	 
REQUEST	72		Get Data	1686243645356	1686243647569	OK	 
REQUEST	21		Get Data	1686243644846	1686243647578	OK	 
REQUEST	69		Get Data	1686243645325	1686243647587	OK	 
REQUEST	3		Get Data	1686243646283	1686243647629	OK	 
REQUEST	42		Get Data	1686243646284	1686243647630	OK	 
REQUEST	86		Get Data	1686243645492	1686243647747	OK	 
REQUEST	36		Get Data	1686243646792	1686243647748	OK	 
REQUEST	19		Get Data	1686243646362	1686243647763	OK	 
REQUEST	84		Get Data	1686243645468	1686243647824	OK	 
REQUEST	5		Get Data	1686243646222	1686243647829	OK	 
REQUEST	37		Get Data	1686243647762	1686243647860	OK	 
REQUEST	56		Get Data	1686243646789	1686243647878	OK	 
REQUEST	79		Get Data	1686243645416	1686243647886	OK	 
REQUEST	95		Get Data	1686243645580	1686243647894	OK	 
REQUEST	100		Get Data	1686243646962	1686243647898	OK	 
REQUEST	80		Get Data	1686243645430	1686243647901	OK	 
REQUEST	46		Get Data	1686243647053	1686243647903	OK	 
REQUEST	99		Get Data	1686243645627	1686243647921	OK	 
REQUEST	62		Get Data	1686243647192	1686243647924	OK	 
REQUEST	32		Get Data	1686243647130	1686243647928	OK	 
REQUEST	4		Get Data	1686243646189	1686243647932	OK	 
REQUEST	35		Get Data	1686243647132	1686243647944	OK	 
REQUEST	97		Get Data	1686243645601	1686243647958	OK	 
REQUEST	2		Get Data	1686243646252	1686243648008	OK	 
REQUEST	33		Get Data	1686243646223	1686243648008	OK	 
REQUEST	38		Get Data	1686243647302	1686243648046	OK	 
REQUEST	98		Get Data	1686243645604	1686243648054	OK	 
REQUEST	58		Get Data	1686243645209	1686243648055	OK	 
REQUEST	26		Get Data	1686243647825	1686243648120	OK	 
REQUEST	59		Get Data	1686243647302	1686243648123	OK	 
REQUEST	25		Get Data	1686243647161	1686243648215	OK	 
REQUEST	7		Get Data	1686243646175	1686243648240	OK	 
REQUEST	24		Get Data	1686243644883	1686243648246	OK	 
REQUEST	82		Get Data	1686243645453	1686243648276	OK	 
REQUEST	94		Get Data	1686243645579	1686243648283	OK	 
REQUEST	74		Get Data	1686243647592	1686243648330	OK	 
REQUEST	27		Get Data	1686243644900	1686243648369	OK	 
REQUEST	6		Get Data	1686243646236	1686243648375	OK	 
REQUEST	13		Get Data	1686243646253	1686243648394	OK	 
REQUEST	61		Get Data	1686243647514	1686243648424	OK	 
REQUEST	34		Get Data	1686243646743	1686243648460	OK	 
REQUEST	96		Get Data	1686243646819	1686243648523	OK	 
REQUEST	70		Get Data	1686243647129	1686243648524	OK	 
REQUEST	11		Get Data	1686243646332	1686243648602	OK	 
REQUEST	12		Get Data	1686243646283	1686243648684	OK	 
REQUEST	69		Get Data	1686243648592	1686243648749	KO	status.find.is(200), but actually found 400
REQUEST	93		Get Data	1686243646880	1686243648792	OK	 
REQUEST	67		Get Data	1686243647825	1686243648813	OK	 
REQUEST	22		Get Data	1686243644881	1686243648864	OK	 
REQUEST	52		Get Data	1686243647302	1686243648868	OK	 
REQUEST	9		Get Data	1686243647842	1686243648910	OK	 
REQUEST	51		Get Data	1686243647102	1686243648919	OK	 
REQUEST	5		Get Data	1686243648824	1686243648968	OK	 
REQUEST	18		Get Data	1686243647272	1686243649002	OK	 
REQUEST	56		Get Data	1686243648872	1686243649037	OK	 
REQUEST	100		Get Data	1686243648900	1686243649078	OK	 
REQUEST	99		Get Data	1686243648946	1686243649082	OK	 
REQUEST	35		Get Data	1686243648946	1686243649084	OK	 
REQUEST	19		Get Data	1686243648762	1686243649113	OK	 
REQUEST	46		Get Data	1686243648915	1686243649120	OK	 
REQUEST	36		Get Data	1686243648776	1686243649125	OK	 
REQUEST	86		Get Data	1686243648777	1686243649140	OK	 
REQUEST	62		Get Data	1686243648932	1686243649169	OK	 
REQUEST	4		Get Data	1686243648932	1686243649231	OK	 
REQUEST	84		Get Data	1686243648842	1686243649237	OK	 
REQUEST	50		Get Data	1686243648012	1686243649246	OK	 
REQUEST	71		Get Data	1686243648392	1686243649260	OK	 
REQUEST	73		Get Data	1686243648391	1686243649264	OK	 
REQUEST	44		Get Data	1686243648514	1686243649280	OK	 
REQUEST	28		Get Data	1686243647562	1686243649282	OK	 
REQUEST	95		Get Data	1686243648902	1686243649293	OK	 
REQUEST	79		Get Data	1686243648902	1686243649312	OK	 
REQUEST	80		Get Data	1686243648931	1686243649334	OK	 
REQUEST	59		Get Data	1686243649129	1686243649336	OK	 
REQUEST	66		Get Data	1686243648133	1686243649350	OK	 
REQUEST	25		Get Data	1686243649193	1686243649369	OK	 
REQUEST	15		Get Data	1686243647273	1686243649381	OK	 
REQUEST	8		Get Data	1686243648575	1686243649429	OK	 
REQUEST	87		Get Data	1686243648591	1686243649432	OK	 
REQUEST	81		Get Data	1686243648282	1686243649514	OK	 
REQUEST	74		Get Data	1686243649331	1686243649515	OK	 
REQUEST	94		Get Data	1686243649302	1686243649577	OK	 
REQUEST	14		Get Data	1686243648297	1686243649578	OK	 
REQUEST	7		Get Data	1686243649238	1686243649579	OK	 
REQUEST	13		Get Data	1686243649393	1686243649589	OK	 
REQUEST	27		Get Data	1686243649393	1686243649596	OK	 
REQUEST	6		Get Data	1686243649393	1686243649596	OK	 
REQUEST	72		Get Data	1686243648591	1686243649613	OK	 
REQUEST	21		Get Data	1686243648592	1686243649621	OK	 
REQUEST	38		Get Data	1686243649052	1686243649651	OK	 
REQUEST	91		Get Data	1686243648329	1686243649659	OK	 
REQUEST	96		Get Data	1686243649530	1686243649696	OK	 
REQUEST	70		Get Data	1686243649530	1686243649796	OK	 
REQUEST	32		Get Data	1686243648930	1686243649859	OK	 
REQUEST	12		Get Data	1686243649702	1686243649875	OK	 
REQUEST	34		Get Data	1686243649452	1686243649932	OK	 
REQUEST	76		Get Data	1686243648422	1686243649941	OK	 
REQUEST	69		Get Data	1686243649762	1686243649957	OK	 
REQUEST	57		Get Data	1686243648302	1686243649972	OK	 
REQUEST	11		Get Data	1686243649592	1686243650011	OK	 
REQUEST	52		Get Data	1686243649870	1686243650041	OK	 
REQUEST	22		Get Data	1686243649872	1686243650051	OK	 
REQUEST	93		Get Data	1686243649792	1686243650203	OK	 
REQUEST	56		Get Data	1686243650042	1686243650222	OK	 
REQUEST	48		Get Data	1686243648451	1686243650232	OK	 
REQUEST	67		Get Data	1686243649822	1686243650237	OK	 
REQUEST	99		Get Data	1686243650072	1686243650267	OK	 
REQUEST	43		Get Data	1686243647993	1686243650369	OK	 
REQUEST	86		Get Data	1686243650132	1686243650372	OK	 
REQUEST	33		Get Data	1686243649006	1686243650410	OK	 
REQUEST	53		Get Data	1686243647672	1686243650410	OK	 
REQUEST	4		Get Data	1686243650223	1686243650437	OK	 
REQUEST	47		Get Data	1686243647273	1686243650451	OK	 
REQUEST	5		Get Data	1686243649978	1686243650497	OK	 
REQUEST	65		Get Data	1686243648422	1686243650514	OK	 
REQUEST	59		Get Data	1686243650333	1686243650528	OK	 
REQUEST	62		Get Data	1686243650162	1686243650543	OK	 
REQUEST	15		Get Data	1686243650392	1686243650604	OK	 
REQUEST	87		Get Data	1686243650422	1686243650627	OK	 
REQUEST	84		Get Data	1686243650238	1686243650670	OK	 
REQUEST	73		Get Data	1686243650254	1686243650698	OK	 
REQUEST	8		Get Data	1686243650423	1686243650739	OK	 
REQUEST	20		Get Data	1686243644844	1686243650752	OK	 
REQUEST	7		Get Data	1686243650562	1686243650766	OK	 
REQUEST	14		Get Data	1686243650562	1686243650766	OK	 
REQUEST	30		Get Data	1686243644925	1686243650774	OK	 
REQUEST	94		Get Data	1686243650574	1686243650785	OK	 
REQUEST	66		Get Data	1686243650361	1686243650813	OK	 
REQUEST	6		Get Data	1686243650590	1686243650814	OK	 
REQUEST	91		Get Data	1686243650667	1686243650912	OK	 
REQUEST	96		Get Data	1686243650698	1686243650934	KO	status.find.is(200), but actually found 400
REQUEST	25		Get Data	1686243650392	1686243650980	OK	 
REQUEST	24		Get Data	1686243649272	1686243650999	OK	 
REQUEST	72		Get Data	1686243650621	1686243651029	OK	 
REQUEST	18		Get Data	1686243649993	1686243651056	OK	 
REQUEST	12		Get Data	1686243650882	1686243651140	OK	 
REQUEST	19		Get Data	1686243650116	1686243651149	OK	 
REQUEST	75		Get Data	1686243648392	1686243651170	OK	 
REQUEST	57		Get Data	1686243650973	1686243651214	OK	 
REQUEST	71		Get Data	1686243650272	1686243651220	OK	 
REQUEST	21		Get Data	1686243650622	1686243651221	OK	 
REQUEST	11		Get Data	1686243651022	1686243651254	OK	 
REQUEST	40		Get Data	1686243648023	1686243651276	OK	 
REQUEST	76		Get Data	1686243650932	1686243651317	OK	 
REQUEST	38		Get Data	1686243650642	1686243651319	OK	 
REQUEST	34		Get Data	1686243650943	1686243651327	OK	 
REQUEST	69		Get Data	1686243650962	1686243651374	OK	 
REQUEST	56		Get Data	1686243651222	1686243651480	OK	 
REQUEST	17		Get Data	1686243647273	1686243651524	OK	 
REQUEST	44		Get Data	1686243650284	1686243651528	OK	 
REQUEST	22		Get Data	1686243651066	1686243651545	OK	 
REQUEST	48		Get Data	1686243651222	1686243651620	OK	 
REQUEST	33		Get Data	1686243651421	1686243651640	OK	 
REQUEST	93		Get Data	1686243651192	1686243651768	OK	 
REQUEST	53		Get Data	1686243651405	1686243651798	OK	 
REQUEST	39		Get Data	1686243646297	1686243651849	OK	 
REQUEST	43		Get Data	1686243651374	1686243651854	OK	 
REQUEST	15		Get Data	1686243651589	1686243651864	OK	 
REQUEST	67		Get Data	1686243651222	1686243651886	OK	 
REQUEST	59		Get Data	1686243651512	1686243651887	OK	 
REQUEST	99		Get Data	1686243651265	1686243651920	OK	 
REQUEST	84		Get Data	1686243651666	1686243651949	OK	 
REQUEST	86		Get Data	1686243651362	1686243651992	OK	 
REQUEST	94		Get Data	1686243651789	1686243652064	OK	 
REQUEST	42		Get Data	1686243648637	1686243652101	OK	 
REQUEST	14		Get Data	1686243651788	1686243652115	OK	 
REQUEST	30		Get Data	1686243651791	1686243652140	OK	 
REQUEST	79		Get Data	1686243650315	1686243652152	OK	 
REQUEST	6		Get Data	1686243651804	1686243652154	OK	 
REQUEST	91		Get Data	1686243651912	1686243652268	OK	 
REQUEST	16		Get Data	1686243646312	1686243652276	OK	 
REQUEST	96		Get Data	1686243651941	1686243652279	OK	 
REQUEST	89		Get Data	1686243646959	1686243652280	OK	 
REQUEST	37		Get Data	1686243648872	1686243652310	OK	 
REQUEST	73		Get Data	1686243651697	1686243652333	OK	 
REQUEST	24		Get Data	1686243652002	1686243652387	OK	 
REQUEST	18		Get Data	1686243652063	1686243652418	OK	 
REQUEST	72		Get Data	1686243652032	1686243652418	OK	 
REQUEST	12		Get Data	1686243652112	1686243652464	OK	 
REQUEST	75		Get Data	1686243652172	1686243652520	OK	 
REQUEST	57		Get Data	1686243652216	1686243652579	OK	 
REQUEST	19		Get Data	1686243652142	1686243652608	OK	 
REQUEST	7		Get Data	1686243651788	1686243652643	OK	 
REQUEST	34		Get Data	1686243652312	1686243652695	OK	 
REQUEST	36		Get Data	1686243650102	1686243652700	OK	 
REQUEST	25		Get Data	1686243651972	1686243652703	OK	 
REQUEST	32		Get Data	1686243650852	1686243652708	OK	 
REQUEST	80		Get Data	1686243650332	1686243652731	OK	 
REQUEST	76		Get Data	1686243652325	1686243652757	OK	 
REQUEST	61		Get Data	1686243649437	1686243652803	OK	 
REQUEST	22		Get Data	1686243652542	1686243652807	OK	 
REQUEST	48		Get Data	1686243652619	1686243652876	OK	 
REQUEST	33		Get Data	1686243652649	1686243652914	OK	 
REQUEST	52		Get Data	1686243651050	1686243652957	OK	 
REQUEST	81		Get Data	1686243650513	1686243652979	OK	 
REQUEST	93		Get Data	1686243652772	1686243653064	OK	 
REQUEST	53		Get Data	1686243652818	1686243653079	OK	 
REQUEST	58		Get Data	1686243649072	1686243653126	OK	 
REQUEST	17		Get Data	1686243652526	1686243653126	OK	 
REQUEST	40		Get Data	1686243652279	1686243653248	OK	 
REQUEST	86		Get Data	1686243653018	1686243653320	OK	 
REQUEST	94		Get Data	1686243653079	1686243653355	OK	 
REQUEST	30		Get Data	1686243653141	1686243653416	OK	 
REQUEST	42		Get Data	1686243653094	1686243653504	OK	 
REQUEST	49		Get Data	1686243645113	1686243653506	OK	 
REQUEST	14		Get Data	1686243653112	1686243653510	OK	 
REQUEST	16		Get Data	1686243653263	1686243653562	OK	 
REQUEST	98		Get Data	1686243649072	1686243653599	OK	 
REQUEST	37		Get Data	1686243653308	1686243653611	OK	 
REQUEST	96		Get Data	1686243653263	1686243653637	OK	 
REQUEST	91		Get Data	1686243653263	1686243653637	OK	 
REQUEST	92		Get Data	1686243648182	1686243653657	OK	 
REQUEST	11		Get Data	1686243652252	1686243653740	OK	 
REQUEST	18		Get Data	1686243653416	1686243653763	OK	 
REQUEST	26		Get Data	1686243649130	1686243653773	OK	 
REQUEST	12		Get Data	1686243653491	1686243653796	OK	 
REQUEST	72		Get Data	1686243653402	1686243653853	OK	 
REQUEST	75		Get Data	1686243653522	1686243653886	OK	 
REQUEST	57		Get Data	1686243653583	1686243653887	KO	status.find.is(200), but actually found 400
REQUEST	32		Get Data	1686243653707	1686243654009	OK	 
REQUEST	76		Get Data	1686243653742	1686243654045	OK	 
REQUEST	79		Get Data	1686243653156	1686243654046	OK	 
REQUEST	36		Get Data	1686243653707	1686243654072	OK	 
REQUEST	25		Get Data	1686243653707	1686243654074	OK	 
REQUEST	34		Get Data	1686243653707	1686243654089	OK	 
REQUEST	80		Get Data	1686243653737	1686243654106	OK	 
REQUEST	43		Get Data	1686243652864	1686243654136	OK	 
REQUEST	5		Get Data	1686243651482	1686243654157	OK	 
REQUEST	65		Get Data	1686243651527	1686243654183	OK	 
REQUEST	99		Get Data	1686243652926	1686243654185	OK	 
REQUEST	22		Get Data	1686243653813	1686243654189	OK	 
REQUEST	33		Get Data	1686243653912	1686243654215	OK	 
REQUEST	52		Get Data	1686243653942	1686243654246	OK	 
REQUEST	62		Get Data	1686243651558	1686243654255	OK	 
REQUEST	23		Get Data	1686243646434	1686243654289	OK	 
REQUEST	93		Get Data	1686243654075	1686243654378	OK	 
REQUEST	58		Get Data	1686243654137	1686243654444	OK	 
REQUEST	46		Get Data	1686243650116	1686243654469	OK	 
REQUEST	40		Get Data	1686243654246	1686243654557	OK	 
REQUEST	81		Get Data	1686243653972	1686243654621	OK	 
REQUEST	67		Get Data	1686243652911	1686243654639	OK	 
REQUEST	53		Get Data	1686243654062	1686243654705	OK	 
REQUEST	17		Get Data	1686243654122	1686243654759	OK	 
REQUEST	42		Get Data	1686243654506	1686243654790	OK	 
REQUEST	14		Get Data	1686243654520	1686243654811	OK	 
REQUEST	49		Get Data	1686243654535	1686243654826	OK	 
REQUEST	28		Get Data	1686243650284	1686243654836	OK	 
REQUEST	66		Get Data	1686243651804	1686243654863	OK	 
REQUEST	16		Get Data	1686243654566	1686243654907	OK	 
REQUEST	37		Get Data	1686243654613	1686243654931	OK	 
REQUEST	98		Get Data	1686243654598	1686243654962	OK	 
REQUEST	63		Get Data	1686243647483	1686243655016	OK	 
REQUEST	48		Get Data	1686243653875	1686243655033	OK	 
REQUEST	78		Get Data	1686243648560	1686243655065	OK	 
REQUEST	18		Get Data	1686243654766	1686243655083	OK	 
REQUEST	26		Get Data	1686243654766	1686243655089	OK	 
REQUEST	12		Get Data	1686243654782	1686243655126	OK	 
REQUEST	56		Get Data	1686243652464	1686243655192	OK	 
REQUEST	72		Get Data	1686243654857	1686243655202	OK	 
REQUEST	75		Get Data	1686243654905	1686243655219	OK	 
REQUEST	11		Get Data	1686243654735	1686243655232	OK	 
REQUEST	6		Get Data	1686243653156	1686243655245	OK	 
REQUEST	91		Get Data	1686243654643	1686243655291	OK	 
REQUEST	25		Get Data	1686243655072	1686243655356	OK	 
REQUEST	36		Get Data	1686243655072	1686243655356	OK	 
REQUEST	80		Get Data	1686243655092	1686243655369	OK	 
REQUEST	32		Get Data	1686243655020	1686243655378	OK	 
REQUEST	43		Get Data	1686243655143	1686243655408	OK	 
REQUEST	76		Get Data	1686243655069	1686243655420	OK	 
REQUEST	34		Get Data	1686243655072	1686243655451	OK	 
REQUEST	87		Get Data	1686243651636	1686243655496	OK	 
REQUEST	5		Get Data	1686243655162	1686243655519	OK	 
REQUEST	8		Get Data	1686243651732	1686243655543	OK	 
REQUEST	62		Get Data	1686243655234	1686243655589	OK	 
REQUEST	79		Get Data	1686243655053	1686243655683	OK	 
REQUEST	52		Get Data	1686243655251	1686243655726	OK	 
REQUEST	84		Get Data	1686243652957	1686243655727	OK	 
REQUEST	85		Get Data	1686243648562	1686243655793	OK	 
REQUEST	61		Get Data	1686243653802	1686243655803	OK	 
REQUEST	95		Get Data	1686243650302	1686243655817	OK	 
REQUEST	99		Get Data	1686243655192	1686243655830	OK	 
REQUEST	81		Get Data	1686243655622	1686243655880	OK	 
REQUEST	68		Get Data	1686243645324	1686243655922	OK	 
REQUEST	7		Get Data	1686243653631	1686243655973	OK	 
REQUEST	53		Get Data	1686243655727	1686243655998	OK	 
REQUEST	33		Get Data	1686243655219	1686243656018	OK	 
REQUEST	17		Get Data	1686243655762	1686243656018	OK	 
REQUEST	42		Get Data	1686243655792	1686243656045	OK	 
REQUEST	46		Get Data	1686243655464	1686243656059	OK	 
REQUEST	67		Get Data	1686243655622	1686243656278	OK	 
REQUEST	63		Get Data	1686243656022	1686243656291	OK	 
REQUEST	78		Get Data	1686243656052	1686243656340	OK	 
REQUEST	48		Get Data	1686243656052	1686243656342	OK	 
REQUEST	26		Get Data	1686243656078	1686243656448	OK	 
REQUEST	56		Get Data	1686243656218	1686243656514	OK	 
REQUEST	6		Get Data	1686243656249	1686243656544	OK	 
REQUEST	91		Get Data	1686243656282	1686243656556	OK	 
REQUEST	1		Get Data	1686243644678	1686243656576	OK	 
REQUEST	11		Get Data	1686243656234	1686243656624	OK	 
REQUEST	80		Get Data	1686243656373	1686243656683	OK	 
REQUEST	25		Get Data	1686243656373	1686243656684	OK	 
REQUEST	15		Get Data	1686243652865	1686243656685	OK	 
REQUEST	43		Get Data	1686243656392	1686243656685	OK	 
REQUEST	44		Get Data	1686243652528	1686243656718	OK	 
REQUEST	18		Get Data	1686243656081	1686243656728	OK	 
REQUEST	76		Get Data	1686243656392	1686243656764	OK	 
REQUEST	12		Get Data	1686243656125	1686243656814	OK	 
REQUEST	34		Get Data	1686243656480	1686243656848	KO	status.find.is(200), but actually found 400
REQUEST	62		Get Data	1686243656592	1686243656908	OK	 
REQUEST	8		Get Data	1686243656558	1686243656934	OK	 
REQUEST	37		Get Data	1686243655932	1686243656981	OK	 
REQUEST	52		Get Data	1686243656728	1686243657018	OK	 
REQUEST	49		Get Data	1686243655822	1686243657028	OK	 
REQUEST	79		Get Data	1686243656682	1686243657073	OK	 
REQUEST	95		Get Data	1686243656821	1686243657092	OK	 
REQUEST	29		Get Data	1686243647392	1686243657110	OK	 
REQUEST	84		Get Data	1686243656712	1686243657126	OK	 
REQUEST	81		Get Data	1686243656881	1686243657141	OK	 
REQUEST	61		Get Data	1686243656792	1686243657210	OK	 
REQUEST	66		Get Data	1686243655896	1686243657242	OK	 
REQUEST	33		Get Data	1686243657002	1686243657264	OK	 
REQUEST	68		Get Data	1686243656932	1686243657350	OK	 
REQUEST	53		Get Data	1686243656992	1686243657435	OK	 
REQUEST	17		Get Data	1686243657018	1686243657460	OK	 
REQUEST	4		Get Data	1686243651435	1686243657464	OK	 
REQUEST	46		Get Data	1686243657063	1686243657479	OK	 
REQUEST	42		Get Data	1686243657048	1686243657490	OK	 
REQUEST	78		Get Data	1686243657341	1686243657600	OK	 
REQUEST	7		Get Data	1686243656987	1686243657732	OK	 
REQUEST	26		Get Data	1686243657449	1686243657733	OK	 
REQUEST	56		Get Data	1686243657510	1686243657787	OK	 
REQUEST	91		Get Data	1686243657555	1686243657834	OK	 
REQUEST	99		Get Data	1686243656822	1686243657855	OK	 
REQUEST	1		Get Data	1686243657602	1686243657894	OK	 
REQUEST	6		Get Data	1686243657555	1686243657956	OK	 
REQUEST	44		Get Data	1686243657726	1686243658048	OK	 
REQUEST	57		Get Data	1686243654905	1686243658048	OK	 
REQUEST	15		Get Data	1686243657696	1686243658079	OK	 
REQUEST	18		Get Data	1686243657726	1686243658108	OK	 
REQUEST	76		Get Data	1686243657788	1686243658168	OK	 
REQUEST	12		Get Data	1686243657822	1686243658206	OK	 
REQUEST	13		Get Data	1686243650591	1686243658268	OK	 
REQUEST	49		Get Data	1686243658022	1686243658326	OK	 
REQUEST	11		Get Data	1686243657633	1686243658350	OK	 
REQUEST	62		Get Data	1686243657910	1686243658373	OK	 
REQUEST	37		Get Data	1686243657987	1686243658374	OK	 
REQUEST	43		Get Data	1686243657696	1686243658404	OK	 
REQUEST	52		Get Data	1686243658017	1686243658408	OK	 
REQUEST	95		Get Data	1686243658094	1686243658409	OK	 
REQUEST	29		Get Data	1686243658110	1686243658409	OK	 
REQUEST	79		Get Data	1686243658064	1686243658451	OK	 
REQUEST	84		Get Data	1686243658142	1686243658551	OK	 
REQUEST	98		Get Data	1686243655962	1686243658670	OK	 
REQUEST	68		Get Data	1686243658358	1686243658761	OK	 
REQUEST	53		Get Data	1686243658435	1686243658821	OK	 
REQUEST	75		Get Data	1686243656202	1686243658941	OK	 
REQUEST	8		Get Data	1686243657941	1686243658943	OK	 
REQUEST	30		Get Data	1686243654428	1686243658993	OK	 
REQUEST	85		Get Data	1686243656820	1686243659017	OK	 
REQUEST	33		Get Data	1686243658279	1686243659053	OK	 
REQUEST	7		Get Data	1686243658732	1686243659123	OK	 
REQUEST	56		Get Data	1686243658778	1686243659126	OK	 
REQUEST	26		Get Data	1686243658746	1686243659143	OK	 
REQUEST	66		Get Data	1686243658217	1686243659195	OK	 
REQUEST	91		Get Data	1686243658842	1686243659220	OK	 
REQUEST	99		Get Data	1686243658869	1686243659253	OK	 
REQUEST	88		Get Data	1686243647842	1686243659294	OK	 
REQUEST	12		Get Data	1686243659218	1686243659510	OK	 
REQUEST	42		Get Data	1686243658499	1686243659511	OK	 
REQUEST	5		Get Data	1686243656527	1686243659562	OK	 
REQUEST	13		Get Data	1686243659264	1686243659573	OK	 
REQUEST	83		Get Data	1686243645469	1686243659628	OK	 
REQUEST	49		Get Data	1686243659340	1686243659667	OK	 
REQUEST	11		Get Data	1686243659341	1686243659695	OK	 
REQUEST	95		Get Data	1686243659419	1686243659753	OK	 
REQUEST	84		Get Data	1686243659542	1686243659841	OK	 
REQUEST	29		Get Data	1686243659419	1686243659842	OK	 
REQUEST	3		Get Data	1686243648622	1686243659842	OK	 
REQUEST	79		Get Data	1686243659464	1686243659887	OK	 
REQUEST	34		Get Data	1686243657822	1686243660022	OK	 
REQUEST	53		Get Data	1686243659819	1686243660114	OK	 
REQUEST	37		Get Data	1686243659372	1686243660191	OK	 
REQUEST	75		Get Data	1686243659942	1686243660265	OK	 
REQUEST	8		Get Data	1686243659927	1686243660266	OK	 
REQUEST	6		Get Data	1686243658961	1686243660300	OK	 
REQUEST	85		Get Data	1686243660052	1686243660390	KO	status.find.is(200), but actually found 400
REQUEST	62		Get Data	1686243659387	1686243660411	OK	 
REQUEST	96		Get Data	1686243654644	1686243660477	OK	 
REQUEST	30		Get Data	1686243659992	1686243660514	OK	 
REQUEST	26		Get Data	1686243660132	1686243660566	OK	 
REQUEST	56		Get Data	1686243660145	1686243660566	OK	 
REQUEST	99		Get Data	1686243660254	1686243660573	OK	 
REQUEST	66		Get Data	1686243660192	1686243660603	OK	 
REQUEST	91		Get Data	1686243660223	1686243660621	OK	 
REQUEST	40		Get Data	1686243655562	1686243660668	OK	 
REQUEST	88		Get Data	1686243660302	1686243660731	OK	 
REQUEST	48		Get Data	1686243657341	1686243660782	OK	 
REQUEST	18		Get Data	1686243659120	1686243660782	OK	 
REQUEST	58		Get Data	1686243655448	1686243660799	OK	 
REQUEST	97		Get Data	1686243648976	1686243660849	OK	 
REQUEST	42		Get Data	1686243660514	1686243660880	OK	 
REQUEST	28		Get Data	1686243655834	1686243660927	OK	 
REQUEST	13		Get Data	1686243660575	1686243660935	OK	 
REQUEST	49		Get Data	1686243660652	1686243661020	OK	 
REQUEST	44		Get Data	1686243659068	1686243661020	OK	 
REQUEST	95		Get Data	1686243660747	1686243661120	OK	 
REQUEST	3		Get Data	1686243660841	1686243661153	OK	 
REQUEST	84		Get Data	1686243660854	1686243661241	OK	 
REQUEST	83		Get Data	1686243660653	1686243661298	OK	 
REQUEST	5		Get Data	1686243660562	1686243661353	OK	 
REQUEST	59		Get Data	1686243652911	1686243661449	OK	 
REQUEST	8		Get Data	1686243661268	1686243661574	OK	 
REQUEST	75		Get Data	1686243661268	1686243661580	OK	 
REQUEST	29		Get Data	1686243660839	1686243661595	OK	 
REQUEST	37		Get Data	1686243661206	1686243661624	OK	 
REQUEST	11		Get Data	1686243660702	1686243661668	OK	 
REQUEST	6		Get Data	1686243661271	1686243661688	OK	 
REQUEST	85		Get Data	1686243661332	1686243661733	OK	 
REQUEST	62		Get Data	1686243661411	1686243661794	OK	 
REQUEST	60		Get Data	1686243648392	1686243661800	OK	 
REQUEST	26		Get Data	1686243661577	1686243661895	OK	 
REQUEST	66		Get Data	1686243661607	1686243662037	OK	 
REQUEST	91		Get Data	1686243661623	1686243662037	OK	 
REQUEST	78		Get Data	1686243658592	1686243662040	OK	 
REQUEST	99		Get Data	1686243661562	1686243662093	OK	 
REQUEST	40		Get Data	1686243661668	1686243662112	OK	 
REQUEST	16		Get Data	1686243655932	1686243662121	OK	 
REQUEST	97		Get Data	1686243661853	1686243662153	OK	 
REQUEST	24		Get Data	1686243653372	1686243662195	OK	 
REQUEST	48		Get Data	1686243661776	1686243662197	OK	 
REQUEST	18		Get Data	1686243661792	1686243662222	OK	 
REQUEST	13		Get Data	1686243661931	1686243662252	OK	 
REQUEST	9		Get Data	1686243649916	1686243662252	OK	 
REQUEST	42		Get Data	1686243661871	1686243662291	OK	 
REQUEST	44		Get Data	1686243662006	1686243662331	OK	 
REQUEST	28		Get Data	1686243661930	1686243662331	OK	 
REQUEST	49		Get Data	1686243662022	1686243662353	OK	 
REQUEST	43		Get Data	1686243659392	1686243662371	OK	 
REQUEST	96		Get Data	1686243661485	1686243662456	OK	 
REQUEST	95		Get Data	1686243662114	1686243662497	OK	 
REQUEST	58		Get Data	1686243661792	1686243662570	OK	 
REQUEST	51		Get Data	1686243649932	1686243662592	OK	 
REQUEST	2		Get Data	1686243648992	1686243662674	OK	 
REQUEST	59		Get Data	1686243662442	1686243662734	OK	 
REQUEST	27		Get Data	1686243650591	1686243662938	OK	 
REQUEST	7		Get Data	1686243660132	1686243662963	OK	 
REQUEST	12		Get Data	1686243660498	1686243663090	OK	 
REQUEST	62		Get Data	1686243662795	1686243663127	OK	 
REQUEST	60		Get Data	1686243662812	1686243663134	OK	 
REQUEST	8		Get Data	1686243662576	1686243663134	OK	 
REQUEST	85		Get Data	1686243662752	1686243663138	OK	 
REQUEST	83		Get Data	1686243662283	1686243663263	OK	 
REQUEST	26		Get Data	1686243662888	1686243663305	OK	 
REQUEST	5		Get Data	1686243662344	1686243663306	OK	 
REQUEST	4		Get Data	1686243658471	1686243663312	OK	 
REQUEST	66		Get Data	1686243663028	1686243663338	OK	 
REQUEST	11		Get Data	1686243662654	1686243663426	OK	 
REQUEST	76		Get Data	1686243659157	1686243663435	OK	 
REQUEST	24		Get Data	1686243663202	1686243663510	OK	 
REQUEST	9		Get Data	1686243663262	1686243663573	OK	 
REQUEST	42		Get Data	1686243663292	1686243663630	OK	 
REQUEST	18		Get Data	1686243663213	1686243663653	OK	 
REQUEST	13		Get Data	1686243663262	1686243663696	OK	 
REQUEST	43		Get Data	1686243663381	1686243663713	OK	 
REQUEST	65		Get Data	1686243655174	1686243663828	OK	 
REQUEST	95		Get Data	1686243663492	1686243663842	OK	 
REQUEST	96		Get Data	1686243663459	1686243663867	OK	 
REQUEST	58		Get Data	1686243663568	1686243663903	OK	 
REQUEST	57		Get Data	1686243659067	1686243663979	OK	 
REQUEST	25		Get Data	1686243657680	1686243664016	OK	 
REQUEST	71		Get Data	1686243652216	1686243664024	OK	 
REQUEST	22		Get Data	1686243655189	1686243664046	OK	 
REQUEST	59		Get Data	1686243663737	1686243664088	OK	 
REQUEST	7		Get Data	1686243663942	1686243664327	OK	 
REQUEST	44		Get Data	1686243663321	1686243664332	OK	 
REQUEST	27		Get Data	1686243663942	1686243664339	OK	 
REQUEST	21		Get Data	1686243652232	1686243664343	OK	 
REQUEST	62		Get Data	1686243664111	1686243664414	KO	status.find.is(200), but actually found 400
REQUEST	82		Get Data	1686243649300	1686243664446	OK	 
REQUEST	8		Get Data	1686243664142	1686243664462	OK	 
REQUEST	86		Get Data	1686243654307	1686243664499	OK	 
REQUEST	12		Get Data	1686243664093	1686243664504	OK	 
REQUEST	16		Get Data	1686243663106	1686243664544	OK	 
REQUEST	97		Get Data	1686243663151	1686243664577	OK	 
REQUEST	4		Get Data	1686243664308	1686243664631	OK	 
REQUEST	66		Get Data	1686243664341	1686243664654	OK	 
REQUEST	83		Get Data	1686243664292	1686243664716	OK	 
REQUEST	26		Get Data	1686243664312	1686243664730	OK	 
REQUEST	5		Get Data	1686243664312	1686243664734	OK	 
REQUEST	76		Get Data	1686243664446	1686243664746	OK	 
REQUEST	88		Get Data	1686243661732	1686243664855	OK	 
REQUEST	9		Get Data	1686243664572	1686243664860	OK	 
REQUEST	42		Get Data	1686243664631	1686243664931	OK	 
REQUEST	78		Get Data	1686243663044	1686243664969	OK	 
REQUEST	53		Get Data	1686243661130	1686243665144	OK	 
REQUEST	96		Get Data	1686243664863	1686243665166	OK	 
REQUEST	43		Get Data	1686243664712	1686243665244	OK	 
REQUEST	95		Get Data	1686243664852	1686243665265	OK	 
REQUEST	18		Get Data	1686243664647	1686243665344	OK	 
REQUEST	71		Get Data	1686243665050	1686243665375	OK	 
REQUEST	13		Get Data	1686243664693	1686243665413	OK	 
REQUEST	22		Get Data	1686243665034	1686243665431	OK	 
REQUEST	24		Get Data	1686243664512	1686243665441	OK	 
REQUEST	59		Get Data	1686243665082	1686243665503	OK	 
REQUEST	65		Get Data	1686243664832	1686243665550	OK	 
REQUEST	50		Get Data	1686243650269	1686243665556	OK	 
REQUEST	44		Get Data	1686243665331	1686243665627	OK	 
REQUEST	27		Get Data	1686243665328	1686243665723	OK	 
REQUEST	7		Get Data	1686243665343	1686243665747	OK	 
REQUEST	86		Get Data	1686243665498	1686243665835	OK	 
REQUEST	16		Get Data	1686243665545	1686243665886	OK	 
REQUEST	48		Get Data	1686243663198	1686243665888	OK	 
REQUEST	12		Get Data	1686243665502	1686243665915	OK	 
REQUEST	97		Get Data	1686243665592	1686243665933	OK	 
REQUEST	30		Get Data	1686243661515	1686243665946	OK	 
REQUEST	37		Get Data	1686243662612	1686243665976	OK	 
REQUEST	21		Get Data	1686243665344	1686243666083	OK	 
REQUEST	66		Get Data	1686243665669	1686243666098	OK	 
REQUEST	83		Get Data	1686243665702	1686243666144	OK	 
REQUEST	88		Get Data	1686243665854	1686243666155	OK	 
REQUEST	9		Get Data	1686243665854	1686243666156	OK	 
REQUEST	5		Get Data	1686243665731	1686243666188	OK	 
REQUEST	35		Get Data	1686243650101	1686243666197	OK	 
REQUEST	76		Get Data	1686243665747	1686243666199	OK	 
REQUEST	26		Get Data	1686243665731	1686243666234	OK	 
REQUEST	42		Get Data	1686243665931	1686243666235	OK	 
REQUEST	90		Get Data	1686243645535	1686243666317	OK	 
REQUEST	73		Get Data	1686243653342	1686243666323	OK	 
REQUEST	78		Get Data	1686243665999	1686243666424	OK	 
REQUEST	53		Get Data	1686243666150	1686243666433	OK	 
REQUEST	6		Get Data	1686243662702	1686243666437	OK	 
REQUEST	8		Get Data	1686243665467	1686243666494	OK	 
REQUEST	28		Get Data	1686243663351	1686243666563	OK	 
REQUEST	71		Get Data	1686243666372	1686243666690	OK	 
REQUEST	44		Get Data	1686243666633	1686243666936	OK	 
REQUEST	27		Get Data	1686243666742	1686243667019	OK	 
REQUEST	97		Get Data	1686243666929	1686243667021	KO	